<?xml version="1.0" encoding="UTF-8"?>
<con:soapui-project activeEnvironment="Default" name="test_aws deploy ctl" resourceRoot="" soapui-version="5.0.0" abortOnError="false" runType="SEQUENTIAL" xmlns:con="http://eviware.com/soapui/config"><con:settings/><con:interface xsi:type="con:WsdlInterface" wsaVersion="NONE" name="AWSMechanicalTurkRequesterSoapBinding" type="wsdl" bindingName="{http://requester.mturk.amazonaws.com/doc/2012-03-25}AWSMechanicalTurkRequesterSoapBinding" soapVersion="1_1" anonymous="optional" definition="http://localhost:8080/test_aws/services/AWSMechanicalTurkRequesterPortType?wsdl" xmlns:xsi="http://www.w3.org/2001/XMLSchema-instance"><con:settings/><con:definitionCache type="TEXT" rootPart="http://localhost:8080/test_aws/services/AWSMechanicalTurkRequesterPortType?wsdl"><con:part><con:url>http://localhost:8080/test_aws/services/AWSMechanicalTurkRequesterPortType?wsdl</con:url><con:content><![CDATA[<wsdl:definitions name="AWSMechanicalTurkRequester" targetNamespace="http://requester.mturk.amazonaws.com/doc/2012-03-25" xmlns:xsd="http://www.w3.org/2001/XMLSchema" xmlns:wsdl="http://schemas.xmlsoap.org/wsdl/" xmlns:tns="http://requester.mturk.amazonaws.com/doc/2012-03-25" xmlns:soap="http://schemas.xmlsoap.org/wsdl/soap/" xmlns:ns1="http://schemas.xmlsoap.org/soap/http">
  <wsdl:types>
    <xs:schema elementFormDefault="qualified" targetNamespace="http://requester.mturk.amazonaws.com/doc/2012-03-25" version="1.0" xmlns:xs="http://www.w3.org/2001/XMLSchema">
      <xs:element name="ApproveAssignment">
        <xs:complexType>
          <xs:sequence>
            <xs:element name="AWSAccessKeyId" type="xs:string"/>
            <xs:element name="Timestamp" type="xs:dateTime"/>
            <xs:element name="Signature" type="xs:string"/>
            <xs:element minOccurs="0" name="Validate" type="xs:string"/>
            <xs:element minOccurs="0" name="Credential" type="xs:string"/>
            <xs:element maxOccurs="unbounded" minOccurs="0" name="Request" type="tns:ApproveAssignmentRequest"/>
          </xs:sequence>
        </xs:complexType>
      </xs:element>
      <xs:element name="ApproveAssignmentResponse">
        <xs:complexType>
          <xs:sequence>
            <xs:element minOccurs="0" ref="tns:OperationRequest"/>
            <xs:element maxOccurs="unbounded" minOccurs="0" name="ApproveAssignmentResult" type="tns:ApproveAssignmentResult"/>
          </xs:sequence>
        </xs:complexType>
      </xs:element>
      <xs:element name="ApproveRejectedAssignment">
        <xs:complexType>
          <xs:sequence>
            <xs:element name="AWSAccessKeyId" type="xs:string"/>
            <xs:element name="Timestamp" type="xs:dateTime"/>
            <xs:element name="Signature" type="xs:string"/>
            <xs:element minOccurs="0" name="Validate" type="xs:string"/>
            <xs:element minOccurs="0" name="Credential" type="xs:string"/>
            <xs:element maxOccurs="unbounded" minOccurs="0" name="Request" type="tns:ApproveRejectedAssignmentRequest"/>
          </xs:sequence>
        </xs:complexType>
      </xs:element>
      <xs:element name="ApproveRejectedAssignmentResponse">
        <xs:complexType>
          <xs:sequence>
            <xs:element minOccurs="0" ref="tns:OperationRequest"/>
            <xs:element maxOccurs="unbounded" minOccurs="0" name="ApproveRejectedAssignmentResult" type="tns:ApproveRejectedAssignmentResult"/>
          </xs:sequence>
        </xs:complexType>
      </xs:element>
      <xs:element name="Arguments">
        <xs:complexType>
          <xs:sequence>
            <xs:element maxOccurs="unbounded" name="Argument">
              <xs:complexType>
                <xs:sequence/>
                <xs:attribute name="Name" type="xs:string" use="required"/>
                <xs:attribute name="Value" type="xs:string" use="required"/>
              </xs:complexType>
            </xs:element>
          </xs:sequence>
        </xs:complexType>
      </xs:element>
      <xs:element name="AssignQualification">
        <xs:complexType>
          <xs:sequence>
            <xs:element name="AWSAccessKeyId" type="xs:string"/>
            <xs:element name="Timestamp" type="xs:dateTime"/>
            <xs:element name="Signature" type="xs:string"/>
            <xs:element minOccurs="0" name="Validate" type="xs:string"/>
            <xs:element minOccurs="0" name="Credential" type="xs:string"/>
            <xs:element maxOccurs="unbounded" minOccurs="0" name="Request" type="tns:AssignQualificationRequest"/>
          </xs:sequence>
        </xs:complexType>
      </xs:element>
      <xs:element name="AssignQualificationResponse">
        <xs:complexType>
          <xs:sequence>
            <xs:element minOccurs="0" ref="tns:OperationRequest"/>
            <xs:element maxOccurs="unbounded" minOccurs="0" name="AssignQualificationResult" type="tns:AssignQualificationResult"/>
          </xs:sequence>
        </xs:complexType>
      </xs:element>
      <xs:element name="BlockWorker">
        <xs:complexType>
          <xs:sequence>
            <xs:element name="AWSAccessKeyId" type="xs:string"/>
            <xs:element name="Timestamp" type="xs:dateTime"/>
            <xs:element name="Signature" type="xs:string"/>
            <xs:element minOccurs="0" name="Validate" type="xs:string"/>
            <xs:element minOccurs="0" name="Credential" type="xs:string"/>
            <xs:element maxOccurs="unbounded" name="Request" type="tns:BlockWorkerRequest"/>
          </xs:sequence>
        </xs:complexType>
      </xs:element>
      <xs:element name="BlockWorkerResponse">
        <xs:complexType>
          <xs:sequence>
            <xs:element minOccurs="0" ref="tns:OperationRequest"/>
            <xs:element maxOccurs="unbounded" minOccurs="0" name="BlockWorkerResult" type="tns:BlockWorkerResult"/>
          </xs:sequence>
        </xs:complexType>
      </xs:element>
      <xs:element name="ChangeHITTypeOfHIT">
        <xs:complexType>
          <xs:sequence>
            <xs:element name="AWSAccessKeyId" type="xs:string"/>
            <xs:element name="Timestamp" type="xs:dateTime"/>
            <xs:element name="Signature" type="xs:string"/>
            <xs:element minOccurs="0" name="Validate" type="xs:string"/>
            <xs:element minOccurs="0" name="Credential" type="xs:string"/>
            <xs:element maxOccurs="unbounded" name="Request" type="tns:ChangeHITTypeOfHITRequest"/>
          </xs:sequence>
        </xs:complexType>
      </xs:element>
      <xs:element name="ChangeHITTypeOfHITResponse">
        <xs:complexType>
          <xs:sequence>
            <xs:element minOccurs="0" ref="tns:OperationRequest"/>
            <xs:element maxOccurs="unbounded" minOccurs="0" name="ChangeHITTypeOfHITResult" type="tns:ChangeHITTypeOfHITResult"/>
          </xs:sequence>
        </xs:complexType>
      </xs:element>
      <xs:element name="CreateHIT">
        <xs:complexType>
          <xs:sequence>
            <xs:element name="AWSAccessKeyId" type="xs:string"/>
            <xs:element name="Timestamp" type="xs:dateTime"/>
            <xs:element name="Signature" type="xs:string"/>
            <xs:element minOccurs="0" name="Validate" type="xs:string"/>
            <xs:element minOccurs="0" name="Credential" type="xs:string"/>
            <xs:element maxOccurs="unbounded" name="Request" type="tns:CreateHITRequest"/>
          </xs:sequence>
        </xs:complexType>
      </xs:element>
      <xs:element name="CreateHITResponse">
        <xs:complexType>
          <xs:sequence>
            <xs:element minOccurs="0" ref="tns:OperationRequest"/>
            <xs:element maxOccurs="unbounded" minOccurs="0" name="HIT" type="tns:HIT"/>
          </xs:sequence>
        </xs:complexType>
      </xs:element>
      <xs:element name="CreateQualificationType">
        <xs:complexType>
          <xs:sequence>
            <xs:element name="AWSAccessKeyId" type="xs:string"/>
            <xs:element name="Timestamp" type="xs:dateTime"/>
            <xs:element name="Signature" type="xs:string"/>
            <xs:element minOccurs="0" name="Validate" type="xs:string"/>
            <xs:element minOccurs="0" name="Credential" type="xs:string"/>
            <xs:element maxOccurs="unbounded" minOccurs="0" name="Request" type="tns:CreateQualificationTypeRequest"/>
          </xs:sequence>
        </xs:complexType>
      </xs:element>
      <xs:element name="CreateQualificationTypeResponse">
        <xs:complexType>
          <xs:sequence>
            <xs:element minOccurs="0" ref="tns:OperationRequest"/>
            <xs:element maxOccurs="unbounded" minOccurs="0" name="QualificationType" type="tns:QualificationType"/>
          </xs:sequence>
        </xs:complexType>
      </xs:element>
      <xs:element name="DisableHIT">
        <xs:complexType>
          <xs:sequence>
            <xs:element name="AWSAccessKeyId" type="xs:string"/>
            <xs:element name="Timestamp" type="xs:dateTime"/>
            <xs:element name="Signature" type="xs:string"/>
            <xs:element minOccurs="0" name="Validate" type="xs:string"/>
            <xs:element minOccurs="0" name="Credential" type="xs:string"/>
            <xs:element maxOccurs="unbounded" minOccurs="0" name="Request" type="tns:DisableHITRequest"/>
          </xs:sequence>
        </xs:complexType>
      </xs:element>
      <xs:element name="DisableHITResponse">
        <xs:complexType>
          <xs:sequence>
            <xs:element minOccurs="0" ref="tns:OperationRequest"/>
            <xs:element maxOccurs="unbounded" minOccurs="0" name="DisableHITResult" type="tns:DisableHITResult"/>
          </xs:sequence>
        </xs:complexType>
      </xs:element>
      <xs:element name="DisposeHIT">
        <xs:complexType>
          <xs:sequence>
            <xs:element name="AWSAccessKeyId" type="xs:string"/>
            <xs:element name="Timestamp" type="xs:dateTime"/>
            <xs:element name="Signature" type="xs:string"/>
            <xs:element minOccurs="0" name="Validate" type="xs:string"/>
            <xs:element minOccurs="0" name="Credential" type="xs:string"/>
            <xs:element maxOccurs="unbounded" minOccurs="0" name="Request" type="tns:DisposeHITRequest"/>
          </xs:sequence>
        </xs:complexType>
      </xs:element>
      <xs:element name="DisposeHITResponse">
        <xs:complexType>
          <xs:sequence>
            <xs:element minOccurs="0" ref="tns:OperationRequest"/>
            <xs:element maxOccurs="unbounded" minOccurs="0" name="DisposeHITResult" type="tns:DisposeHITResult"/>
          </xs:sequence>
        </xs:complexType>
      </xs:element>
      <xs:element name="DisposeQualificationType">
        <xs:complexType>
          <xs:sequence>
            <xs:element name="AWSAccessKeyId" type="xs:string"/>
            <xs:element name="Timestamp" type="xs:dateTime"/>
            <xs:element name="Signature" type="xs:string"/>
            <xs:element minOccurs="0" name="Validate" type="xs:string"/>
            <xs:element minOccurs="0" name="Credential" type="xs:string"/>
            <xs:element maxOccurs="unbounded" minOccurs="0" name="Request" type="tns:DisposeQualificationTypeRequest"/>
          </xs:sequence>
        </xs:complexType>
      </xs:element>
      <xs:element name="DisposeQualificationTypeResponse">
        <xs:complexType>
          <xs:sequence>
            <xs:element minOccurs="0" ref="tns:OperationRequest"/>
            <xs:element maxOccurs="unbounded" minOccurs="0" name="DisposeQualificationTypeResult" type="tns:DisposeQualificationTypeResult"/>
          </xs:sequence>
        </xs:complexType>
      </xs:element>
      <xs:element name="Errors">
        <xs:complexType>
          <xs:sequence>
            <xs:element maxOccurs="unbounded" name="Error">
              <xs:complexType>
                <xs:sequence>
                  <xs:element name="Code" type="xs:string"/>
                  <xs:element name="Message" type="xs:string"/>
                  <xs:element maxOccurs="unbounded" minOccurs="0" name="Data" type="tns:KeyValuePair"/>
                </xs:sequence>
              </xs:complexType>
            </xs:element>
          </xs:sequence>
        </xs:complexType>
      </xs:element>
      <xs:element name="ExtendHIT">
        <xs:complexType>
          <xs:sequence>
            <xs:element name="AWSAccessKeyId" type="xs:string"/>
            <xs:element name="Timestamp" type="xs:dateTime"/>
            <xs:element name="Signature" type="xs:string"/>
            <xs:element minOccurs="0" name="Validate" type="xs:string"/>
            <xs:element minOccurs="0" name="Credential" type="xs:string"/>
            <xs:element maxOccurs="unbounded" name="Request" type="tns:ExtendHITRequest"/>
          </xs:sequence>
        </xs:complexType>
      </xs:element>
      <xs:element name="ExtendHITResponse">
        <xs:complexType>
          <xs:sequence>
            <xs:element minOccurs="0" ref="tns:OperationRequest"/>
            <xs:element maxOccurs="unbounded" minOccurs="0" name="ExtendHITResult" type="tns:ExtendHITResult"/>
          </xs:sequence>
        </xs:complexType>
      </xs:element>
      <xs:element name="ForceExpireHIT">
        <xs:complexType>
          <xs:sequence>
            <xs:element name="AWSAccessKeyId" type="xs:string"/>
            <xs:element name="Timestamp" type="xs:dateTime"/>
            <xs:element name="Signature" type="xs:string"/>
            <xs:element minOccurs="0" name="Validate" type="xs:string"/>
            <xs:element minOccurs="0" name="Credential" type="xs:string"/>
            <xs:element maxOccurs="unbounded" minOccurs="0" name="Request" type="tns:ForceExpireHITRequest"/>
          </xs:sequence>
        </xs:complexType>
      </xs:element>
      <xs:element name="ForceExpireHITResponse">
        <xs:complexType>
          <xs:sequence>
            <xs:element minOccurs="0" ref="tns:OperationRequest"/>
            <xs:element maxOccurs="unbounded" minOccurs="0" name="ForceExpireHITResult" type="tns:ForceExpireHITResult"/>
          </xs:sequence>
        </xs:complexType>
      </xs:element>
      <xs:element name="GetAccountBalance">
        <xs:complexType>
          <xs:sequence>
            <xs:element name="AWSAccessKeyId" type="xs:string"/>
            <xs:element name="Timestamp" type="xs:dateTime"/>
            <xs:element name="Signature" type="xs:string"/>
            <xs:element minOccurs="0" name="Validate" type="xs:string"/>
            <xs:element minOccurs="0" name="Credential" type="xs:string"/>
            <xs:element maxOccurs="unbounded" name="Request" type="tns:GetAccountBalanceRequest"/>
          </xs:sequence>
        </xs:complexType>
      </xs:element>
      <xs:element name="GetAccountBalanceResponse">
        <xs:complexType>
          <xs:sequence>
            <xs:element minOccurs="0" ref="tns:OperationRequest"/>
            <xs:element maxOccurs="unbounded" minOccurs="0" name="GetAccountBalanceResult" type="tns:GetAccountBalanceResult"/>
          </xs:sequence>
        </xs:complexType>
      </xs:element>
      <xs:element name="GetAssignment">
        <xs:complexType>
          <xs:sequence>
            <xs:element name="AWSAccessKeyId" type="xs:string"/>
            <xs:element name="Timestamp" type="xs:dateTime"/>
            <xs:element name="Signature" type="xs:string"/>
            <xs:element minOccurs="0" name="Validate" type="xs:string"/>
            <xs:element minOccurs="0" name="Credential" type="xs:string"/>
            <xs:element maxOccurs="unbounded" minOccurs="0" name="Request" type="tns:GetAssignmentRequest"/>
          </xs:sequence>
        </xs:complexType>
      </xs:element>
      <xs:element name="GetAssignmentResponse">
        <xs:complexType>
          <xs:sequence>
            <xs:element minOccurs="0" ref="tns:OperationRequest"/>
            <xs:element maxOccurs="unbounded" minOccurs="0" name="GetAssignmentResult" type="tns:GetAssignmentResult"/>
          </xs:sequence>
        </xs:complexType>
      </xs:element>
      <xs:element name="GetAssignmentsForHIT">
        <xs:complexType>
          <xs:sequence>
            <xs:element name="AWSAccessKeyId" type="xs:string"/>
            <xs:element name="Timestamp" type="xs:dateTime"/>
            <xs:element name="Signature" type="xs:string"/>
            <xs:element minOccurs="0" name="Validate" type="xs:string"/>
            <xs:element minOccurs="0" name="Credential" type="xs:string"/>
            <xs:element maxOccurs="unbounded" minOccurs="0" name="Request" type="tns:GetAssignmentsForHITRequest"/>
          </xs:sequence>
        </xs:complexType>
      </xs:element>
      <xs:element name="GetAssignmentsForHITResponse">
        <xs:complexType>
          <xs:sequence>
            <xs:element minOccurs="0" ref="tns:OperationRequest"/>
            <xs:element maxOccurs="unbounded" minOccurs="0" name="GetAssignmentsForHITResult" type="tns:GetAssignmentsForHITResult"/>
          </xs:sequence>
        </xs:complexType>
      </xs:element>
      <xs:element name="GetBlockedWorkers">
        <xs:complexType>
          <xs:sequence>
            <xs:element name="AWSAccessKeyId" type="xs:string"/>
            <xs:element name="Timestamp" type="xs:dateTime"/>
            <xs:element name="Signature" type="xs:string"/>
            <xs:element minOccurs="0" name="Validate" type="xs:string"/>
            <xs:element minOccurs="0" name="Credential" type="xs:string"/>
            <xs:element maxOccurs="unbounded" name="Request" type="tns:GetBlockedWorkersRequest"/>
          </xs:sequence>
        </xs:complexType>
      </xs:element>
      <xs:element name="GetBlockedWorkersResponse">
        <xs:complexType>
          <xs:sequence>
            <xs:element minOccurs="0" ref="tns:OperationRequest"/>
            <xs:element maxOccurs="unbounded" minOccurs="0" name="GetBlockedWorkersResult" type="tns:GetBlockedWorkersResult"/>
          </xs:sequence>
        </xs:complexType>
      </xs:element>
      <xs:element name="GetBonusPayments">
        <xs:complexType>
          <xs:sequence>
            <xs:element name="AWSAccessKeyId" type="xs:string"/>
            <xs:element name="Timestamp" type="xs:dateTime"/>
            <xs:element name="Signature" type="xs:string"/>
            <xs:element minOccurs="0" name="Validate" type="xs:string"/>
            <xs:element minOccurs="0" name="Credential" type="xs:string"/>
            <xs:element maxOccurs="unbounded" name="Request" type="tns:GetBonusPaymentsRequest"/>
          </xs:sequence>
        </xs:complexType>
      </xs:element>
      <xs:element name="GetBonusPaymentsResponse">
        <xs:complexType>
          <xs:sequence>
            <xs:element minOccurs="0" ref="tns:OperationRequest"/>
            <xs:element maxOccurs="unbounded" minOccurs="0" name="GetBonusPaymentsResult" type="tns:GetBonusPaymentsResult"/>
          </xs:sequence>
        </xs:complexType>
      </xs:element>
      <xs:element name="GetFileUploadURL">
        <xs:complexType>
          <xs:sequence>
            <xs:element name="AWSAccessKeyId" type="xs:string"/>
            <xs:element name="Timestamp" type="xs:dateTime"/>
            <xs:element name="Signature" type="xs:string"/>
            <xs:element minOccurs="0" name="Validate" type="xs:string"/>
            <xs:element minOccurs="0" name="Credential" type="xs:string"/>
            <xs:element maxOccurs="unbounded" minOccurs="0" name="Request" type="tns:GetFileUploadURLRequest"/>
          </xs:sequence>
        </xs:complexType>
      </xs:element>
      <xs:element name="GetFileUploadURLResponse">
        <xs:complexType>
          <xs:sequence>
            <xs:element minOccurs="0" ref="tns:OperationRequest"/>
            <xs:element maxOccurs="unbounded" minOccurs="0" name="GetFileUploadURLResult" type="tns:GetFileUploadURLResult"/>
          </xs:sequence>
        </xs:complexType>
      </xs:element>
      <xs:element name="GetHIT">
        <xs:complexType>
          <xs:sequence>
            <xs:element name="AWSAccessKeyId" type="xs:string"/>
            <xs:element name="Timestamp" type="xs:dateTime"/>
            <xs:element name="Signature" type="xs:string"/>
            <xs:element minOccurs="0" name="Validate" type="xs:string"/>
            <xs:element minOccurs="0" name="Credential" type="xs:string"/>
            <xs:element maxOccurs="unbounded" minOccurs="0" name="Request" type="tns:GetHITRequest"/>
          </xs:sequence>
        </xs:complexType>
      </xs:element>
      <xs:element name="GetHITResponse">
        <xs:complexType>
          <xs:sequence>
            <xs:element minOccurs="0" ref="tns:OperationRequest"/>
            <xs:element maxOccurs="unbounded" minOccurs="0" name="HIT" type="tns:HIT"/>
          </xs:sequence>
        </xs:complexType>
      </xs:element>
      <xs:element name="GetHITsForQualificationType">
        <xs:complexType>
          <xs:sequence>
            <xs:element name="AWSAccessKeyId" type="xs:string"/>
            <xs:element name="Timestamp" type="xs:dateTime"/>
            <xs:element name="Signature" type="xs:string"/>
            <xs:element minOccurs="0" name="Validate" type="xs:string"/>
            <xs:element minOccurs="0" name="Credential" type="xs:string"/>
            <xs:element maxOccurs="unbounded" minOccurs="0" name="Request" type="tns:GetHITsForQualificationTypeRequest"/>
          </xs:sequence>
        </xs:complexType>
      </xs:element>
      <xs:element name="GetHITsForQualificationTypeResponse">
        <xs:complexType>
          <xs:sequence>
            <xs:element minOccurs="0" ref="tns:OperationRequest"/>
            <xs:element maxOccurs="unbounded" minOccurs="0" name="GetHITsForQualificationTypeResult" type="tns:GetHITsForQualificationTypeResult"/>
          </xs:sequence>
        </xs:complexType>
      </xs:element>
      <xs:element name="GetQualificationRequests">
        <xs:complexType>
          <xs:sequence>
            <xs:element name="AWSAccessKeyId" type="xs:string"/>
            <xs:element name="Timestamp" type="xs:dateTime"/>
            <xs:element name="Signature" type="xs:string"/>
            <xs:element minOccurs="0" name="Validate" type="xs:string"/>
            <xs:element minOccurs="0" name="Credential" type="xs:string"/>
            <xs:element maxOccurs="unbounded" minOccurs="0" name="Request" type="tns:GetQualificationRequestsRequest"/>
          </xs:sequence>
        </xs:complexType>
      </xs:element>
      <xs:element name="GetQualificationRequestsResponse">
        <xs:complexType>
          <xs:sequence>
            <xs:element minOccurs="0" ref="tns:OperationRequest"/>
            <xs:element maxOccurs="unbounded" minOccurs="0" name="GetQualificationRequestsResult" type="tns:GetQualificationRequestsResult"/>
          </xs:sequence>
        </xs:complexType>
      </xs:element>
      <xs:element name="GetQualificationScore">
        <xs:complexType>
          <xs:sequence>
            <xs:element name="AWSAccessKeyId" type="xs:string"/>
            <xs:element name="Timestamp" type="xs:dateTime"/>
            <xs:element name="Signature" type="xs:string"/>
            <xs:element minOccurs="0" name="Validate" type="xs:string"/>
            <xs:element minOccurs="0" name="Credential" type="xs:string"/>
            <xs:element maxOccurs="unbounded" minOccurs="0" name="Request" type="tns:GetQualificationScoreRequest"/>
          </xs:sequence>
        </xs:complexType>
      </xs:element>
      <xs:element name="GetQualificationScoreResponse">
        <xs:complexType>
          <xs:sequence>
            <xs:element minOccurs="0" ref="tns:OperationRequest"/>
            <xs:element maxOccurs="unbounded" minOccurs="0" name="Qualification" type="tns:Qualification"/>
          </xs:sequence>
        </xs:complexType>
      </xs:element>
      <xs:element name="GetQualificationType">
        <xs:complexType>
          <xs:sequence>
            <xs:element name="AWSAccessKeyId" type="xs:string"/>
            <xs:element name="Timestamp" type="xs:dateTime"/>
            <xs:element name="Signature" type="xs:string"/>
            <xs:element minOccurs="0" name="Validate" type="xs:string"/>
            <xs:element minOccurs="0" name="Credential" type="xs:string"/>
            <xs:element maxOccurs="unbounded" minOccurs="0" name="Request" type="tns:GetQualificationTypeRequest"/>
          </xs:sequence>
        </xs:complexType>
      </xs:element>
      <xs:element name="GetQualificationTypeResponse">
        <xs:complexType>
          <xs:sequence>
            <xs:element minOccurs="0" ref="tns:OperationRequest"/>
            <xs:element maxOccurs="unbounded" minOccurs="0" name="QualificationType" type="tns:QualificationType"/>
          </xs:sequence>
        </xs:complexType>
      </xs:element>
      <xs:element name="GetQualificationsForQualificationType">
        <xs:complexType>
          <xs:sequence>
            <xs:element name="AWSAccessKeyId" type="xs:string"/>
            <xs:element name="Timestamp" type="xs:dateTime"/>
            <xs:element name="Signature" type="xs:string"/>
            <xs:element minOccurs="0" name="Validate" type="xs:string"/>
            <xs:element minOccurs="0" name="Credential" type="xs:string"/>
            <xs:element maxOccurs="unbounded" minOccurs="0" name="Request" type="tns:GetQualificationsForQualificationTypeRequest"/>
          </xs:sequence>
        </xs:complexType>
      </xs:element>
      <xs:element name="GetQualificationsForQualificationTypeResponse">
        <xs:complexType>
          <xs:sequence>
            <xs:element minOccurs="0" ref="tns:OperationRequest"/>
            <xs:element maxOccurs="unbounded" minOccurs="0" name="GetQualificationsForQualificationTypeResult" type="tns:GetQualificationsForQualificationTypeResult"/>
          </xs:sequence>
        </xs:complexType>
      </xs:element>
      <xs:element name="GetRequesterStatistic">
        <xs:complexType>
          <xs:sequence>
            <xs:element name="AWSAccessKeyId" type="xs:string"/>
            <xs:element name="Timestamp" type="xs:dateTime"/>
            <xs:element name="Signature" type="xs:string"/>
            <xs:element minOccurs="0" name="Validate" type="xs:string"/>
            <xs:element minOccurs="0" name="Credential" type="xs:string"/>
            <xs:element maxOccurs="unbounded" minOccurs="0" name="Request" type="tns:GetRequesterStatisticRequest"/>
          </xs:sequence>
        </xs:complexType>
      </xs:element>
      <xs:element name="GetRequesterStatisticResponse">
        <xs:complexType>
          <xs:sequence>
            <xs:element minOccurs="0" ref="tns:OperationRequest"/>
            <xs:element maxOccurs="unbounded" minOccurs="0" name="GetStatisticResult" type="tns:GetStatisticResult"/>
          </xs:sequence>
        </xs:complexType>
      </xs:element>
      <xs:element name="GetRequesterWorkerStatistic">
        <xs:complexType>
          <xs:sequence>
            <xs:element name="AWSAccessKeyId" type="xs:string"/>
            <xs:element name="Timestamp" type="xs:dateTime"/>
            <xs:element name="Signature" type="xs:string"/>
            <xs:element minOccurs="0" name="Validate" type="xs:string"/>
            <xs:element minOccurs="0" name="Credential" type="xs:string"/>
            <xs:element maxOccurs="unbounded" minOccurs="0" name="Request" type="tns:GetRequesterWorkerStatisticRequest"/>
          </xs:sequence>
        </xs:complexType>
      </xs:element>
      <xs:element name="GetRequesterWorkerStatisticResponse">
        <xs:complexType>
          <xs:sequence>
            <xs:element minOccurs="0" ref="tns:OperationRequest"/>
            <xs:element maxOccurs="unbounded" minOccurs="0" name="GetStatisticResult" type="tns:GetStatisticResult"/>
          </xs:sequence>
        </xs:complexType>
      </xs:element>
      <xs:element name="GetReviewResultsForHIT">
        <xs:complexType>
          <xs:sequence>
            <xs:element name="AWSAccessKeyId" type="xs:string"/>
            <xs:element name="Timestamp" type="xs:dateTime"/>
            <xs:element name="Signature" type="xs:string"/>
            <xs:element minOccurs="0" name="Validate" type="xs:string"/>
            <xs:element minOccurs="0" name="Credential" type="xs:string"/>
            <xs:element maxOccurs="unbounded" minOccurs="0" name="Request" type="tns:GetReviewResultsForHITRequest"/>
          </xs:sequence>
        </xs:complexType>
      </xs:element>
      <xs:element name="GetReviewResultsForHITResponse">
        <xs:complexType>
          <xs:sequence>
            <xs:element minOccurs="0" ref="tns:OperationRequest"/>
            <xs:element maxOccurs="unbounded" minOccurs="0" name="GetReviewResultsForHITResult" type="tns:GetReviewResultsForHITResult"/>
          </xs:sequence>
        </xs:complexType>
      </xs:element>
      <xs:element name="GetReviewableHITs">
        <xs:complexType>
          <xs:sequence>
            <xs:element name="AWSAccessKeyId" type="xs:string"/>
            <xs:element name="Timestamp" type="xs:dateTime"/>
            <xs:element name="Signature" type="xs:string"/>
            <xs:element minOccurs="0" name="Validate" type="xs:string"/>
            <xs:element minOccurs="0" name="Credential" type="xs:string"/>
            <xs:element maxOccurs="unbounded" minOccurs="0" name="Request" type="tns:GetReviewableHITsRequest"/>
          </xs:sequence>
        </xs:complexType>
      </xs:element>
      <xs:element name="GetReviewableHITsResponse">
        <xs:complexType>
          <xs:sequence>
            <xs:element minOccurs="0" ref="tns:OperationRequest"/>
            <xs:element maxOccurs="unbounded" minOccurs="0" name="GetReviewableHITsResult" type="tns:GetReviewableHITsResult"/>
          </xs:sequence>
        </xs:complexType>
      </xs:element>
      <xs:element name="GrantBonus">
        <xs:complexType>
          <xs:sequence>
            <xs:element name="AWSAccessKeyId" type="xs:string"/>
            <xs:element name="Timestamp" type="xs:dateTime"/>
            <xs:element name="Signature" type="xs:string"/>
            <xs:element minOccurs="0" name="Validate" type="xs:string"/>
            <xs:element minOccurs="0" name="Credential" type="xs:string"/>
            <xs:element maxOccurs="unbounded" name="Request" type="tns:GrantBonusRequest"/>
          </xs:sequence>
        </xs:complexType>
      </xs:element>
      <xs:element name="GrantBonusResponse">
        <xs:complexType>
          <xs:sequence>
            <xs:element minOccurs="0" ref="tns:OperationRequest"/>
            <xs:element maxOccurs="unbounded" minOccurs="0" name="GrantBonusResult" type="tns:GrantBonusResult"/>
          </xs:sequence>
        </xs:complexType>
      </xs:element>
      <xs:element name="GrantQualification">
        <xs:complexType>
          <xs:sequence>
            <xs:element name="AWSAccessKeyId" type="xs:string"/>
            <xs:element name="Timestamp" type="xs:dateTime"/>
            <xs:element name="Signature" type="xs:string"/>
            <xs:element minOccurs="0" name="Validate" type="xs:string"/>
            <xs:element minOccurs="0" name="Credential" type="xs:string"/>
            <xs:element maxOccurs="unbounded" minOccurs="0" name="Request" type="tns:GrantQualificationRequest"/>
          </xs:sequence>
        </xs:complexType>
      </xs:element>
      <xs:element name="GrantQualificationResponse">
        <xs:complexType>
          <xs:sequence>
            <xs:element minOccurs="0" ref="tns:OperationRequest"/>
            <xs:element maxOccurs="unbounded" minOccurs="0" name="GrantQualificationResult" type="tns:GrantQualificationResult"/>
          </xs:sequence>
        </xs:complexType>
      </xs:element>
      <xs:element name="HTTPHeaders">
        <xs:complexType>
          <xs:sequence>
            <xs:element maxOccurs="unbounded" minOccurs="0" name="Header">
              <xs:complexType>
                <xs:sequence/>
                <xs:attribute name="Name" type="xs:string" use="required"/>
                <xs:attribute name="Value" type="xs:string" use="required"/>
              </xs:complexType>
            </xs:element>
          </xs:sequence>
        </xs:complexType>
      </xs:element>
      <xs:element name="Help">
        <xs:complexType>
          <xs:sequence>
            <xs:element minOccurs="0" name="AWSAccessKeyId" type="xs:string"/>
            <xs:element minOccurs="0" name="Timestamp" type="xs:dateTime"/>
            <xs:element minOccurs="0" name="Signature" type="xs:string"/>
            <xs:element minOccurs="0" name="Validate" type="xs:string"/>
            <xs:element maxOccurs="unbounded" minOccurs="0" name="Request" type="tns:HelpRequest"/>
          </xs:sequence>
        </xs:complexType>
      </xs:element>
      <xs:element name="HelpResponse">
        <xs:complexType>
          <xs:sequence>
            <xs:element minOccurs="0" ref="tns:OperationRequest"/>
            <xs:element maxOccurs="unbounded" minOccurs="0" ref="tns:Information"/>
          </xs:sequence>
        </xs:complexType>
      </xs:element>
      <xs:element name="Information">
        <xs:complexType>
          <xs:sequence>
            <xs:element minOccurs="0" ref="tns:Request"/>
            <xs:element maxOccurs="unbounded" minOccurs="0" ref="tns:OperationInformation"/>
            <xs:element maxOccurs="unbounded" minOccurs="0" ref="tns:ResponseGroupInformation"/>
          </xs:sequence>
        </xs:complexType>
      </xs:element>
      <xs:element name="NotifyWorkers">
        <xs:complexType>
          <xs:sequence>
            <xs:element name="AWSAccessKeyId" type="xs:string"/>
            <xs:element name="Timestamp" type="xs:dateTime"/>
            <xs:element name="Signature" type="xs:string"/>
            <xs:element minOccurs="0" name="Validate" type="xs:string"/>
            <xs:element minOccurs="0" name="Credential" type="xs:string"/>
            <xs:element maxOccurs="unbounded" name="Request" type="tns:NotifyWorkersRequest"/>
          </xs:sequence>
        </xs:complexType>
      </xs:element>
      <xs:element name="NotifyWorkersResponse">
        <xs:complexType>
          <xs:sequence>
            <xs:element minOccurs="0" ref="tns:OperationRequest"/>
            <xs:element maxOccurs="unbounded" minOccurs="0" name="NotifyWorkersResult" type="tns:NotifyWorkersResult"/>
          </xs:sequence>
        </xs:complexType>
      </xs:element>
      <xs:element name="OperationInformation">
        <xs:complexType>
          <xs:sequence>
            <xs:element minOccurs="0" name="Name" type="xs:string"/>
            <xs:element minOccurs="0" name="Description" type="xs:string"/>
            <xs:element minOccurs="0" name="RequiredParameters">
              <xs:complexType>
                <xs:sequence>
                  <xs:element maxOccurs="unbounded" name="Parameter" type="xs:string"/>
                </xs:sequence>
              </xs:complexType>
            </xs:element>
            <xs:element minOccurs="0" name="AvailableParameters">
              <xs:complexType>
                <xs:sequence>
                  <xs:element maxOccurs="unbounded" name="Parameter" type="xs:string"/>
                </xs:sequence>
              </xs:complexType>
            </xs:element>
            <xs:element minOccurs="0" name="DefaultResponseGroups">
              <xs:complexType>
                <xs:sequence>
                  <xs:element maxOccurs="unbounded" name="ResponseGroup" type="xs:string"/>
                </xs:sequence>
              </xs:complexType>
            </xs:element>
            <xs:element minOccurs="0" name="AvailableResponseGroups">
              <xs:complexType>
                <xs:sequence>
                  <xs:element maxOccurs="unbounded" name="ResponseGroup" type="xs:string"/>
                </xs:sequence>
              </xs:complexType>
            </xs:element>
          </xs:sequence>
        </xs:complexType>
      </xs:element>
      <xs:element name="OperationRequest">
        <xs:complexType>
          <xs:sequence>
            <xs:element minOccurs="0" ref="tns:HTTPHeaders"/>
            <xs:element minOccurs="0" name="RequestId" type="xs:string"/>
            <xs:element minOccurs="0" ref="tns:Arguments"/>
            <xs:element minOccurs="0" ref="tns:Errors"/>
          </xs:sequence>
        </xs:complexType>
      </xs:element>
      <xs:element name="RegisterHITType">
        <xs:complexType>
          <xs:sequence>
            <xs:element name="AWSAccessKeyId" type="xs:string"/>
            <xs:element name="Timestamp" type="xs:dateTime"/>
            <xs:element name="Signature" type="xs:string"/>
            <xs:element minOccurs="0" name="Validate" type="xs:string"/>
            <xs:element minOccurs="0" name="Credential" type="xs:string"/>
            <xs:element maxOccurs="unbounded" name="Request" type="tns:RegisterHITTypeRequest"/>
          </xs:sequence>
        </xs:complexType>
      </xs:element>
      <xs:element name="RegisterHITTypeResponse">
        <xs:complexType>
          <xs:sequence>
            <xs:element minOccurs="0" ref="tns:OperationRequest"/>
            <xs:element maxOccurs="unbounded" minOccurs="0" name="RegisterHITTypeResult" type="tns:RegisterHITTypeResult"/>
          </xs:sequence>
        </xs:complexType>
      </xs:element>
      <xs:element name="RejectAssignment">
        <xs:complexType>
          <xs:sequence>
            <xs:element name="AWSAccessKeyId" type="xs:string"/>
            <xs:element name="Timestamp" type="xs:dateTime"/>
            <xs:element name="Signature" type="xs:string"/>
            <xs:element minOccurs="0" name="Validate" type="xs:string"/>
            <xs:element minOccurs="0" name="Credential" type="xs:string"/>
            <xs:element maxOccurs="unbounded" minOccurs="0" name="Request" type="tns:RejectAssignmentRequest"/>
          </xs:sequence>
        </xs:complexType>
      </xs:element>
      <xs:element name="RejectAssignmentResponse">
        <xs:complexType>
          <xs:sequence>
            <xs:element minOccurs="0" ref="tns:OperationRequest"/>
            <xs:element maxOccurs="unbounded" minOccurs="0" name="RejectAssignmentResult" type="tns:RejectAssignmentResult"/>
          </xs:sequence>
        </xs:complexType>
      </xs:element>
      <xs:element name="RejectQualificationRequest">
        <xs:complexType>
          <xs:sequence>
            <xs:element name="AWSAccessKeyId" type="xs:string"/>
            <xs:element name="Timestamp" type="xs:dateTime"/>
            <xs:element name="Signature" type="xs:string"/>
            <xs:element minOccurs="0" name="Validate" type="xs:string"/>
            <xs:element minOccurs="0" name="Credential" type="xs:string"/>
            <xs:element maxOccurs="unbounded" minOccurs="0" name="Request" type="tns:RejectQualificationRequestRequest"/>
          </xs:sequence>
        </xs:complexType>
      </xs:element>
      <xs:element name="RejectQualificationRequestResponse">
        <xs:complexType>
          <xs:sequence>
            <xs:element minOccurs="0" ref="tns:OperationRequest"/>
            <xs:element maxOccurs="unbounded" minOccurs="0" name="RejectQualificationRequestResult" type="tns:RejectQualificationRequestResult"/>
          </xs:sequence>
        </xs:complexType>
      </xs:element>
      <xs:element name="Request">
        <xs:complexType>
          <xs:sequence>
            <xs:element minOccurs="0" name="IsValid" type="xs:string"/>
            <xs:element minOccurs="0" name="CreateHITRequest" type="tns:CreateHITRequest"/>
            <xs:element minOccurs="0" name="RegisterHITTypeRequest" type="tns:RegisterHITTypeRequest"/>
            <xs:element minOccurs="0" name="DisposeHITRequest" type="tns:DisposeHITRequest"/>
            <xs:element minOccurs="0" name="DisableHITRequest" type="tns:DisableHITRequest"/>
            <xs:element minOccurs="0" name="GetHITRequest" type="tns:GetHITRequest"/>
            <xs:element minOccurs="0" name="GetAssignmentRequest" type="tns:GetAssignmentRequest"/>
            <xs:element minOccurs="0" name="GetReviewResultsForHITRequest" type="tns:GetReviewResultsForHITRequest"/>
            <xs:element minOccurs="0" name="GetReviewableHITsRequest" type="tns:GetReviewableHITsRequest"/>
            <xs:element minOccurs="0" name="GetHITsForQualificationTypeRequest" type="tns:GetHITsForQualificationTypeRequest"/>
            <xs:element minOccurs="0" name="GetQualificationsForQualificationTypeRequest" type="tns:GetQualificationsForQualificationTypeRequest"/>
            <xs:element minOccurs="0" name="SetHITAsReviewingRequest" type="tns:SetHITAsReviewingRequest"/>
            <xs:element minOccurs="0" name="SearchHITsRequest" type="tns:SearchHITsRequest"/>
            <xs:element minOccurs="0" name="ExtendHITRequest" type="tns:ExtendHITRequest"/>
            <xs:element minOccurs="0" name="ForceExpireHITRequest" type="tns:ForceExpireHITRequest"/>
            <xs:element minOccurs="0" name="ChangeHITTypeOfHITRequest" type="tns:ChangeHITTypeOfHITRequest"/>
            <xs:element minOccurs="0" name="CreateQualificationTypeRequest" type="tns:CreateQualificationTypeRequest"/>
            <xs:element minOccurs="0" name="DisposeQualificationTypeRequest" type="tns:DisposeQualificationTypeRequest"/>
            <xs:element minOccurs="0" name="GrantQualificationRequest" type="tns:GrantQualificationRequest"/>
            <xs:element minOccurs="0" name="AssignQualificationRequest" type="tns:AssignQualificationRequest"/>
            <xs:element minOccurs="0" name="RevokeQualificationRequest" type="tns:RevokeQualificationRequest"/>
            <xs:element minOccurs="0" name="GetQualificationRequestsRequest" type="tns:GetQualificationRequestsRequest"/>
            <xs:element minOccurs="0" name="RejectQualificationRequestRequest" type="tns:RejectQualificationRequestRequest"/>
            <xs:element minOccurs="0" name="GetQualificationTypeRequest" type="tns:GetQualificationTypeRequest"/>
            <xs:element minOccurs="0" name="SearchQualificationTypesRequest" type="tns:SearchQualificationTypesRequest"/>
            <xs:element minOccurs="0" name="UpdateQualificationTypeRequest" type="tns:UpdateQualificationTypeRequest"/>
            <xs:element minOccurs="0" name="ApproveAssignmentRequest" type="tns:ApproveAssignmentRequest"/>
            <xs:element minOccurs="0" name="RejectAssignmentRequest" type="tns:RejectAssignmentRequest"/>
            <xs:element minOccurs="0" name="ApproveRejectedAssignmentRequest" type="tns:ApproveRejectedAssignmentRequest"/>
            <xs:element minOccurs="0" name="GetAssignmentsForHIT" type="tns:GetAssignmentsForHITRequest"/>
            <xs:element minOccurs="0" name="GetFileUploadURL" type="tns:GetFileUploadURLRequest"/>
            <xs:element minOccurs="0" name="GrantBonusRequest" type="tns:GrantBonusRequest"/>
            <xs:element minOccurs="0" name="GetBonusPaymentsRequest" type="tns:GetBonusPaymentsRequest"/>
            <xs:element minOccurs="0" name="GetAccountBalanceRequest" type="tns:GetAccountBalanceRequest"/>
            <xs:element minOccurs="0" name="NotifyWorkersRequest" type="tns:NotifyWorkersRequest"/>
            <xs:element minOccurs="0" name="GetBlockedWorkersRequest" type="tns:GetBlockedWorkersRequest"/>
            <xs:element minOccurs="0" name="BlockWorkerRequest" type="tns:BlockWorkerRequest"/>
            <xs:element minOccurs="0" name="UnblockWorkerRequest" type="tns:UnblockWorkerRequest"/>
            <xs:element minOccurs="0" name="GetRequesterStatistic" type="tns:GetRequesterStatisticRequest"/>
            <xs:element minOccurs="0" name="GetRequesterWorkerStatistic" type="tns:GetRequesterWorkerStatisticRequest"/>
            <xs:element minOccurs="0" name="HelpRequest" type="tns:HelpRequest"/>
            <xs:element minOccurs="0" ref="tns:Errors"/>
          </xs:sequence>
        </xs:complexType>
      </xs:element>
      <xs:element name="ResponseGroupInformation">
        <xs:complexType>
          <xs:sequence>
            <xs:element minOccurs="0" name="Name" type="xs:string"/>
            <xs:element minOccurs="0" name="CreationDate" type="xs:string"/>
            <xs:element minOccurs="0" name="ValidOperations">
              <xs:complexType>
                <xs:sequence>
                  <xs:element maxOccurs="unbounded" name="Operation" type="xs:string"/>
                </xs:sequence>
              </xs:complexType>
            </xs:element>
            <xs:element minOccurs="0" name="Elements">
              <xs:complexType>
                <xs:sequence>
                  <xs:element maxOccurs="unbounded" name="Element" type="xs:string"/>
                </xs:sequence>
              </xs:complexType>
            </xs:element>
          </xs:sequence>
        </xs:complexType>
      </xs:element>
      <xs:element name="RevokeQualification">
        <xs:complexType>
          <xs:sequence>
            <xs:element name="AWSAccessKeyId" type="xs:string"/>
            <xs:element name="Timestamp" type="xs:dateTime"/>
            <xs:element name="Signature" type="xs:string"/>
            <xs:element minOccurs="0" name="Validate" type="xs:string"/>
            <xs:element minOccurs="0" name="Credential" type="xs:string"/>
            <xs:element maxOccurs="unbounded" minOccurs="0" name="Request" type="tns:RevokeQualificationRequest"/>
          </xs:sequence>
        </xs:complexType>
      </xs:element>
      <xs:element name="RevokeQualificationResponse">
        <xs:complexType>
          <xs:sequence>
            <xs:element minOccurs="0" ref="tns:OperationRequest"/>
            <xs:element maxOccurs="unbounded" minOccurs="0" name="RevokeQualificationResult" type="tns:RevokeQualificationResult"/>
          </xs:sequence>
        </xs:complexType>
      </xs:element>
      <xs:element name="SearchHITs">
        <xs:complexType>
          <xs:sequence>
            <xs:element name="AWSAccessKeyId" type="xs:string"/>
            <xs:element name="Timestamp" type="xs:dateTime"/>
            <xs:element name="Signature" type="xs:string"/>
            <xs:element minOccurs="0" name="Validate" type="xs:string"/>
            <xs:element minOccurs="0" name="Credential" type="xs:string"/>
            <xs:element maxOccurs="unbounded" minOccurs="0" name="Request" type="tns:SearchHITsRequest"/>
          </xs:sequence>
        </xs:complexType>
      </xs:element>
      <xs:element name="SearchHITsResponse">
        <xs:complexType>
          <xs:sequence>
            <xs:element minOccurs="0" ref="tns:OperationRequest"/>
            <xs:element maxOccurs="unbounded" minOccurs="0" name="SearchHITsResult" type="tns:SearchHITsResult"/>
          </xs:sequence>
        </xs:complexType>
      </xs:element>
      <xs:element name="SearchQualificationTypes">
        <xs:complexType>
          <xs:sequence>
            <xs:element name="AWSAccessKeyId" type="xs:string"/>
            <xs:element name="Timestamp" type="xs:dateTime"/>
            <xs:element name="Signature" type="xs:string"/>
            <xs:element minOccurs="0" name="Validate" type="xs:string"/>
            <xs:element minOccurs="0" name="Credential" type="xs:string"/>
            <xs:element maxOccurs="unbounded" minOccurs="0" name="Request" type="tns:SearchQualificationTypesRequest"/>
          </xs:sequence>
        </xs:complexType>
      </xs:element>
      <xs:element name="SearchQualificationTypesResponse">
        <xs:complexType>
          <xs:sequence>
            <xs:element minOccurs="0" ref="tns:OperationRequest"/>
            <xs:element maxOccurs="unbounded" minOccurs="0" name="SearchQualificationTypesResult" type="tns:SearchQualificationTypesResult"/>
          </xs:sequence>
        </xs:complexType>
      </xs:element>
      <xs:element name="SendTestEventNotification">
        <xs:complexType>
          <xs:sequence>
            <xs:element name="AWSAccessKeyId" type="xs:string"/>
            <xs:element name="Timestamp" type="xs:dateTime"/>
            <xs:element name="Signature" type="xs:string"/>
            <xs:element minOccurs="0" name="Validate" type="xs:string"/>
            <xs:element minOccurs="0" name="Credential" type="xs:string"/>
            <xs:element maxOccurs="unbounded" name="Request" type="tns:SendTestEventNotificationRequest"/>
          </xs:sequence>
        </xs:complexType>
      </xs:element>
      <xs:element name="SendTestEventNotificationResponse">
        <xs:complexType>
          <xs:sequence>
            <xs:element minOccurs="0" ref="tns:OperationRequest"/>
            <xs:element maxOccurs="unbounded" minOccurs="0" name="SendTestEventNotificationResult" type="tns:SendTestEventNotificationResult"/>
          </xs:sequence>
        </xs:complexType>
      </xs:element>
      <xs:element name="SetHITAsReviewing">
        <xs:complexType>
          <xs:sequence>
            <xs:element name="AWSAccessKeyId" type="xs:string"/>
            <xs:element name="Timestamp" type="xs:dateTime"/>
            <xs:element name="Signature" type="xs:string"/>
            <xs:element minOccurs="0" name="Validate" type="xs:string"/>
            <xs:element minOccurs="0" name="Credential" type="xs:string"/>
            <xs:element maxOccurs="unbounded" minOccurs="0" name="Request" type="tns:SetHITAsReviewingRequest"/>
          </xs:sequence>
        </xs:complexType>
      </xs:element>
      <xs:element name="SetHITAsReviewingResponse">
        <xs:complexType>
          <xs:sequence>
            <xs:element minOccurs="0" ref="tns:OperationRequest"/>
            <xs:element maxOccurs="unbounded" minOccurs="0" name="SetHITAsReviewingResult" type="tns:SetHITAsReviewingResult"/>
          </xs:sequence>
        </xs:complexType>
      </xs:element>
      <xs:element name="SetHITTypeNotification">
        <xs:complexType>
          <xs:sequence>
            <xs:element name="AWSAccessKeyId" type="xs:string"/>
            <xs:element name="Timestamp" type="xs:dateTime"/>
            <xs:element name="Signature" type="xs:string"/>
            <xs:element minOccurs="0" name="Validate" type="xs:string"/>
            <xs:element minOccurs="0" name="Credential" type="xs:string"/>
            <xs:element maxOccurs="unbounded" name="Request" type="tns:SetHITTypeNotificationRequest"/>
          </xs:sequence>
        </xs:complexType>
      </xs:element>
      <xs:element name="SetHITTypeNotificationResponse">
        <xs:complexType>
          <xs:sequence>
            <xs:element minOccurs="0" ref="tns:OperationRequest"/>
            <xs:element maxOccurs="unbounded" minOccurs="0" name="SetHITTypeNotificationResult" type="tns:SetHITTypeNotificationResult"/>
          </xs:sequence>
        </xs:complexType>
      </xs:element>
      <xs:element name="UnblockWorker">
        <xs:complexType>
          <xs:sequence>
            <xs:element name="AWSAccessKeyId" type="xs:string"/>
            <xs:element name="Timestamp" type="xs:dateTime"/>
            <xs:element name="Signature" type="xs:string"/>
            <xs:element minOccurs="0" name="Validate" type="xs:string"/>
            <xs:element minOccurs="0" name="Credential" type="xs:string"/>
            <xs:element maxOccurs="unbounded" name="Request" type="tns:UnblockWorkerRequest"/>
          </xs:sequence>
        </xs:complexType>
      </xs:element>
      <xs:element name="UnblockWorkerResponse">
        <xs:complexType>
          <xs:sequence>
            <xs:element minOccurs="0" ref="tns:OperationRequest"/>
            <xs:element maxOccurs="unbounded" minOccurs="0" name="UnblockWorkerResult" type="tns:UnblockWorkerResult"/>
          </xs:sequence>
        </xs:complexType>
      </xs:element>
      <xs:element name="UpdateQualificationScore">
        <xs:complexType>
          <xs:sequence>
            <xs:element name="AWSAccessKeyId" type="xs:string"/>
            <xs:element name="Timestamp" type="xs:dateTime"/>
            <xs:element name="Signature" type="xs:string"/>
            <xs:element minOccurs="0" name="Validate" type="xs:string"/>
            <xs:element minOccurs="0" name="Credential" type="xs:string"/>
            <xs:element maxOccurs="unbounded" minOccurs="0" name="Request" type="tns:UpdateQualificationScoreRequest"/>
          </xs:sequence>
        </xs:complexType>
      </xs:element>
      <xs:element name="UpdateQualificationScoreResponse">
        <xs:complexType>
          <xs:sequence>
            <xs:element minOccurs="0" ref="tns:OperationRequest"/>
            <xs:element maxOccurs="unbounded" minOccurs="0" name="UpdateQualificationScoreResult" type="tns:UpdateQualificationScoreResult"/>
          </xs:sequence>
        </xs:complexType>
      </xs:element>
      <xs:element name="UpdateQualificationType">
        <xs:complexType>
          <xs:sequence>
            <xs:element name="AWSAccessKeyId" type="xs:string"/>
            <xs:element name="Timestamp" type="xs:dateTime"/>
            <xs:element name="Signature" type="xs:string"/>
            <xs:element minOccurs="0" name="Validate" type="xs:string"/>
            <xs:element minOccurs="0" name="Credential" type="xs:string"/>
            <xs:element maxOccurs="unbounded" minOccurs="0" name="Request" type="tns:UpdateQualificationTypeRequest"/>
          </xs:sequence>
        </xs:complexType>
      </xs:element>
      <xs:element name="UpdateQualificationTypeResponse">
        <xs:complexType>
          <xs:sequence>
            <xs:element minOccurs="0" ref="tns:OperationRequest"/>
            <xs:element maxOccurs="unbounded" minOccurs="0" name="QualificationType" type="tns:QualificationType"/>
          </xs:sequence>
        </xs:complexType>
      </xs:element>
      <xs:complexType name="NotifyWorkersRequest">
        <xs:sequence>
          <xs:element minOccurs="0" name="Subject" type="xs:string"/>
          <xs:element name="MessageText" type="xs:string"/>
          <xs:element maxOccurs="unbounded" name="WorkerId" type="xs:string"/>
          <xs:element maxOccurs="unbounded" minOccurs="0" name="ResponseGroup" type="xs:string"/>
        </xs:sequence>
      </xs:complexType>
      <xs:complexType name="KeyValuePair">
        <xs:sequence>
          <xs:element name="Key" type="xs:string"/>
          <xs:element name="Value" type="xs:string"/>
        </xs:sequence>
      </xs:complexType>
      <xs:complexType name="NotifyWorkersResult">
        <xs:sequence>
          <xs:element minOccurs="0" ref="tns:Request"/>
          <xs:element maxOccurs="unbounded" minOccurs="0" name="NotifyWorkersFailureStatus" type="tns:NotifyWorkersFailureStatus"/>
        </xs:sequence>
      </xs:complexType>
      <xs:complexType name="CreateHITRequest">
        <xs:sequence>
          <xs:element minOccurs="0" name="HITTypeId" type="xs:string"/>
          <xs:element minOccurs="0" name="MaxAssignments" type="xs:int"/>
          <xs:element minOccurs="0" name="AutoApprovalDelayInSeconds" type="xs:long"/>
          <xs:element name="LifetimeInSeconds" type="xs:long"/>
          <xs:element minOccurs="0" name="AssignmentDurationInSeconds" type="xs:long"/>
          <xs:element minOccurs="0" name="Reward" type="tns:Price"/>
          <xs:element minOccurs="0" name="Title" type="xs:string"/>
          <xs:element minOccurs="0" name="Keywords" type="xs:string"/>
          <xs:element minOccurs="0" name="Description" type="xs:string"/>
          <xs:element minOccurs="0" name="Question" type="xs:string"/>
          <xs:element minOccurs="0" name="RequesterAnnotation" type="xs:string"/>
          <xs:element maxOccurs="unbounded" minOccurs="0" name="QualificationRequirement" type="tns:QualificationRequirement"/>
          <xs:element minOccurs="0" name="UniqueRequestToken" type="xs:string"/>
          <xs:element minOccurs="0" name="AssignmentReviewPolicy" type="tns:ReviewPolicy"/>
          <xs:element minOccurs="0" name="HITReviewPolicy" type="tns:ReviewPolicy"/>
          <xs:element minOccurs="0" name="HITLayoutId" type="xs:string"/>
          <xs:element maxOccurs="unbounded" minOccurs="0" name="HITLayoutParameter" type="tns:HITLayoutParameter"/>
          <xs:element maxOccurs="unbounded" minOccurs="0" name="ResponseGroup" type="xs:string"/>
        </xs:sequence>
      </xs:complexType>
      <xs:complexType name="Price">
        <xs:sequence>
          <xs:element name="Amount" type="xs:decimal"/>
          <xs:element name="CurrencyCode" type="xs:string"/>
          <xs:element minOccurs="0" name="FormattedPrice" type="xs:string"/>
        </xs:sequence>
      </xs:complexType>
      <xs:complexType name="QualificationRequirement">
        <xs:sequence>
          <xs:element name="QualificationTypeId" type="xs:string"/>
          <xs:element name="Comparator" type="tns:Comparator"/>
          <xs:element minOccurs="0" name="IntegerValue" type="xs:int"/>
          <xs:element minOccurs="0" name="LocaleValue" type="tns:Locale"/>
          <xs:element minOccurs="0" name="RequiredToPreview" type="xs:boolean"/>
        </xs:sequence>
      </xs:complexType>
      <xs:complexType name="Locale">
        <xs:sequence>
          <xs:element minOccurs="0" name="Country" type="xs:string"/>
        </xs:sequence>
      </xs:complexType>
      <xs:complexType name="ReviewPolicy">
        <xs:sequence>
          <xs:element name="PolicyName" type="xs:string"/>
          <xs:element maxOccurs="unbounded" minOccurs="0" name="Parameter" type="tns:PolicyParameter"/>
        </xs:sequence>
      </xs:complexType>
      <xs:complexType name="PolicyParameter">
        <xs:sequence>
          <xs:element name="Key" type="xs:string"/>
          <xs:element maxOccurs="unbounded" minOccurs="0" name="Value" type="xs:string"/>
          <xs:element maxOccurs="unbounded" minOccurs="0" name="MapEntry" type="tns:ParameterMapEntry"/>
        </xs:sequence>
      </xs:complexType>
      <xs:complexType name="ParameterMapEntry">
        <xs:sequence>
          <xs:element name="Key" type="xs:string"/>
          <xs:element maxOccurs="unbounded" minOccurs="0" name="Value" type="xs:string"/>
        </xs:sequence>
      </xs:complexType>
      <xs:complexType name="HITLayoutParameter">
        <xs:sequence>
          <xs:element name="Name" type="xs:string"/>
          <xs:element name="Value" type="xs:string"/>
        </xs:sequence>
      </xs:complexType>
      <xs:complexType name="RegisterHITTypeRequest">
        <xs:sequence>
          <xs:element minOccurs="0" name="AutoApprovalDelayInSeconds" type="xs:long"/>
          <xs:element name="AssignmentDurationInSeconds" type="xs:long"/>
          <xs:element name="Reward" type="tns:Price"/>
          <xs:element name="Title" type="xs:string"/>
          <xs:element minOccurs="0" name="Keywords" type="xs:string"/>
          <xs:element name="Description" type="xs:string"/>
          <xs:element maxOccurs="unbounded" minOccurs="0" name="QualificationRequirement" type="tns:QualificationRequirement"/>
          <xs:element maxOccurs="unbounded" minOccurs="0" name="ResponseGroup" type="xs:string"/>
        </xs:sequence>
      </xs:complexType>
      <xs:complexType name="DisposeHITRequest">
        <xs:sequence>
          <xs:element name="HITId" type="xs:string"/>
          <xs:element maxOccurs="unbounded" minOccurs="0" name="ResponseGroup" type="xs:string"/>
        </xs:sequence>
      </xs:complexType>
      <xs:complexType name="DisableHITRequest">
        <xs:sequence>
          <xs:element name="HITId" type="xs:string"/>
          <xs:element maxOccurs="unbounded" minOccurs="0" name="ResponseGroup" type="xs:string"/>
        </xs:sequence>
      </xs:complexType>
      <xs:complexType name="GetHITRequest">
        <xs:sequence>
          <xs:element name="HITId" type="xs:string"/>
          <xs:element maxOccurs="unbounded" minOccurs="0" name="ResponseGroup" type="xs:string"/>
        </xs:sequence>
      </xs:complexType>
      <xs:complexType name="GetAssignmentRequest">
        <xs:sequence>
          <xs:element name="AssignmentId" type="xs:string"/>
          <xs:element maxOccurs="unbounded" minOccurs="0" name="ResponseGroup" type="xs:string"/>
        </xs:sequence>
      </xs:complexType>
      <xs:complexType name="GetReviewResultsForHITRequest">
        <xs:sequence>
          <xs:element name="HITId" type="xs:string"/>
          <xs:element maxOccurs="unbounded" minOccurs="0" name="PolicyLevel" type="tns:ReviewPolicyLevel"/>
          <xs:element minOccurs="0" name="RetrieveActions" type="xs:boolean"/>
          <xs:element minOccurs="0" name="RetrieveResults" type="xs:boolean"/>
          <xs:element minOccurs="0" name="PageNumber" type="xs:int"/>
          <xs:element minOccurs="0" name="PageSize" type="xs:int"/>
          <xs:element maxOccurs="unbounded" minOccurs="0" name="ResponseGroup" type="xs:string"/>
        </xs:sequence>
      </xs:complexType>
      <xs:complexType name="GetReviewableHITsRequest">
        <xs:sequence>
          <xs:element minOccurs="0" name="HITTypeId" type="xs:string"/>
          <xs:element minOccurs="0" name="Status" type="tns:ReviewableHITStatus"/>
          <xs:element minOccurs="0" name="SortDirection" type="tns:SortDirection"/>
          <xs:element minOccurs="0" name="SortProperty" type="tns:GetReviewableHITsSortProperty"/>
          <xs:element minOccurs="0" name="PageNumber" type="xs:int"/>
          <xs:element minOccurs="0" name="PageSize" type="xs:int"/>
          <xs:element maxOccurs="unbounded" minOccurs="0" name="ResponseGroup" type="xs:string"/>
        </xs:sequence>
      </xs:complexType>
      <xs:complexType name="GetHITsForQualificationTypeRequest">
        <xs:sequence>
          <xs:element name="QualificationTypeId" type="xs:string"/>
          <xs:element minOccurs="0" name="PageNumber" type="xs:int"/>
          <xs:element minOccurs="0" name="PageSize" type="xs:int"/>
          <xs:element maxOccurs="unbounded" minOccurs="0" name="ResponseGroup" type="xs:string"/>
        </xs:sequence>
      </xs:complexType>
      <xs:complexType name="GetQualificationsForQualificationTypeRequest">
        <xs:sequence>
          <xs:element name="QualificationTypeId" type="xs:string"/>
          <xs:element minOccurs="0" name="Status" type="tns:QualificationStatus"/>
          <xs:element minOccurs="0" name="PageNumber" type="xs:int"/>
          <xs:element minOccurs="0" name="PageSize" type="xs:int"/>
          <xs:element maxOccurs="unbounded" minOccurs="0" name="ResponseGroup" type="xs:string"/>
        </xs:sequence>
      </xs:complexType>
      <xs:complexType name="SetHITAsReviewingRequest">
        <xs:sequence>
          <xs:element name="HITId" type="xs:string"/>
          <xs:element minOccurs="0" name="Revert" type="xs:boolean"/>
          <xs:element maxOccurs="unbounded" minOccurs="0" name="ResponseGroup" type="xs:string"/>
        </xs:sequence>
      </xs:complexType>
      <xs:complexType name="SearchHITsRequest">
        <xs:sequence>
          <xs:element minOccurs="0" name="SortDirection" type="tns:SortDirection"/>
          <xs:element minOccurs="0" name="SortProperty" type="tns:SearchHITsSortProperty"/>
          <xs:element minOccurs="0" name="PageNumber" type="xs:int"/>
          <xs:element minOccurs="0" name="PageSize" type="xs:int"/>
          <xs:element maxOccurs="unbounded" minOccurs="0" name="ResponseGroup" type="xs:string"/>
        </xs:sequence>
      </xs:complexType>
      <xs:complexType name="ExtendHITRequest">
        <xs:sequence>
          <xs:element name="HITId" type="xs:string"/>
          <xs:element minOccurs="0" name="MaxAssignmentsIncrement" type="xs:int"/>
          <xs:element minOccurs="0" name="ExpirationIncrementInSeconds" type="xs:long"/>
          <xs:element minOccurs="0" name="UniqueRequestToken" type="xs:string"/>
          <xs:element maxOccurs="unbounded" minOccurs="0" name="ResponseGroup" type="xs:string"/>
        </xs:sequence>
      </xs:complexType>
      <xs:complexType name="ForceExpireHITRequest">
        <xs:sequence>
          <xs:element name="HITId" type="xs:string"/>
          <xs:element maxOccurs="unbounded" minOccurs="0" name="ResponseGroup" type="xs:string"/>
        </xs:sequence>
      </xs:complexType>
      <xs:complexType name="ChangeHITTypeOfHITRequest">
        <xs:sequence>
          <xs:element name="HITId" type="xs:string"/>
          <xs:element name="HITTypeId" type="xs:string"/>
          <xs:element maxOccurs="unbounded" minOccurs="0" name="ResponseGroup" type="xs:string"/>
        </xs:sequence>
      </xs:complexType>
      <xs:complexType name="CreateQualificationTypeRequest">
        <xs:sequence>
          <xs:element name="Name" type="xs:string"/>
          <xs:element minOccurs="0" name="Keywords" type="xs:string"/>
          <xs:element minOccurs="0" name="Description" type="xs:string"/>
          <xs:element minOccurs="0" name="QualificationTypeStatus" type="tns:QualificationTypeStatus"/>
          <xs:element minOccurs="0" name="RetryDelayInSeconds" type="xs:long"/>
          <xs:element minOccurs="0" name="Test" type="xs:string"/>
          <xs:element minOccurs="0" name="AnswerKey" type="xs:string"/>
          <xs:element minOccurs="0" name="TestDurationInSeconds" type="xs:long"/>
          <xs:element minOccurs="0" name="AutoGranted" type="xs:boolean"/>
          <xs:element minOccurs="0" name="AutoGrantedValue" type="xs:int"/>
          <xs:element maxOccurs="unbounded" minOccurs="0" name="ResponseGroup" type="xs:string"/>
        </xs:sequence>
      </xs:complexType>
      <xs:complexType name="DisposeQualificationTypeRequest">
        <xs:sequence>
          <xs:element minOccurs="0" name="QualificationTypeId" type="xs:string"/>
        </xs:sequence>
      </xs:complexType>
      <xs:complexType name="GrantQualificationRequest">
        <xs:sequence>
          <xs:element name="QualificationRequestId" type="xs:string"/>
          <xs:element minOccurs="0" name="IntegerValue" type="xs:int"/>
          <xs:element maxOccurs="unbounded" minOccurs="0" name="ResponseGroup" type="xs:string"/>
        </xs:sequence>
      </xs:complexType>
      <xs:complexType name="AssignQualificationRequest">
        <xs:sequence>
          <xs:element name="QualificationTypeId" type="xs:string"/>
          <xs:element name="WorkerId" type="xs:string"/>
          <xs:element minOccurs="0" name="IntegerValue" type="xs:int"/>
          <xs:element minOccurs="0" name="SendNotification" type="xs:boolean"/>
          <xs:element maxOccurs="unbounded" minOccurs="0" name="ResponseGroup" type="xs:string"/>
        </xs:sequence>
      </xs:complexType>
      <xs:complexType name="RevokeQualificationRequest">
        <xs:sequence>
          <xs:element name="SubjectId" type="xs:string"/>
          <xs:element name="QualificationTypeId" type="xs:string"/>
          <xs:element minOccurs="0" name="Reason" type="xs:string"/>
          <xs:element maxOccurs="unbounded" minOccurs="0" name="ResponseGroup" type="xs:string"/>
        </xs:sequence>
      </xs:complexType>
      <xs:complexType name="GetQualificationRequestsRequest">
        <xs:sequence>
          <xs:element minOccurs="0" name="QualificationTypeId" type="xs:string"/>
          <xs:element minOccurs="0" name="SortDirection" type="tns:SortDirection"/>
          <xs:element minOccurs="0" name="SortProperty" type="tns:GetQualificationRequestsSortProperty"/>
          <xs:element minOccurs="0" name="PageNumber" type="xs:int"/>
          <xs:element minOccurs="0" name="PageSize" type="xs:int"/>
          <xs:element maxOccurs="unbounded" minOccurs="0" name="ResponseGroup" type="xs:string"/>
        </xs:sequence>
      </xs:complexType>
      <xs:complexType name="RejectQualificationRequestRequest">
        <xs:sequence>
          <xs:element name="QualificationRequestId" type="xs:string"/>
          <xs:element minOccurs="0" name="Reason" type="xs:string"/>
          <xs:element maxOccurs="unbounded" minOccurs="0" name="ResponseGroup" type="xs:string"/>
        </xs:sequence>
      </xs:complexType>
      <xs:complexType name="GetQualificationTypeRequest">
        <xs:sequence>
          <xs:element name="QualificationTypeId" type="xs:string"/>
          <xs:element maxOccurs="unbounded" minOccurs="0" name="ResponseGroup" type="xs:string"/>
        </xs:sequence>
      </xs:complexType>
      <xs:complexType name="SearchQualificationTypesRequest">
        <xs:sequence>
          <xs:element minOccurs="0" name="Query" type="xs:string"/>
          <xs:element name="MustBeRequestable" type="xs:boolean"/>
          <xs:element minOccurs="0" name="MustBeOwnedByCaller" type="xs:boolean"/>
          <xs:element minOccurs="0" name="SortDirection" type="tns:SortDirection"/>
          <xs:element minOccurs="0" name="SortProperty" type="tns:SearchQualificationTypesSortProperty"/>
          <xs:element minOccurs="0" name="PageNumber" type="xs:int"/>
          <xs:element minOccurs="0" name="PageSize" type="xs:int"/>
          <xs:element maxOccurs="unbounded" minOccurs="0" name="ResponseGroup" type="xs:string"/>
        </xs:sequence>
      </xs:complexType>
      <xs:complexType name="UpdateQualificationTypeRequest">
        <xs:sequence>
          <xs:element name="QualificationTypeId" type="xs:string"/>
          <xs:element minOccurs="0" name="Description" type="xs:string"/>
          <xs:element minOccurs="0" name="QualificationTypeStatus" type="tns:QualificationTypeStatus"/>
          <xs:element minOccurs="0" name="Test" type="xs:string"/>
          <xs:element minOccurs="0" name="AnswerKey" type="xs:string"/>
          <xs:element minOccurs="0" name="TestDurationInSeconds" type="xs:long"/>
          <xs:element minOccurs="0" name="RetryDelayInSeconds" type="xs:long"/>
          <xs:element minOccurs="0" name="AutoGranted" type="xs:boolean"/>
          <xs:element minOccurs="0" name="AutoGrantedValue" type="xs:int"/>
          <xs:element maxOccurs="unbounded" minOccurs="0" name="ResponseGroup" type="xs:string"/>
        </xs:sequence>
      </xs:complexType>
      <xs:complexType name="ApproveAssignmentRequest">
        <xs:sequence>
          <xs:element name="AssignmentId" type="xs:string"/>
          <xs:element maxOccurs="unbounded" minOccurs="0" name="ResponseGroup" type="xs:string"/>
          <xs:element minOccurs="0" name="RequesterFeedback" type="xs:string"/>
        </xs:sequence>
      </xs:complexType>
      <xs:complexType name="RejectAssignmentRequest">
        <xs:sequence>
          <xs:element name="AssignmentId" type="xs:string"/>
          <xs:element maxOccurs="unbounded" minOccurs="0" name="ResponseGroup" type="xs:string"/>
          <xs:element minOccurs="0" name="RequesterFeedback" type="xs:string"/>
        </xs:sequence>
      </xs:complexType>
      <xs:complexType name="ApproveRejectedAssignmentRequest">
        <xs:sequence>
          <xs:element name="AssignmentId" type="xs:string"/>
          <xs:element maxOccurs="unbounded" minOccurs="0" name="ResponseGroup" type="xs:string"/>
          <xs:element minOccurs="0" name="RequesterFeedback" type="xs:string"/>
        </xs:sequence>
      </xs:complexType>
      <xs:complexType name="GetAssignmentsForHITRequest">
        <xs:sequence>
          <xs:element name="HITId" type="xs:string"/>
          <xs:element minOccurs="0" name="SortDirection" type="tns:SortDirection"/>
          <xs:element minOccurs="0" name="SortProperty" type="tns:GetAssignmentsForHITSortProperty"/>
          <xs:element minOccurs="0" name="PageNumber" type="xs:int"/>
          <xs:element minOccurs="0" name="PageSize" type="xs:int"/>
          <xs:element maxOccurs="unbounded" minOccurs="0" name="AssignmentStatus" type="tns:AssignmentStatus"/>
          <xs:element maxOccurs="unbounded" minOccurs="0" name="ResponseGroup" type="xs:string"/>
        </xs:sequence>
      </xs:complexType>
      <xs:complexType name="GetFileUploadURLRequest">
        <xs:sequence>
          <xs:element name="AssignmentId" type="xs:string"/>
          <xs:element name="QuestionIdentifier" type="xs:string"/>
        </xs:sequence>
      </xs:complexType>
      <xs:complexType name="GrantBonusRequest">
        <xs:sequence>
          <xs:element name="WorkerId" type="xs:string"/>
          <xs:element name="BonusAmount" type="tns:Price"/>
          <xs:element name="AssignmentId" type="xs:string"/>
          <xs:element name="Reason" type="xs:string"/>
          <xs:element minOccurs="0" name="UniqueRequestToken" type="xs:string"/>
          <xs:element maxOccurs="unbounded" minOccurs="0" name="ResponseGroup" type="xs:string"/>
        </xs:sequence>
      </xs:complexType>
      <xs:complexType name="GetBonusPaymentsRequest">
        <xs:sequence>
          <xs:element minOccurs="0" name="HITId" type="xs:string"/>
          <xs:element minOccurs="0" name="AssignmentId" type="xs:string"/>
          <xs:element minOccurs="0" name="PageNumber" type="xs:int"/>
          <xs:element minOccurs="0" name="PageSize" type="xs:int"/>
          <xs:element maxOccurs="unbounded" minOccurs="0" name="ResponseGroup" type="xs:string"/>
        </xs:sequence>
      </xs:complexType>
      <xs:complexType name="GetAccountBalanceRequest">
        <xs:sequence>
          <xs:element maxOccurs="unbounded" minOccurs="0" name="ResponseGroup" type="xs:string"/>
          <xs:element minOccurs="0" name="Unused" type="xs:string"/>
        </xs:sequence>
      </xs:complexType>
      <xs:complexType name="GetBlockedWorkersRequest">
        <xs:sequence>
          <xs:element minOccurs="0" name="PageNumber" type="xs:int"/>
          <xs:element minOccurs="0" name="PageSize" type="xs:int"/>
          <xs:element maxOccurs="unbounded" minOccurs="0" name="ResponseGroup" type="xs:string"/>
        </xs:sequence>
      </xs:complexType>
      <xs:complexType name="BlockWorkerRequest">
        <xs:sequence>
          <xs:element name="WorkerId" type="xs:string"/>
          <xs:element name="Reason" type="xs:string"/>
          <xs:element maxOccurs="unbounded" minOccurs="0" name="ResponseGroup" type="xs:string"/>
        </xs:sequence>
      </xs:complexType>
      <xs:complexType name="UnblockWorkerRequest">
        <xs:sequence>
          <xs:element name="WorkerId" type="xs:string"/>
          <xs:element minOccurs="0" name="Reason" type="xs:string"/>
          <xs:element maxOccurs="unbounded" minOccurs="0" name="ResponseGroup" type="xs:string"/>
        </xs:sequence>
      </xs:complexType>
      <xs:complexType name="GetRequesterStatisticRequest">
        <xs:sequence>
          <xs:element name="Statistic" type="tns:RequesterStatistic"/>
          <xs:element minOccurs="0" name="TimePeriod" type="tns:TimePeriod"/>
          <xs:element minOccurs="0" name="Count" type="xs:int"/>
          <xs:element maxOccurs="unbounded" minOccurs="0" name="ResponseGroup" type="xs:string"/>
        </xs:sequence>
      </xs:complexType>
      <xs:complexType name="GetRequesterWorkerStatisticRequest">
        <xs:sequence>
          <xs:element name="Statistic" type="tns:RequesterStatistic"/>
          <xs:element minOccurs="0" name="TimePeriod" type="tns:TimePeriod"/>
          <xs:element name="WorkerId" type="xs:string"/>
          <xs:element minOccurs="0" name="Count" type="xs:int"/>
          <xs:element maxOccurs="unbounded" minOccurs="0" name="ResponseGroup" type="xs:string"/>
        </xs:sequence>
      </xs:complexType>
      <xs:complexType name="HelpRequest">
        <xs:sequence>
          <xs:element maxOccurs="unbounded" name="About" type="xs:string"/>
          <xs:element minOccurs="0" name="HelpType" type="xs:string"/>
          <xs:element maxOccurs="unbounded" minOccurs="0" name="ResponseGroup" type="xs:string"/>
        </xs:sequence>
      </xs:complexType>
      <xs:complexType name="NotifyWorkersFailureStatus">
        <xs:sequence>
          <xs:element name="NotifyWorkersFailureCode" type="tns:NotifyWorkersFailureCode"/>
          <xs:element name="NotifyWorkersFailureMessage" type="xs:string"/>
          <xs:element name="WorkerId" type="xs:string"/>
        </xs:sequence>
      </xs:complexType>
      <xs:complexType name="ExtendHITResult">
        <xs:sequence>
          <xs:element minOccurs="0" ref="tns:Request"/>
        </xs:sequence>
      </xs:complexType>
      <xs:complexType name="GetStatisticResult">
        <xs:sequence>
          <xs:element minOccurs="0" ref="tns:Request"/>
          <xs:element maxOccurs="unbounded" minOccurs="0" name="DataPoint" type="tns:DataPoint"/>
          <xs:element minOccurs="0" name="Statistic" type="tns:RequesterStatistic"/>
          <xs:element minOccurs="0" name="TimePeriod" type="tns:TimePeriod"/>
          <xs:element minOccurs="0" name="WorkerId" type="xs:string"/>
        </xs:sequence>
      </xs:complexType>
      <xs:complexType name="DataPoint">
        <xs:sequence>
          <xs:element name="Date" type="xs:dateTime"/>
          <xs:element minOccurs="0" name="LongValue" type="xs:long"/>
          <xs:element minOccurs="0" name="DoubleValue" type="xs:double"/>
        </xs:sequence>
      </xs:complexType>
      <xs:complexType name="GetBlockedWorkersResult">
        <xs:sequence>
          <xs:element minOccurs="0" ref="tns:Request"/>
          <xs:element minOccurs="0" name="PageNumber" type="xs:int"/>
          <xs:element minOccurs="0" name="NumResults" type="xs:int"/>
          <xs:element minOccurs="0" name="TotalNumResults" type="xs:int"/>
          <xs:element maxOccurs="unbounded" minOccurs="0" name="WorkerBlock" type="tns:WorkerBlock"/>
        </xs:sequence>
      </xs:complexType>
      <xs:complexType name="WorkerBlock">
        <xs:sequence>
          <xs:element name="WorkerId" type="xs:string"/>
          <xs:element name="Reason" type="xs:string"/>
        </xs:sequence>
      </xs:complexType>
      <xs:complexType name="QualificationType">
        <xs:sequence>
          <xs:element minOccurs="0" ref="tns:Request"/>
          <xs:element minOccurs="0" name="QualificationTypeId" type="xs:string"/>
          <xs:element minOccurs="0" name="CreationTime" type="xs:dateTime"/>
          <xs:element minOccurs="0" name="Name" type="xs:string"/>
          <xs:element minOccurs="0" name="Description" type="xs:string"/>
          <xs:element minOccurs="0" name="Keywords" type="xs:string"/>
          <xs:element minOccurs="0" name="QualificationTypeStatus" type="tns:QualificationTypeStatus"/>
          <xs:element minOccurs="0" name="Test" type="xs:string"/>
          <xs:element minOccurs="0" name="TestDurationInSeconds" type="xs:long"/>
          <xs:element minOccurs="0" name="AnswerKey" type="xs:string"/>
          <xs:element minOccurs="0" name="RetryDelayInSeconds" type="xs:long"/>
          <xs:element minOccurs="0" name="IsRequestable" type="xs:boolean"/>
          <xs:element minOccurs="0" name="AutoGranted" type="xs:boolean"/>
          <xs:element minOccurs="0" name="AutoGrantedValue" type="xs:int"/>
        </xs:sequence>
      </xs:complexType>
      <xs:complexType name="DisposeQualificationTypeResult">
        <xs:sequence>
          <xs:element minOccurs="0" ref="tns:Request"/>
        </xs:sequence>
      </xs:complexType>
      <xs:complexType name="GetHITsForQualificationTypeResult">
        <xs:sequence>
          <xs:element minOccurs="0" ref="tns:Request"/>
          <xs:element minOccurs="0" name="PageNumber" type="xs:int"/>
          <xs:element minOccurs="0" name="NumResults" type="xs:int"/>
          <xs:element minOccurs="0" name="TotalNumResults" type="xs:int"/>
          <xs:element maxOccurs="unbounded" minOccurs="0" name="HIT" type="tns:HIT"/>
        </xs:sequence>
      </xs:complexType>
      <xs:complexType name="HIT">
        <xs:sequence>
          <xs:element minOccurs="0" ref="tns:Request"/>
          <xs:element minOccurs="0" name="HITId" type="xs:string"/>
          <xs:element minOccurs="0" name="HITTypeId" type="xs:string"/>
          <xs:element minOccurs="0" name="HITGroupId" type="xs:string"/>
          <xs:element minOccurs="0" name="HITLayoutId" type="xs:string"/>
          <xs:element minOccurs="0" name="CreationTime" type="xs:dateTime"/>
          <xs:element minOccurs="0" name="Title" type="xs:string"/>
          <xs:element minOccurs="0" name="Description" type="xs:string"/>
          <xs:element minOccurs="0" name="Question" type="xs:string"/>
          <xs:element minOccurs="0" name="Keywords" type="xs:string"/>
          <xs:element minOccurs="0" name="HITStatus" type="tns:HITStatus"/>
          <xs:element minOccurs="0" name="MaxAssignments" type="xs:int"/>
          <xs:element minOccurs="0" name="Reward" type="tns:Price"/>
          <xs:element minOccurs="0" name="AutoApprovalDelayInSeconds" type="xs:long"/>
          <xs:element minOccurs="0" name="Expiration" type="xs:dateTime"/>
          <xs:element minOccurs="0" name="AssignmentDurationInSeconds" type="xs:long"/>
          <xs:element minOccurs="0" name="RequesterAnnotation" type="xs:string"/>
          <xs:element maxOccurs="unbounded" minOccurs="0" name="QualificationRequirement" type="tns:QualificationRequirement"/>
          <xs:element minOccurs="0" name="HITReviewStatus" type="tns:HITReviewStatus"/>
          <xs:element minOccurs="0" name="NumberOfAssignmentsPending" type="xs:int"/>
          <xs:element minOccurs="0" name="NumberOfAssignmentsAvailable" type="xs:int"/>
          <xs:element minOccurs="0" name="NumberOfAssignmentsCompleted" type="xs:int"/>
        </xs:sequence>
      </xs:complexType>
      <xs:complexType name="GetQualificationRequestsResult">
        <xs:sequence>
          <xs:element minOccurs="0" ref="tns:Request"/>
          <xs:element minOccurs="0" name="NumResults" type="xs:int"/>
          <xs:element minOccurs="0" name="TotalNumResults" type="xs:int"/>
          <xs:element minOccurs="0" name="PageNumber" type="xs:int"/>
          <xs:element maxOccurs="unbounded" minOccurs="0" name="QualificationRequest" type="tns:QualificationRequest"/>
        </xs:sequence>
      </xs:complexType>
      <xs:complexType name="QualificationRequest">
        <xs:sequence>
          <xs:element name="QualificationRequestId" type="xs:string"/>
          <xs:element name="QualificationTypeId" type="xs:string"/>
          <xs:element name="SubjectId" type="xs:string"/>
          <xs:element minOccurs="0" name="Test" type="xs:string"/>
          <xs:element minOccurs="0" name="Answer" type="xs:string"/>
          <xs:element name="SubmitTime" type="xs:dateTime"/>
        </xs:sequence>
      </xs:complexType>
      <xs:complexType name="GetBonusPaymentsResult">
        <xs:sequence>
          <xs:element minOccurs="0" ref="tns:Request"/>
          <xs:element minOccurs="0" name="NumResults" type="xs:int"/>
          <xs:element minOccurs="0" name="PageNumber" type="xs:int"/>
          <xs:element minOccurs="0" name="TotalNumResults" type="xs:int"/>
          <xs:element maxOccurs="unbounded" minOccurs="0" name="BonusPayment" type="tns:BonusPayment"/>
        </xs:sequence>
      </xs:complexType>
      <xs:complexType name="BonusPayment">
        <xs:sequence>
          <xs:element minOccurs="0" ref="tns:Request"/>
          <xs:element minOccurs="0" name="WorkerId" type="xs:string"/>
          <xs:element minOccurs="0" name="BonusAmount" type="tns:Price"/>
          <xs:element minOccurs="0" name="AssignmentId" type="xs:string"/>
          <xs:element minOccurs="0" name="Reason" type="xs:string"/>
          <xs:element minOccurs="0" name="GrantTime" type="xs:dateTime"/>
        </xs:sequence>
      </xs:complexType>
      <xs:complexType name="UnblockWorkerResult">
        <xs:sequence>
          <xs:element minOccurs="0" ref="tns:Request"/>
        </xs:sequence>
      </xs:complexType>
      <xs:complexType name="GetReviewableHITsResult">
        <xs:sequence>
          <xs:element minOccurs="0" ref="tns:Request"/>
          <xs:element minOccurs="0" name="PageNumber" type="xs:int"/>
          <xs:element minOccurs="0" name="NumResults" type="xs:int"/>
          <xs:element minOccurs="0" name="TotalNumResults" type="xs:int"/>
          <xs:element maxOccurs="unbounded" minOccurs="0" name="HIT" type="tns:HIT"/>
        </xs:sequence>
      </xs:complexType>
      <xs:complexType name="GetReviewResultsForHITResult">
        <xs:sequence>
          <xs:element minOccurs="0" ref="tns:Request"/>
          <xs:element name="HITId" type="xs:string"/>
          <xs:element minOccurs="0" name="AssignmentReviewPolicy" type="tns:ReviewPolicy"/>
          <xs:element minOccurs="0" name="HITReviewPolicy" type="tns:ReviewPolicy"/>
          <xs:element minOccurs="0" name="AssignmentReviewReport" type="tns:ReviewReport"/>
          <xs:element minOccurs="0" name="HITReviewReport" type="tns:ReviewReport"/>
        </xs:sequence>
      </xs:complexType>
      <xs:complexType name="ReviewReport">
        <xs:sequence>
          <xs:element minOccurs="0" name="PageNumber" type="xs:int"/>
          <xs:element minOccurs="0" name="NumResults" type="xs:int"/>
          <xs:element minOccurs="0" name="TotalNumResults" type="xs:int"/>
          <xs:element maxOccurs="unbounded" minOccurs="0" name="ReviewResult" type="tns:ReviewResultDetail"/>
          <xs:element maxOccurs="unbounded" minOccurs="0" name="ReviewAction" type="tns:ReviewActionDetail"/>
        </xs:sequence>
      </xs:complexType>
      <xs:complexType name="ReviewResultDetail">
        <xs:sequence>
          <xs:element name="ActionId" type="xs:string"/>
          <xs:element name="SubjectId" type="xs:string"/>
          <xs:element name="SubjectType" type="xs:string"/>
          <xs:element minOccurs="0" name="QuestionId" type="xs:string"/>
          <xs:element name="Key" type="xs:string"/>
          <xs:element name="Value" type="xs:string"/>
        </xs:sequence>
      </xs:complexType>
      <xs:complexType name="ReviewActionDetail">
        <xs:sequence>
          <xs:element name="ActionId" type="xs:string"/>
          <xs:element name="ActionName" type="xs:string"/>
          <xs:element name="ObjectId" type="xs:string"/>
          <xs:element name="ObjectType" type="xs:string"/>
          <xs:element name="Status" type="tns:ReviewActionStatus"/>
          <xs:element minOccurs="0" name="CompleteTime" type="xs:dateTime"/>
          <xs:element minOccurs="0" name="Result" type="xs:string"/>
          <xs:element minOccurs="0" name="ErrorCode" type="xs:string"/>
        </xs:sequence>
      </xs:complexType>
      <xs:complexType name="GetQualificationScoreRequest">
        <xs:sequence>
          <xs:element name="QualificationTypeId" type="xs:string"/>
          <xs:element name="SubjectId" type="xs:string"/>
          <xs:element maxOccurs="unbounded" minOccurs="0" name="ResponseGroup" type="xs:string"/>
        </xs:sequence>
      </xs:complexType>
      <xs:complexType name="Qualification">
        <xs:sequence>
          <xs:element minOccurs="0" ref="tns:Request"/>
          <xs:element minOccurs="0" name="QualificationTypeId" type="xs:string"/>
          <xs:element minOccurs="0" name="SubjectId" type="xs:string"/>
          <xs:element minOccurs="0" name="GrantTime" type="xs:dateTime"/>
          <xs:element minOccurs="0" name="IntegerValue" type="xs:int"/>
          <xs:element minOccurs="0" name="LocaleValue" type="tns:Locale"/>
          <xs:element minOccurs="0" name="Status" type="tns:QualificationStatus"/>
        </xs:sequence>
      </xs:complexType>
      <xs:complexType name="ForceExpireHITResult">
        <xs:sequence>
          <xs:element minOccurs="0" ref="tns:Request"/>
        </xs:sequence>
      </xs:complexType>
      <xs:complexType name="GrantBonusResult">
        <xs:sequence>
          <xs:element minOccurs="0" ref="tns:Request"/>
        </xs:sequence>
      </xs:complexType>
      <xs:complexType name="AssignQualificationResult">
        <xs:sequence>
          <xs:element minOccurs="0" ref="tns:Request"/>
        </xs:sequence>
      </xs:complexType>
      <xs:complexType name="GetAccountBalanceResult">
        <xs:sequence>
          <xs:element minOccurs="0" ref="tns:Request"/>
          <xs:element minOccurs="0" name="AvailableBalance" type="tns:Price"/>
          <xs:element minOccurs="0" name="OnHoldBalance" type="tns:Price"/>
        </xs:sequence>
      </xs:complexType>
      <xs:complexType name="RevokeQualificationResult">
        <xs:sequence>
          <xs:element minOccurs="0" ref="tns:Request"/>
        </xs:sequence>
      </xs:complexType>
      <xs:complexType name="SendTestEventNotificationRequest">
        <xs:sequence>
          <xs:element name="Notification" type="tns:NotificationSpecification"/>
          <xs:element minOccurs="0" name="TestEventType" type="tns:EventType"/>
        </xs:sequence>
      </xs:complexType>
      <xs:complexType name="NotificationSpecification">
        <xs:sequence>
          <xs:element name="Destination" type="xs:string"/>
          <xs:element name="Transport" type="tns:NotificationTransport"/>
          <xs:element name="Version" type="xs:string"/>
          <xs:element maxOccurs="unbounded" minOccurs="0" name="EventType" type="tns:EventType"/>
        </xs:sequence>
      </xs:complexType>
      <xs:complexType name="SendTestEventNotificationResult">
        <xs:sequence>
          <xs:element minOccurs="0" ref="tns:Request"/>
        </xs:sequence>
      </xs:complexType>
      <xs:complexType name="GetQualificationsForQualificationTypeResult">
        <xs:sequence>
          <xs:element minOccurs="0" ref="tns:Request"/>
          <xs:element minOccurs="0" name="PageNumber" type="xs:int"/>
          <xs:element minOccurs="0" name="NumResults" type="xs:int"/>
          <xs:element minOccurs="0" name="TotalNumResults" type="xs:int"/>
          <xs:element maxOccurs="unbounded" minOccurs="0" name="Qualification" type="tns:Qualification"/>
        </xs:sequence>
      </xs:complexType>
      <xs:complexType name="ApproveAssignmentResult">
        <xs:sequence>
          <xs:element minOccurs="0" ref="tns:Request"/>
        </xs:sequence>
      </xs:complexType>
      <xs:complexType name="ChangeHITTypeOfHITResult">
        <xs:sequence>
          <xs:element minOccurs="0" ref="tns:Request"/>
        </xs:sequence>
      </xs:complexType>
      <xs:complexType name="SearchHITsResult">
        <xs:sequence>
          <xs:element minOccurs="0" ref="tns:Request"/>
          <xs:element minOccurs="0" name="PageNumber" type="xs:int"/>
          <xs:element minOccurs="0" name="NumResults" type="xs:int"/>
          <xs:element minOccurs="0" name="TotalNumResults" type="xs:int"/>
          <xs:element maxOccurs="unbounded" minOccurs="0" name="HIT" type="tns:HIT"/>
        </xs:sequence>
      </xs:complexType>
      <xs:complexType name="RejectQualificationRequestResult">
        <xs:sequence>
          <xs:element minOccurs="0" ref="tns:Request"/>
        </xs:sequence>
      </xs:complexType>
      <xs:complexType name="GetAssignmentsForHITResult">
        <xs:sequence>
          <xs:element minOccurs="0" ref="tns:Request"/>
          <xs:element minOccurs="0" name="PageNumber" type="xs:int"/>
          <xs:element minOccurs="0" name="NumResults" type="xs:int"/>
          <xs:element minOccurs="0" name="TotalNumResults" type="xs:int"/>
          <xs:element maxOccurs="unbounded" minOccurs="0" name="Assignment" type="tns:Assignment"/>
        </xs:sequence>
      </xs:complexType>
      <xs:complexType name="Assignment">
        <xs:sequence>
          <xs:element minOccurs="0" ref="tns:Request"/>
          <xs:element minOccurs="0" name="AssignmentId" type="xs:string"/>
          <xs:element minOccurs="0" name="WorkerId" type="xs:string"/>
          <xs:element minOccurs="0" name="HITId" type="xs:string"/>
          <xs:element minOccurs="0" name="AssignmentStatus" type="tns:AssignmentStatus"/>
          <xs:element minOccurs="0" name="AutoApprovalTime" type="xs:dateTime"/>
          <xs:element minOccurs="0" name="AcceptTime" type="xs:dateTime"/>
          <xs:element minOccurs="0" name="SubmitTime" type="xs:dateTime"/>
          <xs:element minOccurs="0" name="ApprovalTime" type="xs:dateTime"/>
          <xs:element minOccurs="0" name="RejectionTime" type="xs:dateTime"/>
          <xs:element minOccurs="0" name="Deadline" type="xs:dateTime"/>
          <xs:element minOccurs="0" name="Answer" type="xs:string"/>
          <xs:element minOccurs="0" name="RequesterFeedback" type="xs:string"/>
        </xs:sequence>
      </xs:complexType>
      <xs:complexType name="DisableHITResult">
        <xs:sequence>
          <xs:element minOccurs="0" ref="tns:Request"/>
        </xs:sequence>
      </xs:complexType>
      <xs:complexType name="SetHITAsReviewingResult">
        <xs:sequence>
          <xs:element minOccurs="0" ref="tns:Request"/>
        </xs:sequence>
      </xs:complexType>
      <xs:complexType name="SearchQualificationTypesResult">
        <xs:sequence>
          <xs:element minOccurs="0" ref="tns:Request"/>
          <xs:element minOccurs="0" name="NumResults" type="xs:int"/>
          <xs:element minOccurs="0" name="TotalNumResults" type="xs:int"/>
          <xs:element minOccurs="0" name="PageNumber" type="xs:int"/>
          <xs:element maxOccurs="unbounded" minOccurs="0" name="QualificationType" type="tns:QualificationType"/>
        </xs:sequence>
      </xs:complexType>
      <xs:complexType name="BlockWorkerResult">
        <xs:sequence>
          <xs:element minOccurs="0" ref="tns:Request"/>
        </xs:sequence>
      </xs:complexType>
      <xs:complexType name="RegisterHITTypeResult">
        <xs:sequence>
          <xs:element minOccurs="0" ref="tns:Request"/>
          <xs:element minOccurs="0" name="HITTypeId" type="xs:string"/>
        </xs:sequence>
      </xs:complexType>
      <xs:complexType name="SetHITTypeNotificationRequest">
        <xs:sequence>
          <xs:element name="HITTypeId" type="xs:string"/>
          <xs:element minOccurs="0" name="Notification" type="tns:NotificationSpecification"/>
          <xs:element minOccurs="0" name="Active" type="xs:boolean"/>
        </xs:sequence>
      </xs:complexType>
      <xs:complexType name="SetHITTypeNotificationResult">
        <xs:sequence>
          <xs:element minOccurs="0" ref="tns:Request"/>
        </xs:sequence>
      </xs:complexType>
      <xs:complexType name="GrantQualificationResult">
        <xs:sequence>
          <xs:element minOccurs="0" ref="tns:Request"/>
        </xs:sequence>
      </xs:complexType>
      <xs:complexType name="GetAssignmentResult">
        <xs:sequence>
          <xs:element minOccurs="0" ref="tns:Request"/>
          <xs:element minOccurs="0" name="Assignment" type="tns:Assignment"/>
          <xs:element minOccurs="0" name="HIT" type="tns:HIT"/>
        </xs:sequence>
      </xs:complexType>
      <xs:complexType name="ApproveRejectedAssignmentResult">
        <xs:sequence>
          <xs:element minOccurs="0" ref="tns:Request"/>
        </xs:sequence>
      </xs:complexType>
      <xs:complexType name="DisposeHITResult">
        <xs:sequence>
          <xs:element minOccurs="0" ref="tns:Request"/>
        </xs:sequence>
      </xs:complexType>
      <xs:complexType name="UpdateQualificationScoreRequest">
        <xs:sequence>
          <xs:element name="QualificationTypeId" type="xs:string"/>
          <xs:element name="SubjectId" type="xs:string"/>
          <xs:element minOccurs="0" name="IntegerValue" type="xs:int"/>
          <xs:element maxOccurs="unbounded" minOccurs="0" name="ResponseGroup" type="xs:string"/>
        </xs:sequence>
      </xs:complexType>
      <xs:complexType name="UpdateQualificationScoreResult">
        <xs:sequence>
          <xs:element minOccurs="0" ref="tns:Request"/>
        </xs:sequence>
      </xs:complexType>
      <xs:complexType name="GetFileUploadURLResult">
        <xs:sequence>
          <xs:element minOccurs="0" ref="tns:Request"/>
          <xs:element name="FileUploadURL" type="xs:string"/>
        </xs:sequence>
      </xs:complexType>
      <xs:complexType name="RejectAssignmentResult">
        <xs:sequence>
          <xs:element minOccurs="0" ref="tns:Request"/>
        </xs:sequence>
      </xs:complexType>
      <xs:complexType name="Claim">
        <xs:sequence>
          <xs:element name="Type" type="xs:string"/>
          <xs:element name="Body" type="xs:string"/>
        </xs:sequence>
      </xs:complexType>
      <xs:simpleType name="Comparator">
        <xs:restriction base="xs:string">
          <xs:enumeration value="LessThan"/>
          <xs:enumeration value="LessThanOrEqualTo"/>
          <xs:enumeration value="GreaterThan"/>
          <xs:enumeration value="GreaterThanOrEqualTo"/>
          <xs:enumeration value="EqualTo"/>
          <xs:enumeration value="NotEqualTo"/>
          <xs:enumeration value="Exists"/>
        </xs:restriction>
      </xs:simpleType>
      <xs:simpleType name="ReviewPolicyLevel">
        <xs:restriction base="xs:string">
          <xs:enumeration value="Assignment"/>
          <xs:enumeration value="HIT"/>
        </xs:restriction>
      </xs:simpleType>
      <xs:simpleType name="ReviewableHITStatus">
        <xs:restriction base="xs:string">
          <xs:enumeration value="Reviewable"/>
          <xs:enumeration value="Reviewing"/>
        </xs:restriction>
      </xs:simpleType>
      <xs:simpleType name="SortDirection">
        <xs:restriction base="xs:string">
          <xs:enumeration value="Ascending"/>
          <xs:enumeration value="Descending"/>
        </xs:restriction>
      </xs:simpleType>
      <xs:simpleType name="GetReviewableHITsSortProperty">
        <xs:restriction base="xs:string">
          <xs:enumeration value="Title"/>
          <xs:enumeration value="Reward"/>
          <xs:enumeration value="Expiration"/>
          <xs:enumeration value="CreationTime"/>
          <xs:enumeration value="Enumeration"/>
        </xs:restriction>
      </xs:simpleType>
      <xs:simpleType name="QualificationStatus">
        <xs:restriction base="xs:string">
          <xs:enumeration value="Granted"/>
          <xs:enumeration value="Revoked"/>
        </xs:restriction>
      </xs:simpleType>
      <xs:simpleType name="SearchHITsSortProperty">
        <xs:restriction base="xs:string">
          <xs:enumeration value="Title"/>
          <xs:enumeration value="Reward"/>
          <xs:enumeration value="Expiration"/>
          <xs:enumeration value="CreationTime"/>
          <xs:enumeration value="Enumeration"/>
        </xs:restriction>
      </xs:simpleType>
      <xs:simpleType name="QualificationTypeStatus">
        <xs:restriction base="xs:string">
          <xs:enumeration value="Active"/>
          <xs:enumeration value="Inactive"/>
        </xs:restriction>
      </xs:simpleType>
      <xs:simpleType name="GetQualificationRequestsSortProperty">
        <xs:restriction base="xs:string">
          <xs:enumeration value="QualificationTypeId"/>
          <xs:enumeration value="SubmitTime"/>
        </xs:restriction>
      </xs:simpleType>
      <xs:simpleType name="SearchQualificationTypesSortProperty">
        <xs:restriction base="xs:string">
          <xs:enumeration value="Name"/>
        </xs:restriction>
      </xs:simpleType>
      <xs:simpleType name="GetAssignmentsForHITSortProperty">
        <xs:restriction base="xs:string">
          <xs:enumeration value="AcceptTime"/>
          <xs:enumeration value="SubmitTime"/>
          <xs:enumeration value="Answer"/>
          <xs:enumeration value="AssignmentStatus"/>
        </xs:restriction>
      </xs:simpleType>
      <xs:simpleType name="AssignmentStatus">
        <xs:restriction base="xs:string">
          <xs:enumeration value="Submitted"/>
          <xs:enumeration value="Approved"/>
          <xs:enumeration value="Rejected"/>
        </xs:restriction>
      </xs:simpleType>
      <xs:simpleType name="RequesterStatistic">
        <xs:restriction base="xs:string">
          <xs:enumeration value="NumberHITsAssignable"/>
          <xs:enumeration value="NumberHITsReviewable"/>
          <xs:enumeration value="NumberHITsCreated"/>
          <xs:enumeration value="NumberHITsCompleted"/>
          <xs:enumeration value="TotalRewardPayout"/>
          <xs:enumeration value="TotalRewardFeePayout"/>
          <xs:enumeration value="TotalFeePayout"/>
          <xs:enumeration value="TotalRewardAndFeePayout"/>
          <xs:enumeration value="TotalBonusPayout"/>
          <xs:enumeration value="TotalBonusFeePayout"/>
          <xs:enumeration value="EstimatedFeeLiability"/>
          <xs:enumeration value="EstimatedRewardLiability"/>
          <xs:enumeration value="EstimatedTotalLiability"/>
          <xs:enumeration value="NumberAssignmentsAvailable"/>
          <xs:enumeration value="NumberAssignmentsAccepted"/>
          <xs:enumeration value="NumberAssignmentsPending"/>
          <xs:enumeration value="NumberAssignmentsApproved"/>
          <xs:enumeration value="NumberAssignmentsRejected"/>
          <xs:enumeration value="NumberAssignmentsReturned"/>
          <xs:enumeration value="NumberAssignmentsAbandoned"/>
          <xs:enumeration value="AverageRewardAmount"/>
          <xs:enumeration value="PercentAssignmentsApproved"/>
          <xs:enumeration value="PercentAssignmentsRejected"/>
          <xs:enumeration value="NumberKnownAnswersCorrect"/>
          <xs:enumeration value="NumberKnownAnswersIncorrect"/>
          <xs:enumeration value="NumberKnownAnswersEvaluated"/>
          <xs:enumeration value="PercentKnownAnswersCorrect"/>
          <xs:enumeration value="NumberPluralityAnswersCorrect"/>
          <xs:enumeration value="NumberPluralityAnswersIncorrect"/>
          <xs:enumeration value="NumberPluralityAnswersEvaluated"/>
          <xs:enumeration value="PercentPluralityAnswersCorrect"/>
        </xs:restriction>
      </xs:simpleType>
      <xs:simpleType name="TimePeriod">
        <xs:restriction base="xs:string">
          <xs:enumeration value="OneDay"/>
          <xs:enumeration value="SevenDays"/>
          <xs:enumeration value="ThirtyDays"/>
          <xs:enumeration value="LifeToDate"/>
        </xs:restriction>
      </xs:simpleType>
      <xs:simpleType name="NotifyWorkersFailureCode">
        <xs:restriction base="xs:string">
          <xs:enumeration value="SoftFailure"/>
          <xs:enumeration value="HardFailure"/>
        </xs:restriction>
      </xs:simpleType>
      <xs:simpleType name="HITStatus">
        <xs:restriction base="xs:string">
          <xs:enumeration value="Assignable"/>
          <xs:enumeration value="Unassignable"/>
          <xs:enumeration value="Reviewable"/>
          <xs:enumeration value="Reviewing"/>
          <xs:enumeration value="Disposed"/>
        </xs:restriction>
      </xs:simpleType>
      <xs:simpleType name="HITReviewStatus">
        <xs:restriction base="xs:string">
          <xs:enumeration value="NotReviewed"/>
          <xs:enumeration value="MarkedForReview"/>
          <xs:enumeration value="ReviewedAppropriate"/>
          <xs:enumeration value="ReviewedInappropriate"/>
        </xs:restriction>
      </xs:simpleType>
      <xs:simpleType name="ReviewActionStatus">
        <xs:restriction base="xs:string">
          <xs:enumeration value="Intended"/>
          <xs:enumeration value="Succeeded"/>
          <xs:enumeration value="Failed"/>
          <xs:enumeration value="Cancelled"/>
        </xs:restriction>
      </xs:simpleType>
      <xs:simpleType name="NotificationTransport">
        <xs:restriction base="xs:string">
          <xs:enumeration value="SOAP"/>
          <xs:enumeration value="REST"/>
          <xs:enumeration value="Email"/>
          <xs:enumeration value="SQS"/>
        </xs:restriction>
      </xs:simpleType>
      <xs:simpleType name="EventType">
        <xs:restriction base="xs:string">
          <xs:enumeration value="AssignmentAccepted"/>
          <xs:enumeration value="AssignmentAbandoned"/>
          <xs:enumeration value="AssignmentReturned"/>
          <xs:enumeration value="AssignmentSubmitted"/>
          <xs:enumeration value="HITReviewable"/>
          <xs:enumeration value="HITExpired"/>
          <xs:enumeration value="Ping"/>
        </xs:restriction>
      </xs:simpleType>
    </xs:schema>
  </wsdl:types>
  <wsdl:message name="SetHITTypeNotificationResponse">
    <wsdl:part element="tns:SetHITTypeNotificationResponse" name="body"></wsdl:part>
  </wsdl:message>
  <wsdl:message name="GetFileUploadURL">
    <wsdl:part element="tns:GetFileUploadURL" name="body"></wsdl:part>
  </wsdl:message>
  <wsdl:message name="GetRequesterWorkerStatisticResponse">
    <wsdl:part element="tns:GetRequesterWorkerStatisticResponse" name="body"></wsdl:part>
  </wsdl:message>
  <wsdl:message name="ApproveAssignmentResponse">
    <wsdl:part element="tns:ApproveAssignmentResponse" name="body"></wsdl:part>
  </wsdl:message>
  <wsdl:message name="BlockWorker">
    <wsdl:part element="tns:BlockWorker" name="body"></wsdl:part>
  </wsdl:message>
  <wsdl:message name="UpdateQualificationType">
    <wsdl:part element="tns:UpdateQualificationType" name="body"></wsdl:part>
  </wsdl:message>
  <wsdl:message name="AssignQualification">
    <wsdl:part element="tns:AssignQualification" name="body"></wsdl:part>
  </wsdl:message>
  <wsdl:message name="RejectAssignment">
    <wsdl:part element="tns:RejectAssignment" name="body"></wsdl:part>
  </wsdl:message>
  <wsdl:message name="SetHITAsReviewingResponse">
    <wsdl:part element="tns:SetHITAsReviewingResponse" name="body"></wsdl:part>
  </wsdl:message>
  <wsdl:message name="GetReviewResultsForHIT">
    <wsdl:part element="tns:GetReviewResultsForHIT" name="body"></wsdl:part>
  </wsdl:message>
  <wsdl:message name="GetReviewableHITs">
    <wsdl:part element="tns:GetReviewableHITs" name="body"></wsdl:part>
  </wsdl:message>
  <wsdl:message name="GetBonusPaymentsResponse">
    <wsdl:part element="tns:GetBonusPaymentsResponse" name="body"></wsdl:part>
  </wsdl:message>
  <wsdl:message name="GrantBonus">
    <wsdl:part element="tns:GrantBonus" name="body"></wsdl:part>
  </wsdl:message>
  <wsdl:message name="ForceExpireHITResponse">
    <wsdl:part element="tns:ForceExpireHITResponse" name="body"></wsdl:part>
  </wsdl:message>
  <wsdl:message name="GetAssignmentResponse">
    <wsdl:part element="tns:GetAssignmentResponse" name="body"></wsdl:part>
  </wsdl:message>
  <wsdl:message name="RegisterHITType">
    <wsdl:part element="tns:RegisterHITType" name="body"></wsdl:part>
  </wsdl:message>
  <wsdl:message name="ChangeHITTypeOfHIT">
    <wsdl:part element="tns:ChangeHITTypeOfHIT" name="body"></wsdl:part>
  </wsdl:message>
  <wsdl:message name="AssignQualificationResponse">
    <wsdl:part element="tns:AssignQualificationResponse" name="body"></wsdl:part>
  </wsdl:message>
  <wsdl:message name="BlockWorkerResponse">
    <wsdl:part element="tns:BlockWorkerResponse" name="body"></wsdl:part>
  </wsdl:message>
  <wsdl:message name="RevokeQualificationResponse">
    <wsdl:part element="tns:RevokeQualificationResponse" name="body"></wsdl:part>
  </wsdl:message>
  <wsdl:message name="SearchQualificationTypesResponse">
    <wsdl:part element="tns:SearchQualificationTypesResponse" name="body"></wsdl:part>
  </wsdl:message>
  <wsdl:message name="RejectAssignmentResponse">
    <wsdl:part element="tns:RejectAssignmentResponse" name="body"></wsdl:part>
  </wsdl:message>
  <wsdl:message name="GrantQualification">
    <wsdl:part element="tns:GrantQualification" name="body"></wsdl:part>
  </wsdl:message>
  <wsdl:message name="CreateHIT">
    <wsdl:part element="tns:CreateHIT" name="body"></wsdl:part>
  </wsdl:message>
  <wsdl:message name="GetQualificationTypeResponse">
    <wsdl:part element="tns:GetQualificationTypeResponse" name="body"></wsdl:part>
  </wsdl:message>
  <wsdl:message name="GetBonusPayments">
    <wsdl:part element="tns:GetBonusPayments" name="body"></wsdl:part>
  </wsdl:message>
  <wsdl:message name="Help">
    <wsdl:part element="tns:Help" name="body"></wsdl:part>
  </wsdl:message>
  <wsdl:message name="SearchQualificationTypes">
    <wsdl:part element="tns:SearchQualificationTypes" name="body"></wsdl:part>
  </wsdl:message>
  <wsdl:message name="ExtendHITResponse">
    <wsdl:part element="tns:ExtendHITResponse" name="body"></wsdl:part>
  </wsdl:message>
  <wsdl:message name="ForceExpireHIT">
    <wsdl:part element="tns:ForceExpireHIT" name="body"></wsdl:part>
  </wsdl:message>
  <wsdl:message name="GetHITResponse">
    <wsdl:part element="tns:GetHITResponse" name="body"></wsdl:part>
  </wsdl:message>
  <wsdl:message name="SetHITAsReviewing">
    <wsdl:part element="tns:SetHITAsReviewing" name="body"></wsdl:part>
  </wsdl:message>
  <wsdl:message name="GetQualificationScoreResponse">
    <wsdl:part element="tns:GetQualificationScoreResponse" name="body"></wsdl:part>
  </wsdl:message>
  <wsdl:message name="GetRequesterStatistic">
    <wsdl:part element="tns:GetRequesterStatistic" name="body"></wsdl:part>
  </wsdl:message>
  <wsdl:message name="GetBlockedWorkers">
    <wsdl:part element="tns:GetBlockedWorkers" name="body"></wsdl:part>
  </wsdl:message>
  <wsdl:message name="GetAccountBalanceResponse">
    <wsdl:part element="tns:GetAccountBalanceResponse" name="body"></wsdl:part>
  </wsdl:message>
  <wsdl:message name="DisposeQualificationType">
    <wsdl:part element="tns:DisposeQualificationType" name="body"></wsdl:part>
  </wsdl:message>
  <wsdl:message name="GetAssignmentsForHITResponse">
    <wsdl:part element="tns:GetAssignmentsForHITResponse" name="body"></wsdl:part>
  </wsdl:message>
  <wsdl:message name="GetQualificationsForQualificationType">
    <wsdl:part element="tns:GetQualificationsForQualificationType" name="body"></wsdl:part>
  </wsdl:message>
  <wsdl:message name="GetQualificationsForQualificationTypeResponse">
    <wsdl:part element="tns:GetQualificationsForQualificationTypeResponse" name="body"></wsdl:part>
  </wsdl:message>
  <wsdl:message name="GetFileUploadURLResponse">
    <wsdl:part element="tns:GetFileUploadURLResponse" name="body"></wsdl:part>
  </wsdl:message>
  <wsdl:message name="GetAccountBalance">
    <wsdl:part element="tns:GetAccountBalance" name="body"></wsdl:part>
  </wsdl:message>
  <wsdl:message name="SearchHITsResponse">
    <wsdl:part element="tns:SearchHITsResponse" name="body"></wsdl:part>
  </wsdl:message>
  <wsdl:message name="SearchHITs">
    <wsdl:part element="tns:SearchHITs" name="body"></wsdl:part>
  </wsdl:message>
  <wsdl:message name="GetAssignmentsForHIT">
    <wsdl:part element="tns:GetAssignmentsForHIT" name="body"></wsdl:part>
  </wsdl:message>
  <wsdl:message name="ApproveRejectedAssignmentResponse">
    <wsdl:part element="tns:ApproveRejectedAssignmentResponse" name="body"></wsdl:part>
  </wsdl:message>
  <wsdl:message name="UnblockWorkerResponse">
    <wsdl:part element="tns:UnblockWorkerResponse" name="body"></wsdl:part>
  </wsdl:message>
  <wsdl:message name="ApproveRejectedAssignment">
    <wsdl:part element="tns:ApproveRejectedAssignment" name="body"></wsdl:part>
  </wsdl:message>
  <wsdl:message name="CreateQualificationTypeResponse">
    <wsdl:part element="tns:CreateQualificationTypeResponse" name="body"></wsdl:part>
  </wsdl:message>
  <wsdl:message name="UpdateQualificationScoreResponse">
    <wsdl:part element="tns:UpdateQualificationScoreResponse" name="body"></wsdl:part>
  </wsdl:message>
  <wsdl:message name="GrantQualificationResponse">
    <wsdl:part element="tns:GrantQualificationResponse" name="body"></wsdl:part>
  </wsdl:message>
  <wsdl:message name="HelpResponse">
    <wsdl:part element="tns:HelpResponse" name="body"></wsdl:part>
  </wsdl:message>
  <wsdl:message name="GetBlockedWorkersResponse">
    <wsdl:part element="tns:GetBlockedWorkersResponse" name="body"></wsdl:part>
  </wsdl:message>
  <wsdl:message name="RevokeQualification">
    <wsdl:part element="tns:RevokeQualification" name="body"></wsdl:part>
  </wsdl:message>
  <wsdl:message name="DisableHITResponse">
    <wsdl:part element="tns:DisableHITResponse" name="body"></wsdl:part>
  </wsdl:message>
  <wsdl:message name="NotifyWorkers">
    <wsdl:part element="tns:NotifyWorkers" name="body"></wsdl:part>
  </wsdl:message>
  <wsdl:message name="RejectQualificationRequest">
    <wsdl:part element="tns:RejectQualificationRequest" name="body"></wsdl:part>
  </wsdl:message>
  <wsdl:message name="ChangeHITTypeOfHITResponse">
    <wsdl:part element="tns:ChangeHITTypeOfHITResponse" name="body"></wsdl:part>
  </wsdl:message>
  <wsdl:message name="DisposeQualificationTypeResponse">
    <wsdl:part element="tns:DisposeQualificationTypeResponse" name="body"></wsdl:part>
  </wsdl:message>
  <wsdl:message name="GrantBonusResponse">
    <wsdl:part element="tns:GrantBonusResponse" name="body"></wsdl:part>
  </wsdl:message>
  <wsdl:message name="GetQualificationType">
    <wsdl:part element="tns:GetQualificationType" name="body"></wsdl:part>
  </wsdl:message>
  <wsdl:message name="GetReviewResultsForHITResponse">
    <wsdl:part element="tns:GetReviewResultsForHITResponse" name="body"></wsdl:part>
  </wsdl:message>
  <wsdl:message name="GetAssignment">
    <wsdl:part element="tns:GetAssignment" name="body"></wsdl:part>
  </wsdl:message>
  <wsdl:message name="GetQualificationRequestsResponse">
    <wsdl:part element="tns:GetQualificationRequestsResponse" name="body"></wsdl:part>
  </wsdl:message>
  <wsdl:message name="GetHITsForQualificationType">
    <wsdl:part element="tns:GetHITsForQualificationType" name="body"></wsdl:part>
  </wsdl:message>
  <wsdl:message name="DisposeHIT">
    <wsdl:part element="tns:DisposeHIT" name="body"></wsdl:part>
  </wsdl:message>
  <wsdl:message name="SendTestEventNotificationResponse">
    <wsdl:part element="tns:SendTestEventNotificationResponse" name="body"></wsdl:part>
  </wsdl:message>
  <wsdl:message name="SetHITTypeNotification">
    <wsdl:part element="tns:SetHITTypeNotification" name="body"></wsdl:part>
  </wsdl:message>
  <wsdl:message name="CreateQualificationType">
    <wsdl:part element="tns:CreateQualificationType" name="body"></wsdl:part>
  </wsdl:message>
  <wsdl:message name="UpdateQualificationScore">
    <wsdl:part element="tns:UpdateQualificationScore" name="body"></wsdl:part>
  </wsdl:message>
  <wsdl:message name="GetHIT">
    <wsdl:part element="tns:GetHIT" name="body"></wsdl:part>
  </wsdl:message>
  <wsdl:message name="UpdateQualificationTypeResponse">
    <wsdl:part element="tns:UpdateQualificationTypeResponse" name="body"></wsdl:part>
  </wsdl:message>
  <wsdl:message name="GetQualificationRequests">
    <wsdl:part element="tns:GetQualificationRequests" name="body"></wsdl:part>
  </wsdl:message>
  <wsdl:message name="UnblockWorker">
    <wsdl:part element="tns:UnblockWorker" name="body"></wsdl:part>
  </wsdl:message>
  <wsdl:message name="CreateHITResponse">
    <wsdl:part element="tns:CreateHITResponse" name="body"></wsdl:part>
  </wsdl:message>
  <wsdl:message name="GetRequesterStatisticResponse">
    <wsdl:part element="tns:GetRequesterStatisticResponse" name="body"></wsdl:part>
  </wsdl:message>
  <wsdl:message name="RegisterHITTypeResponse">
    <wsdl:part element="tns:RegisterHITTypeResponse" name="body"></wsdl:part>
  </wsdl:message>
  <wsdl:message name="GetHITsForQualificationTypeResponse">
    <wsdl:part element="tns:GetHITsForQualificationTypeResponse" name="body"></wsdl:part>
  </wsdl:message>
  <wsdl:message name="GetReviewableHITsResponse">
    <wsdl:part element="tns:GetReviewableHITsResponse" name="body"></wsdl:part>
  </wsdl:message>
  <wsdl:message name="RejectQualificationRequestResponse">
    <wsdl:part element="tns:RejectQualificationRequestResponse" name="body"></wsdl:part>
  </wsdl:message>
  <wsdl:message name="ApproveAssignment">
    <wsdl:part element="tns:ApproveAssignment" name="body"></wsdl:part>
  </wsdl:message>
  <wsdl:message name="DisposeHITResponse">
    <wsdl:part element="tns:DisposeHITResponse" name="body"></wsdl:part>
  </wsdl:message>
  <wsdl:message name="SendTestEventNotification">
    <wsdl:part element="tns:SendTestEventNotification" name="body"></wsdl:part>
  </wsdl:message>
  <wsdl:message name="DisableHIT">
    <wsdl:part element="tns:DisableHIT" name="body"></wsdl:part>
  </wsdl:message>
  <wsdl:message name="GetRequesterWorkerStatistic">
    <wsdl:part element="tns:GetRequesterWorkerStatistic" name="body"></wsdl:part>
  </wsdl:message>
  <wsdl:message name="NotifyWorkersResponse">
    <wsdl:part element="tns:NotifyWorkersResponse" name="body"></wsdl:part>
  </wsdl:message>
  <wsdl:message name="ExtendHIT">
    <wsdl:part element="tns:ExtendHIT" name="body"></wsdl:part>
  </wsdl:message>
  <wsdl:message name="GetQualificationScore">
    <wsdl:part element="tns:GetQualificationScore" name="body"></wsdl:part>
  </wsdl:message>
  <wsdl:portType name="AWSMechanicalTurkRequesterPortType">
    <wsdl:operation name="NotifyWorkers">
      <wsdl:input message="tns:NotifyWorkers" name="NotifyWorkers"></wsdl:input>
      <wsdl:output message="tns:NotifyWorkersResponse" name="NotifyWorkersResponse"></wsdl:output>
    </wsdl:operation>
    <wsdl:operation name="ExtendHIT">
      <wsdl:input message="tns:ExtendHIT" name="ExtendHIT"></wsdl:input>
      <wsdl:output message="tns:ExtendHITResponse" name="ExtendHITResponse"></wsdl:output>
    </wsdl:operation>
    <wsdl:operation name="GetRequesterStatistic">
      <wsdl:input message="tns:GetRequesterStatistic" name="GetRequesterStatistic"></wsdl:input>
      <wsdl:output message="tns:GetRequesterStatisticResponse" name="GetRequesterStatisticResponse"></wsdl:output>
    </wsdl:operation>
    <wsdl:operation name="GetBlockedWorkers">
      <wsdl:input message="tns:GetBlockedWorkers" name="GetBlockedWorkers"></wsdl:input>
      <wsdl:output message="tns:GetBlockedWorkersResponse" name="GetBlockedWorkersResponse"></wsdl:output>
    </wsdl:operation>
    <wsdl:operation name="CreateQualificationType">
      <wsdl:input message="tns:CreateQualificationType" name="CreateQualificationType"></wsdl:input>
      <wsdl:output message="tns:CreateQualificationTypeResponse" name="CreateQualificationTypeResponse"></wsdl:output>
    </wsdl:operation>
    <wsdl:operation name="DisposeQualificationType">
      <wsdl:input message="tns:DisposeQualificationType" name="DisposeQualificationType"></wsdl:input>
      <wsdl:output message="tns:DisposeQualificationTypeResponse" name="DisposeQualificationTypeResponse"></wsdl:output>
    </wsdl:operation>
    <wsdl:operation name="GetHITsForQualificationType">
      <wsdl:input message="tns:GetHITsForQualificationType" name="GetHITsForQualificationType"></wsdl:input>
      <wsdl:output message="tns:GetHITsForQualificationTypeResponse" name="GetHITsForQualificationTypeResponse"></wsdl:output>
    </wsdl:operation>
    <wsdl:operation name="GetQualificationRequests">
      <wsdl:input message="tns:GetQualificationRequests" name="GetQualificationRequests"></wsdl:input>
      <wsdl:output message="tns:GetQualificationRequestsResponse" name="GetQualificationRequestsResponse"></wsdl:output>
    </wsdl:operation>
    <wsdl:operation name="CreateHIT">
      <wsdl:input message="tns:CreateHIT" name="CreateHIT"></wsdl:input>
      <wsdl:output message="tns:CreateHITResponse" name="CreateHITResponse"></wsdl:output>
    </wsdl:operation>
    <wsdl:operation name="Help">
      <wsdl:input message="tns:Help" name="Help"></wsdl:input>
      <wsdl:output message="tns:HelpResponse" name="HelpResponse"></wsdl:output>
    </wsdl:operation>
    <wsdl:operation name="GetRequesterWorkerStatistic">
      <wsdl:input message="tns:GetRequesterWorkerStatistic" name="GetRequesterWorkerStatistic"></wsdl:input>
      <wsdl:output message="tns:GetRequesterWorkerStatisticResponse" name="GetRequesterWorkerStatisticResponse"></wsdl:output>
    </wsdl:operation>
    <wsdl:operation name="GetBonusPayments">
      <wsdl:input message="tns:GetBonusPayments" name="GetBonusPayments"></wsdl:input>
      <wsdl:output message="tns:GetBonusPaymentsResponse" name="GetBonusPaymentsResponse"></wsdl:output>
    </wsdl:operation>
    <wsdl:operation name="UnblockWorker">
      <wsdl:input message="tns:UnblockWorker" name="UnblockWorker"></wsdl:input>
      <wsdl:output message="tns:UnblockWorkerResponse" name="UnblockWorkerResponse"></wsdl:output>
    </wsdl:operation>
    <wsdl:operation name="GetReviewableHITs">
      <wsdl:input message="tns:GetReviewableHITs" name="GetReviewableHITs"></wsdl:input>
      <wsdl:output message="tns:GetReviewableHITsResponse" name="GetReviewableHITsResponse"></wsdl:output>
    </wsdl:operation>
    <wsdl:operation name="GetReviewResultsForHIT">
      <wsdl:input message="tns:GetReviewResultsForHIT" name="GetReviewResultsForHIT"></wsdl:input>
      <wsdl:output message="tns:GetReviewResultsForHITResponse" name="GetReviewResultsForHITResponse"></wsdl:output>
    </wsdl:operation>
    <wsdl:operation name="GetQualificationScore">
      <wsdl:input message="tns:GetQualificationScore" name="GetQualificationScore"></wsdl:input>
      <wsdl:output message="tns:GetQualificationScoreResponse" name="GetQualificationScoreResponse"></wsdl:output>
    </wsdl:operation>
    <wsdl:operation name="GetHIT">
      <wsdl:input message="tns:GetHIT" name="GetHIT"></wsdl:input>
      <wsdl:output message="tns:GetHITResponse" name="GetHITResponse"></wsdl:output>
    </wsdl:operation>
    <wsdl:operation name="ForceExpireHIT">
      <wsdl:input message="tns:ForceExpireHIT" name="ForceExpireHIT"></wsdl:input>
      <wsdl:output message="tns:ForceExpireHITResponse" name="ForceExpireHITResponse"></wsdl:output>
    </wsdl:operation>
    <wsdl:operation name="GrantBonus">
      <wsdl:input message="tns:GrantBonus" name="GrantBonus"></wsdl:input>
      <wsdl:output message="tns:GrantBonusResponse" name="GrantBonusResponse"></wsdl:output>
    </wsdl:operation>
    <wsdl:operation name="AssignQualification">
      <wsdl:input message="tns:AssignQualification" name="AssignQualification"></wsdl:input>
      <wsdl:output message="tns:AssignQualificationResponse" name="AssignQualificationResponse"></wsdl:output>
    </wsdl:operation>
    <wsdl:operation name="GetAccountBalance">
      <wsdl:input message="tns:GetAccountBalance" name="GetAccountBalance"></wsdl:input>
      <wsdl:output message="tns:GetAccountBalanceResponse" name="GetAccountBalanceResponse"></wsdl:output>
    </wsdl:operation>
    <wsdl:operation name="RevokeQualification">
      <wsdl:input message="tns:RevokeQualification" name="RevokeQualification"></wsdl:input>
      <wsdl:output message="tns:RevokeQualificationResponse" name="RevokeQualificationResponse"></wsdl:output>
    </wsdl:operation>
    <wsdl:operation name="SendTestEventNotification">
      <wsdl:input message="tns:SendTestEventNotification" name="SendTestEventNotification"></wsdl:input>
      <wsdl:output message="tns:SendTestEventNotificationResponse" name="SendTestEventNotificationResponse"></wsdl:output>
    </wsdl:operation>
    <wsdl:operation name="GetQualificationsForQualificationType">
      <wsdl:input message="tns:GetQualificationsForQualificationType" name="GetQualificationsForQualificationType"></wsdl:input>
      <wsdl:output message="tns:GetQualificationsForQualificationTypeResponse" name="GetQualificationsForQualificationTypeResponse"></wsdl:output>
    </wsdl:operation>
    <wsdl:operation name="ApproveAssignment">
      <wsdl:input message="tns:ApproveAssignment" name="ApproveAssignment"></wsdl:input>
      <wsdl:output message="tns:ApproveAssignmentResponse" name="ApproveAssignmentResponse"></wsdl:output>
    </wsdl:operation>
    <wsdl:operation name="ChangeHITTypeOfHIT">
      <wsdl:input message="tns:ChangeHITTypeOfHIT" name="ChangeHITTypeOfHIT"></wsdl:input>
      <wsdl:output message="tns:ChangeHITTypeOfHITResponse" name="ChangeHITTypeOfHITResponse"></wsdl:output>
    </wsdl:operation>
    <wsdl:operation name="SearchHITs">
      <wsdl:input message="tns:SearchHITs" name="SearchHITs"></wsdl:input>
      <wsdl:output message="tns:SearchHITsResponse" name="SearchHITsResponse"></wsdl:output>
    </wsdl:operation>
    <wsdl:operation name="RejectQualificationRequest">
      <wsdl:input message="tns:RejectQualificationRequest" name="RejectQualificationRequest"></wsdl:input>
      <wsdl:output message="tns:RejectQualificationRequestResponse" name="RejectQualificationRequestResponse"></wsdl:output>
    </wsdl:operation>
    <wsdl:operation name="GetQualificationType">
      <wsdl:input message="tns:GetQualificationType" name="GetQualificationType"></wsdl:input>
      <wsdl:output message="tns:GetQualificationTypeResponse" name="GetQualificationTypeResponse"></wsdl:output>
    </wsdl:operation>
    <wsdl:operation name="GetAssignmentsForHIT">
      <wsdl:input message="tns:GetAssignmentsForHIT" name="GetAssignmentsForHIT"></wsdl:input>
      <wsdl:output message="tns:GetAssignmentsForHITResponse" name="GetAssignmentsForHITResponse"></wsdl:output>
    </wsdl:operation>
    <wsdl:operation name="DisableHIT">
      <wsdl:input message="tns:DisableHIT" name="DisableHIT"></wsdl:input>
      <wsdl:output message="tns:DisableHITResponse" name="DisableHITResponse"></wsdl:output>
    </wsdl:operation>
    <wsdl:operation name="SetHITAsReviewing">
      <wsdl:input message="tns:SetHITAsReviewing" name="SetHITAsReviewing"></wsdl:input>
      <wsdl:output message="tns:SetHITAsReviewingResponse" name="SetHITAsReviewingResponse"></wsdl:output>
    </wsdl:operation>
    <wsdl:operation name="UpdateQualificationType">
      <wsdl:input message="tns:UpdateQualificationType" name="UpdateQualificationType"></wsdl:input>
      <wsdl:output message="tns:UpdateQualificationTypeResponse" name="UpdateQualificationTypeResponse"></wsdl:output>
    </wsdl:operation>
    <wsdl:operation name="SearchQualificationTypes">
      <wsdl:input message="tns:SearchQualificationTypes" name="SearchQualificationTypes"></wsdl:input>
      <wsdl:output message="tns:SearchQualificationTypesResponse" name="SearchQualificationTypesResponse"></wsdl:output>
    </wsdl:operation>
    <wsdl:operation name="BlockWorker">
      <wsdl:input message="tns:BlockWorker" name="BlockWorker"></wsdl:input>
      <wsdl:output message="tns:BlockWorkerResponse" name="BlockWorkerResponse"></wsdl:output>
    </wsdl:operation>
    <wsdl:operation name="RegisterHITType">
      <wsdl:input message="tns:RegisterHITType" name="RegisterHITType"></wsdl:input>
      <wsdl:output message="tns:RegisterHITTypeResponse" name="RegisterHITTypeResponse"></wsdl:output>
    </wsdl:operation>
    <wsdl:operation name="SetHITTypeNotification">
      <wsdl:input message="tns:SetHITTypeNotification" name="SetHITTypeNotification"></wsdl:input>
      <wsdl:output message="tns:SetHITTypeNotificationResponse" name="SetHITTypeNotificationResponse"></wsdl:output>
    </wsdl:operation>
    <wsdl:operation name="GrantQualification">
      <wsdl:input message="tns:GrantQualification" name="GrantQualification"></wsdl:input>
      <wsdl:output message="tns:GrantQualificationResponse" name="GrantQualificationResponse"></wsdl:output>
    </wsdl:operation>
    <wsdl:operation name="GetAssignment">
      <wsdl:input message="tns:GetAssignment" name="GetAssignment"></wsdl:input>
      <wsdl:output message="tns:GetAssignmentResponse" name="GetAssignmentResponse"></wsdl:output>
    </wsdl:operation>
    <wsdl:operation name="ApproveRejectedAssignment">
      <wsdl:input message="tns:ApproveRejectedAssignment" name="ApproveRejectedAssignment"></wsdl:input>
      <wsdl:output message="tns:ApproveRejectedAssignmentResponse" name="ApproveRejectedAssignmentResponse"></wsdl:output>
    </wsdl:operation>
    <wsdl:operation name="DisposeHIT">
      <wsdl:input message="tns:DisposeHIT" name="DisposeHIT"></wsdl:input>
      <wsdl:output message="tns:DisposeHITResponse" name="DisposeHITResponse"></wsdl:output>
    </wsdl:operation>
    <wsdl:operation name="UpdateQualificationScore">
      <wsdl:input message="tns:UpdateQualificationScore" name="UpdateQualificationScore"></wsdl:input>
      <wsdl:output message="tns:UpdateQualificationScoreResponse" name="UpdateQualificationScoreResponse"></wsdl:output>
    </wsdl:operation>
    <wsdl:operation name="GetFileUploadURL">
      <wsdl:input message="tns:GetFileUploadURL" name="GetFileUploadURL"></wsdl:input>
      <wsdl:output message="tns:GetFileUploadURLResponse" name="GetFileUploadURLResponse"></wsdl:output>
    </wsdl:operation>
    <wsdl:operation name="RejectAssignment">
      <wsdl:input message="tns:RejectAssignment" name="RejectAssignment"></wsdl:input>
      <wsdl:output message="tns:RejectAssignmentResponse" name="RejectAssignmentResponse"></wsdl:output>
    </wsdl:operation>
  </wsdl:portType>
  <wsdl:binding name="AWSMechanicalTurkRequesterSoapBinding" type="tns:AWSMechanicalTurkRequesterPortType">
    <soap:binding style="document" transport="http://schemas.xmlsoap.org/soap/http"/>
    <wsdl:operation name="NotifyWorkers">
      <soap:operation soapAction="http://soap.amazon.com" style="document"/>
      <wsdl:input name="NotifyWorkers">
        <soap:body use="literal"/>
      </wsdl:input>
      <wsdl:output name="NotifyWorkersResponse">
        <soap:body use="literal"/>
      </wsdl:output>
    </wsdl:operation>
    <wsdl:operation name="ExtendHIT">
      <soap:operation soapAction="http://soap.amazon.com" style="document"/>
      <wsdl:input name="ExtendHIT">
        <soap:body use="literal"/>
      </wsdl:input>
      <wsdl:output name="ExtendHITResponse">
        <soap:body use="literal"/>
      </wsdl:output>
    </wsdl:operation>
    <wsdl:operation name="GetRequesterStatistic">
      <soap:operation soapAction="http://soap.amazon.com" style="document"/>
      <wsdl:input name="GetRequesterStatistic">
        <soap:body use="literal"/>
      </wsdl:input>
      <wsdl:output name="GetRequesterStatisticResponse">
        <soap:body use="literal"/>
      </wsdl:output>
    </wsdl:operation>
    <wsdl:operation name="GetBlockedWorkers">
      <soap:operation soapAction="http://soap.amazon.com" style="document"/>
      <wsdl:input name="GetBlockedWorkers">
        <soap:body use="literal"/>
      </wsdl:input>
      <wsdl:output name="GetBlockedWorkersResponse">
        <soap:body use="literal"/>
      </wsdl:output>
    </wsdl:operation>
    <wsdl:operation name="CreateQualificationType">
      <soap:operation soapAction="http://soap.amazon.com" style="document"/>
      <wsdl:input name="CreateQualificationType">
        <soap:body use="literal"/>
      </wsdl:input>
      <wsdl:output name="CreateQualificationTypeResponse">
        <soap:body use="literal"/>
      </wsdl:output>
    </wsdl:operation>
    <wsdl:operation name="DisposeQualificationType">
      <soap:operation soapAction="http://soap.amazon.com" style="document"/>
      <wsdl:input name="DisposeQualificationType">
        <soap:body use="literal"/>
      </wsdl:input>
      <wsdl:output name="DisposeQualificationTypeResponse">
        <soap:body use="literal"/>
      </wsdl:output>
    </wsdl:operation>
    <wsdl:operation name="GetHITsForQualificationType">
      <soap:operation soapAction="http://soap.amazon.com" style="document"/>
      <wsdl:input name="GetHITsForQualificationType">
        <soap:body use="literal"/>
      </wsdl:input>
      <wsdl:output name="GetHITsForQualificationTypeResponse">
        <soap:body use="literal"/>
      </wsdl:output>
    </wsdl:operation>
    <wsdl:operation name="GetQualificationRequests">
      <soap:operation soapAction="http://soap.amazon.com" style="document"/>
      <wsdl:input name="GetQualificationRequests">
        <soap:body use="literal"/>
      </wsdl:input>
      <wsdl:output name="GetQualificationRequestsResponse">
        <soap:body use="literal"/>
      </wsdl:output>
    </wsdl:operation>
    <wsdl:operation name="CreateHIT">
      <soap:operation soapAction="http://soap.amazon.com" style="document"/>
      <wsdl:input name="CreateHIT">
        <soap:body use="literal"/>
      </wsdl:input>
      <wsdl:output name="CreateHITResponse">
        <soap:body use="literal"/>
      </wsdl:output>
    </wsdl:operation>
    <wsdl:operation name="Help">
      <soap:operation soapAction="http://soap.amazon.com" style="document"/>
      <wsdl:input name="Help">
        <soap:body use="literal"/>
      </wsdl:input>
      <wsdl:output name="HelpResponse">
        <soap:body use="literal"/>
      </wsdl:output>
    </wsdl:operation>
    <wsdl:operation name="GetRequesterWorkerStatistic">
      <soap:operation soapAction="http://soap.amazon.com" style="document"/>
      <wsdl:input name="GetRequesterWorkerStatistic">
        <soap:body use="literal"/>
      </wsdl:input>
      <wsdl:output name="GetRequesterWorkerStatisticResponse">
        <soap:body use="literal"/>
      </wsdl:output>
    </wsdl:operation>
    <wsdl:operation name="GetBonusPayments">
      <soap:operation soapAction="http://soap.amazon.com" style="document"/>
      <wsdl:input name="GetBonusPayments">
        <soap:body use="literal"/>
      </wsdl:input>
      <wsdl:output name="GetBonusPaymentsResponse">
        <soap:body use="literal"/>
      </wsdl:output>
    </wsdl:operation>
    <wsdl:operation name="UnblockWorker">
      <soap:operation soapAction="http://soap.amazon.com" style="document"/>
      <wsdl:input name="UnblockWorker">
        <soap:body use="literal"/>
      </wsdl:input>
      <wsdl:output name="UnblockWorkerResponse">
        <soap:body use="literal"/>
      </wsdl:output>
    </wsdl:operation>
    <wsdl:operation name="GetReviewResultsForHIT">
      <soap:operation soapAction="http://soap.amazon.com" style="document"/>
      <wsdl:input name="GetReviewResultsForHIT">
        <soap:body use="literal"/>
      </wsdl:input>
      <wsdl:output name="GetReviewResultsForHITResponse">
        <soap:body use="literal"/>
      </wsdl:output>
    </wsdl:operation>
    <wsdl:operation name="GetReviewableHITs">
      <soap:operation soapAction="http://soap.amazon.com" style="document"/>
      <wsdl:input name="GetReviewableHITs">
        <soap:body use="literal"/>
      </wsdl:input>
      <wsdl:output name="GetReviewableHITsResponse">
        <soap:body use="literal"/>
      </wsdl:output>
    </wsdl:operation>
    <wsdl:operation name="GetHIT">
      <soap:operation soapAction="http://soap.amazon.com" style="document"/>
      <wsdl:input name="GetHIT">
        <soap:body use="literal"/>
      </wsdl:input>
      <wsdl:output name="GetHITResponse">
        <soap:body use="literal"/>
      </wsdl:output>
    </wsdl:operation>
    <wsdl:operation name="GetQualificationScore">
      <soap:operation soapAction="http://soap.amazon.com" style="document"/>
      <wsdl:input name="GetQualificationScore">
        <soap:body use="literal"/>
      </wsdl:input>
      <wsdl:output name="GetQualificationScoreResponse">
        <soap:body use="literal"/>
      </wsdl:output>
    </wsdl:operation>
    <wsdl:operation name="ForceExpireHIT">
      <soap:operation soapAction="http://soap.amazon.com" style="document"/>
      <wsdl:input name="ForceExpireHIT">
        <soap:body use="literal"/>
      </wsdl:input>
      <wsdl:output name="ForceExpireHITResponse">
        <soap:body use="literal"/>
      </wsdl:output>
    </wsdl:operation>
    <wsdl:operation name="AssignQualification">
      <soap:operation soapAction="http://soap.amazon.com" style="document"/>
      <wsdl:input name="AssignQualification">
        <soap:body use="literal"/>
      </wsdl:input>
      <wsdl:output name="AssignQualificationResponse">
        <soap:body use="literal"/>
      </wsdl:output>
    </wsdl:operation>
    <wsdl:operation name="GrantBonus">
      <soap:operation soapAction="http://soap.amazon.com" style="document"/>
      <wsdl:input name="GrantBonus">
        <soap:body use="literal"/>
      </wsdl:input>
      <wsdl:output name="GrantBonusResponse">
        <soap:body use="literal"/>
      </wsdl:output>
    </wsdl:operation>
    <wsdl:operation name="GetAccountBalance">
      <soap:operation soapAction="http://soap.amazon.com" style="document"/>
      <wsdl:input name="GetAccountBalance">
        <soap:body use="literal"/>
      </wsdl:input>
      <wsdl:output name="GetAccountBalanceResponse">
        <soap:body use="literal"/>
      </wsdl:output>
    </wsdl:operation>
    <wsdl:operation name="RevokeQualification">
      <soap:operation soapAction="http://soap.amazon.com" style="document"/>
      <wsdl:input name="RevokeQualification">
        <soap:body use="literal"/>
      </wsdl:input>
      <wsdl:output name="RevokeQualificationResponse">
        <soap:body use="literal"/>
      </wsdl:output>
    </wsdl:operation>
    <wsdl:operation name="GetQualificationsForQualificationType">
      <soap:operation soapAction="http://soap.amazon.com" style="document"/>
      <wsdl:input name="GetQualificationsForQualificationType">
        <soap:body use="literal"/>
      </wsdl:input>
      <wsdl:output name="GetQualificationsForQualificationTypeResponse">
        <soap:body use="literal"/>
      </wsdl:output>
    </wsdl:operation>
    <wsdl:operation name="SendTestEventNotification">
      <soap:operation soapAction="http://soap.amazon.com" style="document"/>
      <wsdl:input name="SendTestEventNotification">
        <soap:body use="literal"/>
      </wsdl:input>
      <wsdl:output name="SendTestEventNotificationResponse">
        <soap:body use="literal"/>
      </wsdl:output>
    </wsdl:operation>
    <wsdl:operation name="ApproveAssignment">
      <soap:operation soapAction="http://soap.amazon.com" style="document"/>
      <wsdl:input name="ApproveAssignment">
        <soap:body use="literal"/>
      </wsdl:input>
      <wsdl:output name="ApproveAssignmentResponse">
        <soap:body use="literal"/>
      </wsdl:output>
    </wsdl:operation>
    <wsdl:operation name="ChangeHITTypeOfHIT">
      <soap:operation soapAction="http://soap.amazon.com" style="document"/>
      <wsdl:input name="ChangeHITTypeOfHIT">
        <soap:body use="literal"/>
      </wsdl:input>
      <wsdl:output name="ChangeHITTypeOfHITResponse">
        <soap:body use="literal"/>
      </wsdl:output>
    </wsdl:operation>
    <wsdl:operation name="RejectQualificationRequest">
      <soap:operation soapAction="http://soap.amazon.com" style="document"/>
      <wsdl:input name="RejectQualificationRequest">
        <soap:body use="literal"/>
      </wsdl:input>
      <wsdl:output name="RejectQualificationRequestResponse">
        <soap:body use="literal"/>
      </wsdl:output>
    </wsdl:operation>
    <wsdl:operation name="SearchHITs">
      <soap:operation soapAction="http://soap.amazon.com" style="document"/>
      <wsdl:input name="SearchHITs">
        <soap:body use="literal"/>
      </wsdl:input>
      <wsdl:output name="SearchHITsResponse">
        <soap:body use="literal"/>
      </wsdl:output>
    </wsdl:operation>
    <wsdl:operation name="GetQualificationType">
      <soap:operation soapAction="http://soap.amazon.com" style="document"/>
      <wsdl:input name="GetQualificationType">
        <soap:body use="literal"/>
      </wsdl:input>
      <wsdl:output name="GetQualificationTypeResponse">
        <soap:body use="literal"/>
      </wsdl:output>
    </wsdl:operation>
    <wsdl:operation name="GetAssignmentsForHIT">
      <soap:operation soapAction="http://soap.amazon.com" style="document"/>
      <wsdl:input name="GetAssignmentsForHIT">
        <soap:body use="literal"/>
      </wsdl:input>
      <wsdl:output name="GetAssignmentsForHITResponse">
        <soap:body use="literal"/>
      </wsdl:output>
    </wsdl:operation>
    <wsdl:operation name="DisableHIT">
      <soap:operation soapAction="http://soap.amazon.com" style="document"/>
      <wsdl:input name="DisableHIT">
        <soap:body use="literal"/>
      </wsdl:input>
      <wsdl:output name="DisableHITResponse">
        <soap:body use="literal"/>
      </wsdl:output>
    </wsdl:operation>
    <wsdl:operation name="SetHITAsReviewing">
      <soap:operation soapAction="http://soap.amazon.com" style="document"/>
      <wsdl:input name="SetHITAsReviewing">
        <soap:body use="literal"/>
      </wsdl:input>
      <wsdl:output name="SetHITAsReviewingResponse">
        <soap:body use="literal"/>
      </wsdl:output>
    </wsdl:operation>
    <wsdl:operation name="UpdateQualificationType">
      <soap:operation soapAction="http://soap.amazon.com" style="document"/>
      <wsdl:input name="UpdateQualificationType">
        <soap:body use="literal"/>
      </wsdl:input>
      <wsdl:output name="UpdateQualificationTypeResponse">
        <soap:body use="literal"/>
      </wsdl:output>
    </wsdl:operation>
    <wsdl:operation name="BlockWorker">
      <soap:operation soapAction="http://soap.amazon.com" style="document"/>
      <wsdl:input name="BlockWorker">
        <soap:body use="literal"/>
      </wsdl:input>
      <wsdl:output name="BlockWorkerResponse">
        <soap:body use="literal"/>
      </wsdl:output>
    </wsdl:operation>
    <wsdl:operation name="SearchQualificationTypes">
      <soap:operation soapAction="http://soap.amazon.com" style="document"/>
      <wsdl:input name="SearchQualificationTypes">
        <soap:body use="literal"/>
      </wsdl:input>
      <wsdl:output name="SearchQualificationTypesResponse">
        <soap:body use="literal"/>
      </wsdl:output>
    </wsdl:operation>
    <wsdl:operation name="RegisterHITType">
      <soap:operation soapAction="http://soap.amazon.com" style="document"/>
      <wsdl:input name="RegisterHITType">
        <soap:body use="literal"/>
      </wsdl:input>
      <wsdl:output name="RegisterHITTypeResponse">
        <soap:body use="literal"/>
      </wsdl:output>
    </wsdl:operation>
    <wsdl:operation name="SetHITTypeNotification">
      <soap:operation soapAction="http://soap.amazon.com" style="document"/>
      <wsdl:input name="SetHITTypeNotification">
        <soap:body use="literal"/>
      </wsdl:input>
      <wsdl:output name="SetHITTypeNotificationResponse">
        <soap:body use="literal"/>
      </wsdl:output>
    </wsdl:operation>
    <wsdl:operation name="ApproveRejectedAssignment">
      <soap:operation soapAction="http://soap.amazon.com" style="document"/>
      <wsdl:input name="ApproveRejectedAssignment">
        <soap:body use="literal"/>
      </wsdl:input>
      <wsdl:output name="ApproveRejectedAssignmentResponse">
        <soap:body use="literal"/>
      </wsdl:output>
    </wsdl:operation>
    <wsdl:operation name="GetAssignment">
      <soap:operation soapAction="http://soap.amazon.com" style="document"/>
      <wsdl:input name="GetAssignment">
        <soap:body use="literal"/>
      </wsdl:input>
      <wsdl:output name="GetAssignmentResponse">
        <soap:body use="literal"/>
      </wsdl:output>
    </wsdl:operation>
    <wsdl:operation name="GrantQualification">
      <soap:operation soapAction="http://soap.amazon.com" style="document"/>
      <wsdl:input name="GrantQualification">
        <soap:body use="literal"/>
      </wsdl:input>
      <wsdl:output name="GrantQualificationResponse">
        <soap:body use="literal"/>
      </wsdl:output>
    </wsdl:operation>
    <wsdl:operation name="DisposeHIT">
      <soap:operation soapAction="http://soap.amazon.com" style="document"/>
      <wsdl:input name="DisposeHIT">
        <soap:body use="literal"/>
      </wsdl:input>
      <wsdl:output name="DisposeHITResponse">
        <soap:body use="literal"/>
      </wsdl:output>
    </wsdl:operation>
    <wsdl:operation name="UpdateQualificationScore">
      <soap:operation soapAction="http://soap.amazon.com" style="document"/>
      <wsdl:input name="UpdateQualificationScore">
        <soap:body use="literal"/>
      </wsdl:input>
      <wsdl:output name="UpdateQualificationScoreResponse">
        <soap:body use="literal"/>
      </wsdl:output>
    </wsdl:operation>
    <wsdl:operation name="GetFileUploadURL">
      <soap:operation soapAction="http://soap.amazon.com" style="document"/>
      <wsdl:input name="GetFileUploadURL">
        <soap:body use="literal"/>
      </wsdl:input>
      <wsdl:output name="GetFileUploadURLResponse">
        <soap:body use="literal"/>
      </wsdl:output>
    </wsdl:operation>
    <wsdl:operation name="RejectAssignment">
      <soap:operation soapAction="http://soap.amazon.com" style="document"/>
      <wsdl:input name="RejectAssignment">
        <soap:body use="literal"/>
      </wsdl:input>
      <wsdl:output name="RejectAssignmentResponse">
        <soap:body use="literal"/>
      </wsdl:output>
    </wsdl:operation>
  </wsdl:binding>
  <wsdl:service name="AWSMechanicalTurkRequester">
    <wsdl:port binding="tns:AWSMechanicalTurkRequesterSoapBinding" name="AWSMechanicalTurkRequesterPort">
      <soap:address location="http://localhost:8080/test_aws/services/AWSMechanicalTurkRequesterPortType"/>
    </wsdl:port>
  </wsdl:service>
</wsdl:definitions>]]></con:content><con:type>http://schemas.xmlsoap.org/wsdl/</con:type></con:part></con:definitionCache><con:endpoints><con:endpoint>http://localhost:8080/test_aws/services/AWSMechanicalTurkRequesterPortType</con:endpoint></con:endpoints><con:operation isOneWay="false" action="http://soap.amazon.com" name="ApproveAssignment" bindingOperationName="ApproveAssignment" type="Request-Response" outputName="ApproveAssignmentResponse" inputName="ApproveAssignment" receivesAttachments="false" sendsAttachments="false" anonymous="optional"><con:settings/><con:call name="Request 1"><con:settings/><con:encoding>UTF-8</con:encoding><con:endpoint>http://localhost:8080/test_aws/services/AWSMechanicalTurkRequesterPortType</con:endpoint><con:request><![CDATA[<soapenv:Envelope xmlns:soapenv="http://schemas.xmlsoap.org/soap/envelope/" xmlns:ns="http://requester.mturk.amazonaws.com/doc/2012-03-25">
   <soapenv:Header/>
   <soapenv:Body>
      <ns:ApproveAssignment>
         <ns:AWSAccessKeyId>?</ns:AWSAccessKeyId>
         <ns:Timestamp>?</ns:Timestamp>
         <ns:Signature>?</ns:Signature>
         <!--Optional:-->
         <ns:Validate>?</ns:Validate>
         <!--Optional:-->
         <ns:Credential>?</ns:Credential>
         <!--Zero or more repetitions:-->
         <ns:Request>
            <ns:AssignmentId>?</ns:AssignmentId>
            <!--Zero or more repetitions:-->
            <ns:ResponseGroup>?</ns:ResponseGroup>
            <!--Optional:-->
            <ns:RequesterFeedback>?</ns:RequesterFeedback>
         </ns:Request>
      </ns:ApproveAssignment>
   </soapenv:Body>
</soapenv:Envelope>]]></con:request><con:credentials><con:authType>No Authorization</con:authType></con:credentials><con:jmsConfig JMSDeliveryMode="PERSISTENT"/><con:jmsPropertyConfig/><con:wsaConfig mustUnderstand="NONE" version="200508" action="http://soap.amazon.com"/><con:wsrmConfig version="1.2"/></con:call></con:operation><con:operation isOneWay="false" action="http://soap.amazon.com" name="ApproveRejectedAssignment" bindingOperationName="ApproveRejectedAssignment" type="Request-Response" outputName="ApproveRejectedAssignmentResponse" inputName="ApproveRejectedAssignment" receivesAttachments="false" sendsAttachments="false" anonymous="optional"><con:settings/><con:call name="Request 1"><con:settings/><con:encoding>UTF-8</con:encoding><con:endpoint>http://localhost:8080/test_aws/services/AWSMechanicalTurkRequesterPortType</con:endpoint><con:request><![CDATA[<soapenv:Envelope xmlns:soapenv="http://schemas.xmlsoap.org/soap/envelope/" xmlns:ns="http://requester.mturk.amazonaws.com/doc/2012-03-25">
   <soapenv:Header/>
   <soapenv:Body>
      <ns:ApproveRejectedAssignment>
         <ns:AWSAccessKeyId>?</ns:AWSAccessKeyId>
         <ns:Timestamp>?</ns:Timestamp>
         <ns:Signature>?</ns:Signature>
         <!--Optional:-->
         <ns:Validate>?</ns:Validate>
         <!--Optional:-->
         <ns:Credential>?</ns:Credential>
         <!--Zero or more repetitions:-->
         <ns:Request>
            <ns:AssignmentId>?</ns:AssignmentId>
            <!--Zero or more repetitions:-->
            <ns:ResponseGroup>?</ns:ResponseGroup>
            <!--Optional:-->
            <ns:RequesterFeedback>?</ns:RequesterFeedback>
         </ns:Request>
      </ns:ApproveRejectedAssignment>
   </soapenv:Body>
</soapenv:Envelope>]]></con:request><con:wsaConfig mustUnderstand="NONE" version="200508" action="http://soap.amazon.com"/></con:call></con:operation><con:operation isOneWay="false" action="http://soap.amazon.com" name="AssignQualification" bindingOperationName="AssignQualification" type="Request-Response" outputName="AssignQualificationResponse" inputName="AssignQualification" receivesAttachments="false" sendsAttachments="false" anonymous="optional"><con:settings/><con:call name="Request 1"><con:settings/><con:encoding>UTF-8</con:encoding><con:endpoint>http://localhost:8080/test_aws/services/AWSMechanicalTurkRequesterPortType</con:endpoint><con:request><![CDATA[<soapenv:Envelope xmlns:soapenv="http://schemas.xmlsoap.org/soap/envelope/" xmlns:ns="http://requester.mturk.amazonaws.com/doc/2012-03-25">
   <soapenv:Header/>
   <soapenv:Body>
      <ns:AssignQualification>
         <ns:AWSAccessKeyId>?</ns:AWSAccessKeyId>
         <ns:Timestamp>?</ns:Timestamp>
         <ns:Signature>?</ns:Signature>
         <!--Optional:-->
         <ns:Validate>?</ns:Validate>
         <!--Optional:-->
         <ns:Credential>?</ns:Credential>
         <!--Zero or more repetitions:-->
         <ns:Request>
            <ns:QualificationTypeId>?</ns:QualificationTypeId>
            <ns:WorkerId>?</ns:WorkerId>
            <!--Optional:-->
            <ns:IntegerValue>?</ns:IntegerValue>
            <!--Optional:-->
            <ns:SendNotification>?</ns:SendNotification>
            <!--Zero or more repetitions:-->
            <ns:ResponseGroup>?</ns:ResponseGroup>
         </ns:Request>
      </ns:AssignQualification>
   </soapenv:Body>
</soapenv:Envelope>]]></con:request><con:wsaConfig mustUnderstand="NONE" version="200508" action="http://soap.amazon.com"/></con:call></con:operation><con:operation isOneWay="false" action="http://soap.amazon.com" name="BlockWorker" bindingOperationName="BlockWorker" type="Request-Response" outputName="BlockWorkerResponse" inputName="BlockWorker" receivesAttachments="false" sendsAttachments="false" anonymous="optional"><con:settings/><con:call name="Request 1"><con:settings/><con:encoding>UTF-8</con:encoding><con:endpoint>http://localhost:8080/test_aws/services/AWSMechanicalTurkRequesterPortType</con:endpoint><con:request><![CDATA[<soapenv:Envelope xmlns:soapenv="http://schemas.xmlsoap.org/soap/envelope/" xmlns:ns="http://requester.mturk.amazonaws.com/doc/2012-03-25">
   <soapenv:Header/>
   <soapenv:Body>
      <ns:BlockWorker>
         <ns:AWSAccessKeyId>?</ns:AWSAccessKeyId>
         <ns:Timestamp>?</ns:Timestamp>
         <ns:Signature>?</ns:Signature>
         <!--Optional:-->
         <ns:Validate>?</ns:Validate>
         <!--Optional:-->
         <ns:Credential>?</ns:Credential>
         <!--1 or more repetitions:-->
         <ns:Request>
            <ns:WorkerId>?</ns:WorkerId>
            <ns:Reason>?</ns:Reason>
            <!--Zero or more repetitions:-->
            <ns:ResponseGroup>?</ns:ResponseGroup>
         </ns:Request>
      </ns:BlockWorker>
   </soapenv:Body>
</soapenv:Envelope>]]></con:request><con:wsaConfig mustUnderstand="NONE" version="200508" action="http://soap.amazon.com"/></con:call></con:operation><con:operation isOneWay="false" action="http://soap.amazon.com" name="ChangeHITTypeOfHIT" bindingOperationName="ChangeHITTypeOfHIT" type="Request-Response" outputName="ChangeHITTypeOfHITResponse" inputName="ChangeHITTypeOfHIT" receivesAttachments="false" sendsAttachments="false" anonymous="optional"><con:settings/><con:call name="Request 1"><con:settings/><con:encoding>UTF-8</con:encoding><con:endpoint>http://localhost:8080/test_aws/services/AWSMechanicalTurkRequesterPortType</con:endpoint><con:request><![CDATA[<soapenv:Envelope xmlns:soapenv="http://schemas.xmlsoap.org/soap/envelope/" xmlns:ns="http://requester.mturk.amazonaws.com/doc/2012-03-25">
   <soapenv:Header/>
   <soapenv:Body>
      <ns:ChangeHITTypeOfHIT>
         <ns:AWSAccessKeyId>?</ns:AWSAccessKeyId>
         <ns:Timestamp>?</ns:Timestamp>
         <ns:Signature>?</ns:Signature>
         <!--Optional:-->
         <ns:Validate>?</ns:Validate>
         <!--Optional:-->
         <ns:Credential>?</ns:Credential>
         <!--1 or more repetitions:-->
         <ns:Request>
            <ns:HITId>?</ns:HITId>
            <ns:HITTypeId>?</ns:HITTypeId>
            <!--Zero or more repetitions:-->
            <ns:ResponseGroup>?</ns:ResponseGroup>
         </ns:Request>
      </ns:ChangeHITTypeOfHIT>
   </soapenv:Body>
</soapenv:Envelope>]]></con:request><con:wsaConfig mustUnderstand="NONE" version="200508" action="http://soap.amazon.com"/></con:call></con:operation><con:operation isOneWay="false" action="http://soap.amazon.com" name="CreateHIT" bindingOperationName="CreateHIT" type="Request-Response" outputName="CreateHITResponse" inputName="CreateHIT" receivesAttachments="false" sendsAttachments="false" anonymous="optional"><con:settings/><con:call name="Request 1"><con:settings><con:setting id="com.eviware.soapui.impl.wsdl.WsdlRequest@request-headers">&lt;xml-fragment/></con:setting></con:settings><con:encoding>UTF-8</con:encoding><con:endpoint>http://localhost:8080/test_aws/services/AWSMechanicalTurkRequesterPortType</con:endpoint><con:request><![CDATA[<soapenv:Envelope xmlns:soapenv="http://schemas.xmlsoap.org/soap/envelope/" xmlns:ns="http://requester.mturk.amazonaws.com/doc/2012-03-25">
   <soapenv:Header/>
   <soapenv:Body>
      <ns:CreateHIT>
         <ns:AWSAccessKeyId>?</ns:AWSAccessKeyId>
         <ns:Timestamp>?</ns:Timestamp>
         <ns:Signature>?</ns:Signature>
         <!--Optional:-->
         <ns:Validate>?</ns:Validate>
         <!--Optional:-->
         <ns:Credential>?</ns:Credential>
         <!--1 or more repetitions:-->
         <ns:Request>
            <!--Optional:-->
            <ns:HITTypeId>?</ns:HITTypeId>
            <!--Optional:-->
            <ns:MaxAssignments>?</ns:MaxAssignments>
            <!--Optional:-->
            <ns:AutoApprovalDelayInSeconds>?</ns:AutoApprovalDelayInSeconds>
            <ns:LifetimeInSeconds>?</ns:LifetimeInSeconds>
            <!--Optional:-->
            <ns:AssignmentDurationInSeconds>?</ns:AssignmentDurationInSeconds>
            <!--Optional:-->
            <ns:Reward>
               <ns:Amount>?</ns:Amount>
               <ns:CurrencyCode>?</ns:CurrencyCode>
               <!--Optional:-->
               <ns:FormattedPrice>?</ns:FormattedPrice>
            </ns:Reward>
            <!--Optional:-->
            <ns:Title>?</ns:Title>
            <!--Optional:-->
            <ns:Keywords>?</ns:Keywords>
            <!--Optional:-->
            <ns:Description>?</ns:Description>
            <!--Optional:-->
            <ns:Question>?</ns:Question>
            <!--Optional:-->
            <ns:RequesterAnnotation>?</ns:RequesterAnnotation>
            <!--Zero or more repetitions:-->
            <ns:QualificationRequirement>
               <ns:QualificationTypeId>?</ns:QualificationTypeId>
               <ns:Comparator>?</ns:Comparator>
               <!--Optional:-->
               <ns:IntegerValue>?</ns:IntegerValue>
               <!--Optional:-->
               <ns:LocaleValue>
                  <!--Optional:-->
                  <ns:Country>?</ns:Country>
               </ns:LocaleValue>
               <!--Optional:-->
               <ns:RequiredToPreview>?</ns:RequiredToPreview>
            </ns:QualificationRequirement>
            <!--Optional:-->
            <ns:UniqueRequestToken>?</ns:UniqueRequestToken>
            <!--Optional:-->
            <ns:AssignmentReviewPolicy>
               <ns:PolicyName>?</ns:PolicyName>
               <!--Zero or more repetitions:-->
               <ns:Parameter>
                  <ns:Key>?</ns:Key>
                  <!--Zero or more repetitions:-->
                  <ns:Value>?</ns:Value>
                  <!--Zero or more repetitions:-->
                  <ns:MapEntry>
                     <ns:Key>?</ns:Key>
                     <!--Zero or more repetitions:-->
                     <ns:Value>?</ns:Value>
                  </ns:MapEntry>
               </ns:Parameter>
            </ns:AssignmentReviewPolicy>
            <!--Optional:-->
            <ns:HITReviewPolicy>
               <ns:PolicyName>?</ns:PolicyName>
               <!--Zero or more repetitions:-->
               <ns:Parameter>
                  <ns:Key>?</ns:Key>
                  <!--Zero or more repetitions:-->
                  <ns:Value>?</ns:Value>
                  <!--Zero or more repetitions:-->
                  <ns:MapEntry>
                     <ns:Key>?</ns:Key>
                     <!--Zero or more repetitions:-->
                     <ns:Value>?</ns:Value>
                  </ns:MapEntry>
               </ns:Parameter>
            </ns:HITReviewPolicy>
            <!--Optional:-->
            <ns:HITLayoutId>?</ns:HITLayoutId>
            <!--Zero or more repetitions:-->
            <ns:HITLayoutParameter>
               <ns:Name>?</ns:Name>
               <ns:Value>?</ns:Value>
            </ns:HITLayoutParameter>
            <!--Zero or more repetitions:-->
            <ns:ResponseGroup>?</ns:ResponseGroup>
         </ns:Request>
      </ns:CreateHIT>
   </soapenv:Body>
</soapenv:Envelope>]]></con:request><con:credentials><con:authType>No Authorization</con:authType></con:credentials><con:jmsConfig JMSDeliveryMode="PERSISTENT"/><con:jmsPropertyConfig/><con:wsaConfig mustUnderstand="NONE" version="200508" action="http://soap.amazon.com"/><con:wsrmConfig version="1.2"/></con:call></con:operation><con:operation isOneWay="false" action="http://soap.amazon.com" name="CreateQualificationType" bindingOperationName="CreateQualificationType" type="Request-Response" outputName="CreateQualificationTypeResponse" inputName="CreateQualificationType" receivesAttachments="false" sendsAttachments="false" anonymous="optional"><con:settings/><con:call name="Request 1"><con:settings/><con:encoding>UTF-8</con:encoding><con:endpoint>http://localhost:8080/test_aws/services/AWSMechanicalTurkRequesterPortType</con:endpoint><con:request><![CDATA[<soapenv:Envelope xmlns:soapenv="http://schemas.xmlsoap.org/soap/envelope/" xmlns:ns="http://requester.mturk.amazonaws.com/doc/2012-03-25">
   <soapenv:Header/>
   <soapenv:Body>
      <ns:CreateQualificationType>
         <ns:AWSAccessKeyId>?</ns:AWSAccessKeyId>
         <ns:Timestamp>?</ns:Timestamp>
         <ns:Signature>?</ns:Signature>
         <!--Optional:-->
         <ns:Validate>?</ns:Validate>
         <!--Optional:-->
         <ns:Credential>?</ns:Credential>
         <!--Zero or more repetitions:-->
         <ns:Request>
            <ns:Name>?</ns:Name>
            <!--Optional:-->
            <ns:Keywords>?</ns:Keywords>
            <!--Optional:-->
            <ns:Description>?</ns:Description>
            <!--Optional:-->
            <ns:QualificationTypeStatus>?</ns:QualificationTypeStatus>
            <!--Optional:-->
            <ns:RetryDelayInSeconds>?</ns:RetryDelayInSeconds>
            <!--Optional:-->
            <ns:Test>?</ns:Test>
            <!--Optional:-->
            <ns:AnswerKey>?</ns:AnswerKey>
            <!--Optional:-->
            <ns:TestDurationInSeconds>?</ns:TestDurationInSeconds>
            <!--Optional:-->
            <ns:AutoGranted>?</ns:AutoGranted>
            <!--Optional:-->
            <ns:AutoGrantedValue>?</ns:AutoGrantedValue>
            <!--Zero or more repetitions:-->
            <ns:ResponseGroup>?</ns:ResponseGroup>
         </ns:Request>
      </ns:CreateQualificationType>
   </soapenv:Body>
</soapenv:Envelope>]]></con:request><con:wsaConfig mustUnderstand="NONE" version="200508" action="http://soap.amazon.com"/></con:call></con:operation><con:operation isOneWay="false" action="http://soap.amazon.com" name="DisableHIT" bindingOperationName="DisableHIT" type="Request-Response" outputName="DisableHITResponse" inputName="DisableHIT" receivesAttachments="false" sendsAttachments="false" anonymous="optional"><con:settings/><con:call name="Request 1"><con:settings/><con:encoding>UTF-8</con:encoding><con:endpoint>http://localhost:8080/test_aws/services/AWSMechanicalTurkRequesterPortType</con:endpoint><con:request><![CDATA[<soapenv:Envelope xmlns:soapenv="http://schemas.xmlsoap.org/soap/envelope/" xmlns:ns="http://requester.mturk.amazonaws.com/doc/2012-03-25">
   <soapenv:Header/>
   <soapenv:Body>
      <ns:DisableHIT>
         <ns:AWSAccessKeyId>?</ns:AWSAccessKeyId>
         <ns:Timestamp>?</ns:Timestamp>
         <ns:Signature>?</ns:Signature>
         <!--Optional:-->
         <ns:Validate>?</ns:Validate>
         <!--Optional:-->
         <ns:Credential>?</ns:Credential>
         <!--Zero or more repetitions:-->
         <ns:Request>
            <ns:HITId>?</ns:HITId>
            <!--Zero or more repetitions:-->
            <ns:ResponseGroup>?</ns:ResponseGroup>
         </ns:Request>
      </ns:DisableHIT>
   </soapenv:Body>
</soapenv:Envelope>]]></con:request><con:wsaConfig mustUnderstand="NONE" version="200508" action="http://soap.amazon.com"/></con:call></con:operation><con:operation isOneWay="false" action="http://soap.amazon.com" name="DisposeHIT" bindingOperationName="DisposeHIT" type="Request-Response" outputName="DisposeHITResponse" inputName="DisposeHIT" receivesAttachments="false" sendsAttachments="false" anonymous="optional"><con:settings/><con:call name="Request 1"><con:settings/><con:encoding>UTF-8</con:encoding><con:endpoint>http://localhost:8080/test_aws/services/AWSMechanicalTurkRequesterPortType</con:endpoint><con:request><![CDATA[<soapenv:Envelope xmlns:soapenv="http://schemas.xmlsoap.org/soap/envelope/" xmlns:ns="http://requester.mturk.amazonaws.com/doc/2012-03-25">
   <soapenv:Header/>
   <soapenv:Body>
      <ns:DisposeHIT>
         <ns:AWSAccessKeyId>?</ns:AWSAccessKeyId>
         <ns:Timestamp>?</ns:Timestamp>
         <ns:Signature>?</ns:Signature>
         <!--Optional:-->
         <ns:Validate>?</ns:Validate>
         <!--Optional:-->
         <ns:Credential>?</ns:Credential>
         <!--Zero or more repetitions:-->
         <ns:Request>
            <ns:HITId>?</ns:HITId>
            <!--Zero or more repetitions:-->
            <ns:ResponseGroup>?</ns:ResponseGroup>
         </ns:Request>
      </ns:DisposeHIT>
   </soapenv:Body>
</soapenv:Envelope>]]></con:request><con:wsaConfig mustUnderstand="NONE" version="200508" action="http://soap.amazon.com"/></con:call></con:operation><con:operation isOneWay="false" action="http://soap.amazon.com" name="DisposeQualificationType" bindingOperationName="DisposeQualificationType" type="Request-Response" outputName="DisposeQualificationTypeResponse" inputName="DisposeQualificationType" receivesAttachments="false" sendsAttachments="false" anonymous="optional"><con:settings/><con:call name="Request 1"><con:settings/><con:encoding>UTF-8</con:encoding><con:endpoint>http://localhost:8080/test_aws/services/AWSMechanicalTurkRequesterPortType</con:endpoint><con:request><![CDATA[<soapenv:Envelope xmlns:soapenv="http://schemas.xmlsoap.org/soap/envelope/" xmlns:ns="http://requester.mturk.amazonaws.com/doc/2012-03-25">
   <soapenv:Header/>
   <soapenv:Body>
      <ns:DisposeQualificationType>
         <ns:AWSAccessKeyId>?</ns:AWSAccessKeyId>
         <ns:Timestamp>?</ns:Timestamp>
         <ns:Signature>?</ns:Signature>
         <!--Optional:-->
         <ns:Validate>?</ns:Validate>
         <!--Optional:-->
         <ns:Credential>?</ns:Credential>
         <!--Zero or more repetitions:-->
         <ns:Request>
            <!--Optional:-->
            <ns:QualificationTypeId>?</ns:QualificationTypeId>
         </ns:Request>
      </ns:DisposeQualificationType>
   </soapenv:Body>
</soapenv:Envelope>]]></con:request><con:wsaConfig mustUnderstand="NONE" version="200508" action="http://soap.amazon.com"/></con:call></con:operation><con:operation isOneWay="false" action="http://soap.amazon.com" name="ExtendHIT" bindingOperationName="ExtendHIT" type="Request-Response" outputName="ExtendHITResponse" inputName="ExtendHIT" receivesAttachments="false" sendsAttachments="false" anonymous="optional"><con:settings/><con:call name="Request 1"><con:settings/><con:encoding>UTF-8</con:encoding><con:endpoint>http://localhost:8080/test_aws/services/AWSMechanicalTurkRequesterPortType</con:endpoint><con:request><![CDATA[<soapenv:Envelope xmlns:soapenv="http://schemas.xmlsoap.org/soap/envelope/" xmlns:ns="http://requester.mturk.amazonaws.com/doc/2012-03-25">
   <soapenv:Header/>
   <soapenv:Body>
      <ns:ExtendHIT>
         <ns:AWSAccessKeyId>?</ns:AWSAccessKeyId>
         <ns:Timestamp>?</ns:Timestamp>
         <ns:Signature>?</ns:Signature>
         <!--Optional:-->
         <ns:Validate>?</ns:Validate>
         <!--Optional:-->
         <ns:Credential>?</ns:Credential>
         <!--1 or more repetitions:-->
         <ns:Request>
            <ns:HITId>?</ns:HITId>
            <!--Optional:-->
            <ns:MaxAssignmentsIncrement>?</ns:MaxAssignmentsIncrement>
            <!--Optional:-->
            <ns:ExpirationIncrementInSeconds>?</ns:ExpirationIncrementInSeconds>
            <!--Optional:-->
            <ns:UniqueRequestToken>?</ns:UniqueRequestToken>
            <!--Zero or more repetitions:-->
            <ns:ResponseGroup>?</ns:ResponseGroup>
         </ns:Request>
      </ns:ExtendHIT>
   </soapenv:Body>
</soapenv:Envelope>]]></con:request><con:wsaConfig mustUnderstand="NONE" version="200508" action="http://soap.amazon.com"/></con:call></con:operation><con:operation isOneWay="false" action="http://soap.amazon.com" name="ForceExpireHIT" bindingOperationName="ForceExpireHIT" type="Request-Response" outputName="ForceExpireHITResponse" inputName="ForceExpireHIT" receivesAttachments="false" sendsAttachments="false" anonymous="optional"><con:settings/><con:call name="Request 1"><con:settings/><con:encoding>UTF-8</con:encoding><con:endpoint>http://localhost:8080/test_aws/services/AWSMechanicalTurkRequesterPortType</con:endpoint><con:request><![CDATA[<soapenv:Envelope xmlns:soapenv="http://schemas.xmlsoap.org/soap/envelope/" xmlns:ns="http://requester.mturk.amazonaws.com/doc/2012-03-25">
   <soapenv:Header/>
   <soapenv:Body>
      <ns:ForceExpireHIT>
         <ns:AWSAccessKeyId>?</ns:AWSAccessKeyId>
         <ns:Timestamp>?</ns:Timestamp>
         <ns:Signature>?</ns:Signature>
         <!--Optional:-->
         <ns:Validate>?</ns:Validate>
         <!--Optional:-->
         <ns:Credential>?</ns:Credential>
         <!--Zero or more repetitions:-->
         <ns:Request>
            <ns:HITId>?</ns:HITId>
            <!--Zero or more repetitions:-->
            <ns:ResponseGroup>?</ns:ResponseGroup>
         </ns:Request>
      </ns:ForceExpireHIT>
   </soapenv:Body>
</soapenv:Envelope>]]></con:request><con:wsaConfig mustUnderstand="NONE" version="200508" action="http://soap.amazon.com"/></con:call></con:operation><con:operation isOneWay="false" action="http://soap.amazon.com" name="GetAccountBalance" bindingOperationName="GetAccountBalance" type="Request-Response" outputName="GetAccountBalanceResponse" inputName="GetAccountBalance" receivesAttachments="false" sendsAttachments="false" anonymous="optional"><con:settings/><con:call name="Request 1"><con:settings><con:setting id="com.eviware.soapui.impl.wsdl.WsdlRequest@request-headers">&lt;xml-fragment/></con:setting></con:settings><con:encoding>UTF-8</con:encoding><con:endpoint>http://localhost:8080/test_aws/services/AWSMechanicalTurkRequesterPortType</con:endpoint><con:request><![CDATA[
	<soapenv:Envelope xmlns:soapenv="http://schemas.xmlsoap.org/soap/envelope/" 
			xmlns:xsd="http://www.w3.org/2001/XMLSchema" 
			xmlns:xsi="http://www.w3.org/2001/XMLSchema-instance">
		<soapenv:Body>
			<GetAccountBalance xmlns="http://requester.mturk.amazonaws.com/doc/2012-03-25">
				<AWSAccessKeyId>AKIAIGMFIAYDHSEJGVPA</AWSAccessKeyId>
				<Timestamp>2014-06-18T02:42:09.223Z</Timestamp>
				<Signature>lQtI4tvFiOYJkd/R5Vc7OmHnYIk=</Signature>
				<Request/>
			</GetAccountBalance>
		</soapenv:Body>
	</soapenv:Envelope>
]]></con:request><con:credentials><con:authType>No Authorization</con:authType></con:credentials><con:jmsConfig JMSDeliveryMode="PERSISTENT"/><con:jmsPropertyConfig/><con:wsaConfig mustUnderstand="NONE" version="200508" action="http://soap.amazon.com"/><con:wsrmConfig version="1.2"/></con:call></con:operation><con:operation isOneWay="false" action="http://soap.amazon.com" name="GetAssignment" bindingOperationName="GetAssignment" type="Request-Response" outputName="GetAssignmentResponse" inputName="GetAssignment" receivesAttachments="false" sendsAttachments="false" anonymous="optional"><con:settings/><con:call name="Request 1"><con:settings/><con:encoding>UTF-8</con:encoding><con:endpoint>http://localhost:8080/test_aws/services/AWSMechanicalTurkRequesterPortType</con:endpoint><con:request><![CDATA[<soapenv:Envelope xmlns:soapenv="http://schemas.xmlsoap.org/soap/envelope/" xmlns:ns="http://requester.mturk.amazonaws.com/doc/2012-03-25">
   <soapenv:Header/>
   <soapenv:Body>
      <ns:GetAssignment>
         <ns:AWSAccessKeyId>?</ns:AWSAccessKeyId>
         <ns:Timestamp>?</ns:Timestamp>
         <ns:Signature>?</ns:Signature>
         <!--Optional:-->
         <ns:Validate>?</ns:Validate>
         <!--Optional:-->
         <ns:Credential>?</ns:Credential>
         <!--Zero or more repetitions:-->
         <ns:Request>
            <ns:AssignmentId>?</ns:AssignmentId>
            <!--Zero or more repetitions:-->
            <ns:ResponseGroup>?</ns:ResponseGroup>
         </ns:Request>
      </ns:GetAssignment>
   </soapenv:Body>
</soapenv:Envelope>]]></con:request><con:wsaConfig mustUnderstand="NONE" version="200508" action="http://soap.amazon.com"/></con:call></con:operation><con:operation isOneWay="false" action="http://soap.amazon.com" name="GetAssignmentsForHIT" bindingOperationName="GetAssignmentsForHIT" type="Request-Response" outputName="GetAssignmentsForHITResponse" inputName="GetAssignmentsForHIT" receivesAttachments="false" sendsAttachments="false" anonymous="optional"><con:settings/><con:call name="Request 1"><con:settings/><con:encoding>UTF-8</con:encoding><con:endpoint>http://localhost:8080/test_aws/services/AWSMechanicalTurkRequesterPortType</con:endpoint><con:request><![CDATA[<soapenv:Envelope xmlns:soapenv="http://schemas.xmlsoap.org/soap/envelope/" xmlns:ns="http://requester.mturk.amazonaws.com/doc/2012-03-25">
   <soapenv:Header/>
   <soapenv:Body>
      <ns:GetAssignmentsForHIT>
         <ns:AWSAccessKeyId>?</ns:AWSAccessKeyId>
         <ns:Timestamp>?</ns:Timestamp>
         <ns:Signature>?</ns:Signature>
         <!--Optional:-->
         <ns:Validate>?</ns:Validate>
         <!--Optional:-->
         <ns:Credential>?</ns:Credential>
         <!--Zero or more repetitions:-->
         <ns:Request>
            <ns:HITId>?</ns:HITId>
            <!--Optional:-->
            <ns:SortDirection>?</ns:SortDirection>
            <!--Optional:-->
            <ns:SortProperty>?</ns:SortProperty>
            <!--Optional:-->
            <ns:PageNumber>?</ns:PageNumber>
            <!--Optional:-->
            <ns:PageSize>?</ns:PageSize>
            <!--Zero or more repetitions:-->
            <ns:AssignmentStatus>?</ns:AssignmentStatus>
            <!--Zero or more repetitions:-->
            <ns:ResponseGroup>?</ns:ResponseGroup>
         </ns:Request>
      </ns:GetAssignmentsForHIT>
   </soapenv:Body>
</soapenv:Envelope>]]></con:request><con:wsaConfig mustUnderstand="NONE" version="200508" action="http://soap.amazon.com"/></con:call></con:operation><con:operation isOneWay="false" action="http://soap.amazon.com" name="GetBlockedWorkers" bindingOperationName="GetBlockedWorkers" type="Request-Response" outputName="GetBlockedWorkersResponse" inputName="GetBlockedWorkers" receivesAttachments="false" sendsAttachments="false" anonymous="optional"><con:settings/><con:call name="Request 1"><con:settings/><con:encoding>UTF-8</con:encoding><con:endpoint>http://localhost:8080/test_aws/services/AWSMechanicalTurkRequesterPortType</con:endpoint><con:request><![CDATA[<soapenv:Envelope xmlns:soapenv="http://schemas.xmlsoap.org/soap/envelope/" xmlns:ns="http://requester.mturk.amazonaws.com/doc/2012-03-25">
   <soapenv:Header/>
   <soapenv:Body>
      <ns:GetBlockedWorkers>
         <ns:AWSAccessKeyId>?</ns:AWSAccessKeyId>
         <ns:Timestamp>?</ns:Timestamp>
         <ns:Signature>?</ns:Signature>
         <!--Optional:-->
         <ns:Validate>?</ns:Validate>
         <!--Optional:-->
         <ns:Credential>?</ns:Credential>
         <!--1 or more repetitions:-->
         <ns:Request>
            <!--Optional:-->
            <ns:PageNumber>?</ns:PageNumber>
            <!--Optional:-->
            <ns:PageSize>?</ns:PageSize>
            <!--Zero or more repetitions:-->
            <ns:ResponseGroup>?</ns:ResponseGroup>
         </ns:Request>
      </ns:GetBlockedWorkers>
   </soapenv:Body>
</soapenv:Envelope>]]></con:request><con:wsaConfig mustUnderstand="NONE" version="200508" action="http://soap.amazon.com"/></con:call></con:operation><con:operation isOneWay="false" action="http://soap.amazon.com" name="GetBonusPayments" bindingOperationName="GetBonusPayments" type="Request-Response" outputName="GetBonusPaymentsResponse" inputName="GetBonusPayments" receivesAttachments="false" sendsAttachments="false" anonymous="optional"><con:settings/><con:call name="Request 1"><con:settings/><con:encoding>UTF-8</con:encoding><con:endpoint>http://localhost:8080/test_aws/services/AWSMechanicalTurkRequesterPortType</con:endpoint><con:request><![CDATA[<soapenv:Envelope xmlns:soapenv="http://schemas.xmlsoap.org/soap/envelope/" xmlns:ns="http://requester.mturk.amazonaws.com/doc/2012-03-25">
   <soapenv:Header/>
   <soapenv:Body>
      <ns:GetBonusPayments>
         <ns:AWSAccessKeyId>?</ns:AWSAccessKeyId>
         <ns:Timestamp>?</ns:Timestamp>
         <ns:Signature>?</ns:Signature>
         <!--Optional:-->
         <ns:Validate>?</ns:Validate>
         <!--Optional:-->
         <ns:Credential>?</ns:Credential>
         <!--1 or more repetitions:-->
         <ns:Request>
            <!--Optional:-->
            <ns:HITId>?</ns:HITId>
            <!--Optional:-->
            <ns:AssignmentId>?</ns:AssignmentId>
            <!--Optional:-->
            <ns:PageNumber>?</ns:PageNumber>
            <!--Optional:-->
            <ns:PageSize>?</ns:PageSize>
            <!--Zero or more repetitions:-->
            <ns:ResponseGroup>?</ns:ResponseGroup>
         </ns:Request>
      </ns:GetBonusPayments>
   </soapenv:Body>
</soapenv:Envelope>]]></con:request><con:wsaConfig mustUnderstand="NONE" version="200508" action="http://soap.amazon.com"/></con:call></con:operation><con:operation isOneWay="false" action="http://soap.amazon.com" name="GetFileUploadURL" bindingOperationName="GetFileUploadURL" type="Request-Response" outputName="GetFileUploadURLResponse" inputName="GetFileUploadURL" receivesAttachments="false" sendsAttachments="false" anonymous="optional"><con:settings/><con:call name="Request 1"><con:settings/><con:encoding>UTF-8</con:encoding><con:endpoint>http://localhost:8080/test_aws/services/AWSMechanicalTurkRequesterPortType</con:endpoint><con:request><![CDATA[<soapenv:Envelope xmlns:soapenv="http://schemas.xmlsoap.org/soap/envelope/" xmlns:ns="http://requester.mturk.amazonaws.com/doc/2012-03-25">
   <soapenv:Header/>
   <soapenv:Body>
      <ns:GetFileUploadURL>
         <ns:AWSAccessKeyId>?</ns:AWSAccessKeyId>
         <ns:Timestamp>?</ns:Timestamp>
         <ns:Signature>?</ns:Signature>
         <!--Optional:-->
         <ns:Validate>?</ns:Validate>
         <!--Optional:-->
         <ns:Credential>?</ns:Credential>
         <!--Zero or more repetitions:-->
         <ns:Request>
            <ns:AssignmentId>?</ns:AssignmentId>
            <ns:QuestionIdentifier>?</ns:QuestionIdentifier>
         </ns:Request>
      </ns:GetFileUploadURL>
   </soapenv:Body>
</soapenv:Envelope>]]></con:request><con:wsaConfig mustUnderstand="NONE" version="200508" action="http://soap.amazon.com"/></con:call></con:operation><con:operation isOneWay="false" action="http://soap.amazon.com" name="GetHIT" bindingOperationName="GetHIT" type="Request-Response" outputName="GetHITResponse" inputName="GetHIT" receivesAttachments="false" sendsAttachments="false" anonymous="optional"><con:settings/><con:call name="Request 1"><con:settings/><con:encoding>UTF-8</con:encoding><con:endpoint>http://localhost:8080/test_aws/services/AWSMechanicalTurkRequesterPortType</con:endpoint><con:request><![CDATA[<soapenv:Envelope xmlns:soapenv="http://schemas.xmlsoap.org/soap/envelope/" xmlns:ns="http://requester.mturk.amazonaws.com/doc/2012-03-25">
   <soapenv:Header/>
   <soapenv:Body>
      <ns:GetHIT>
         <ns:AWSAccessKeyId>?</ns:AWSAccessKeyId>
         <ns:Timestamp>?</ns:Timestamp>
         <ns:Signature>?</ns:Signature>
         <!--Optional:-->
         <ns:Validate>?</ns:Validate>
         <!--Optional:-->
         <ns:Credential>?</ns:Credential>
         <!--Zero or more repetitions:-->
         <ns:Request>
            <ns:HITId>?</ns:HITId>
            <!--Zero or more repetitions:-->
            <ns:ResponseGroup>?</ns:ResponseGroup>
         </ns:Request>
      </ns:GetHIT>
   </soapenv:Body>
</soapenv:Envelope>]]></con:request><con:wsaConfig mustUnderstand="NONE" version="200508" action="http://soap.amazon.com"/></con:call></con:operation><con:operation isOneWay="false" action="http://soap.amazon.com" name="GetHITsForQualificationType" bindingOperationName="GetHITsForQualificationType" type="Request-Response" outputName="GetHITsForQualificationTypeResponse" inputName="GetHITsForQualificationType" receivesAttachments="false" sendsAttachments="false" anonymous="optional"><con:settings/><con:call name="Request 1"><con:settings/><con:encoding>UTF-8</con:encoding><con:endpoint>http://localhost:8080/test_aws/services/AWSMechanicalTurkRequesterPortType</con:endpoint><con:request><![CDATA[<soapenv:Envelope xmlns:soapenv="http://schemas.xmlsoap.org/soap/envelope/" xmlns:ns="http://requester.mturk.amazonaws.com/doc/2012-03-25">
   <soapenv:Header/>
   <soapenv:Body>
      <ns:GetHITsForQualificationType>
         <ns:AWSAccessKeyId>?</ns:AWSAccessKeyId>
         <ns:Timestamp>?</ns:Timestamp>
         <ns:Signature>?</ns:Signature>
         <!--Optional:-->
         <ns:Validate>?</ns:Validate>
         <!--Optional:-->
         <ns:Credential>?</ns:Credential>
         <!--Zero or more repetitions:-->
         <ns:Request>
            <ns:QualificationTypeId>?</ns:QualificationTypeId>
            <!--Optional:-->
            <ns:PageNumber>?</ns:PageNumber>
            <!--Optional:-->
            <ns:PageSize>?</ns:PageSize>
            <!--Zero or more repetitions:-->
            <ns:ResponseGroup>?</ns:ResponseGroup>
         </ns:Request>
      </ns:GetHITsForQualificationType>
   </soapenv:Body>
</soapenv:Envelope>]]></con:request><con:wsaConfig mustUnderstand="NONE" version="200508" action="http://soap.amazon.com"/></con:call></con:operation><con:operation isOneWay="false" action="http://soap.amazon.com" name="GetQualificationRequests" bindingOperationName="GetQualificationRequests" type="Request-Response" outputName="GetQualificationRequestsResponse" inputName="GetQualificationRequests" receivesAttachments="false" sendsAttachments="false" anonymous="optional"><con:settings/><con:call name="Request 1"><con:settings/><con:encoding>UTF-8</con:encoding><con:endpoint>http://localhost:8080/test_aws/services/AWSMechanicalTurkRequesterPortType</con:endpoint><con:request><![CDATA[<soapenv:Envelope xmlns:soapenv="http://schemas.xmlsoap.org/soap/envelope/" xmlns:ns="http://requester.mturk.amazonaws.com/doc/2012-03-25">
   <soapenv:Header/>
   <soapenv:Body>
      <ns:GetQualificationRequests>
         <ns:AWSAccessKeyId>?</ns:AWSAccessKeyId>
         <ns:Timestamp>?</ns:Timestamp>
         <ns:Signature>?</ns:Signature>
         <!--Optional:-->
         <ns:Validate>?</ns:Validate>
         <!--Optional:-->
         <ns:Credential>?</ns:Credential>
         <!--Zero or more repetitions:-->
         <ns:Request>
            <!--Optional:-->
            <ns:QualificationTypeId>?</ns:QualificationTypeId>
            <!--Optional:-->
            <ns:SortDirection>?</ns:SortDirection>
            <!--Optional:-->
            <ns:SortProperty>?</ns:SortProperty>
            <!--Optional:-->
            <ns:PageNumber>?</ns:PageNumber>
            <!--Optional:-->
            <ns:PageSize>?</ns:PageSize>
            <!--Zero or more repetitions:-->
            <ns:ResponseGroup>?</ns:ResponseGroup>
         </ns:Request>
      </ns:GetQualificationRequests>
   </soapenv:Body>
</soapenv:Envelope>]]></con:request><con:wsaConfig mustUnderstand="NONE" version="200508" action="http://soap.amazon.com"/></con:call></con:operation><con:operation isOneWay="false" action="http://soap.amazon.com" name="GetQualificationScore" bindingOperationName="GetQualificationScore" type="Request-Response" outputName="GetQualificationScoreResponse" inputName="GetQualificationScore" receivesAttachments="false" sendsAttachments="false" anonymous="optional"><con:settings/><con:call name="Request 1"><con:settings/><con:encoding>UTF-8</con:encoding><con:endpoint>http://localhost:8080/test_aws/services/AWSMechanicalTurkRequesterPortType</con:endpoint><con:request><![CDATA[<soapenv:Envelope xmlns:soapenv="http://schemas.xmlsoap.org/soap/envelope/" xmlns:ns="http://requester.mturk.amazonaws.com/doc/2012-03-25">
   <soapenv:Header/>
   <soapenv:Body>
      <ns:GetQualificationScore>
         <ns:AWSAccessKeyId>?</ns:AWSAccessKeyId>
         <ns:Timestamp>?</ns:Timestamp>
         <ns:Signature>?</ns:Signature>
         <!--Optional:-->
         <ns:Validate>?</ns:Validate>
         <!--Optional:-->
         <ns:Credential>?</ns:Credential>
         <!--Zero or more repetitions:-->
         <ns:Request>
            <ns:QualificationTypeId>?</ns:QualificationTypeId>
            <ns:SubjectId>?</ns:SubjectId>
            <!--Zero or more repetitions:-->
            <ns:ResponseGroup>?</ns:ResponseGroup>
         </ns:Request>
      </ns:GetQualificationScore>
   </soapenv:Body>
</soapenv:Envelope>]]></con:request><con:wsaConfig mustUnderstand="NONE" version="200508" action="http://soap.amazon.com"/></con:call></con:operation><con:operation isOneWay="false" action="http://soap.amazon.com" name="GetQualificationsForQualificationType" bindingOperationName="GetQualificationsForQualificationType" type="Request-Response" outputName="GetQualificationsForQualificationTypeResponse" inputName="GetQualificationsForQualificationType" receivesAttachments="false" sendsAttachments="false" anonymous="optional"><con:settings/><con:call name="Request 1"><con:settings/><con:encoding>UTF-8</con:encoding><con:endpoint>http://localhost:8080/test_aws/services/AWSMechanicalTurkRequesterPortType</con:endpoint><con:request><![CDATA[<soapenv:Envelope xmlns:soapenv="http://schemas.xmlsoap.org/soap/envelope/" xmlns:ns="http://requester.mturk.amazonaws.com/doc/2012-03-25">
   <soapenv:Header/>
   <soapenv:Body>
      <ns:GetQualificationsForQualificationType>
         <ns:AWSAccessKeyId>?</ns:AWSAccessKeyId>
         <ns:Timestamp>?</ns:Timestamp>
         <ns:Signature>?</ns:Signature>
         <!--Optional:-->
         <ns:Validate>?</ns:Validate>
         <!--Optional:-->
         <ns:Credential>?</ns:Credential>
         <!--Zero or more repetitions:-->
         <ns:Request>
            <ns:QualificationTypeId>?</ns:QualificationTypeId>
            <!--Optional:-->
            <ns:Status>?</ns:Status>
            <!--Optional:-->
            <ns:PageNumber>?</ns:PageNumber>
            <!--Optional:-->
            <ns:PageSize>?</ns:PageSize>
            <!--Zero or more repetitions:-->
            <ns:ResponseGroup>?</ns:ResponseGroup>
         </ns:Request>
      </ns:GetQualificationsForQualificationType>
   </soapenv:Body>
</soapenv:Envelope>]]></con:request><con:wsaConfig mustUnderstand="NONE" version="200508" action="http://soap.amazon.com"/></con:call></con:operation><con:operation isOneWay="false" action="http://soap.amazon.com" name="GetQualificationType" bindingOperationName="GetQualificationType" type="Request-Response" outputName="GetQualificationTypeResponse" inputName="GetQualificationType" receivesAttachments="false" sendsAttachments="false" anonymous="optional"><con:settings/><con:call name="Request 1"><con:settings/><con:encoding>UTF-8</con:encoding><con:endpoint>http://localhost:8080/test_aws/services/AWSMechanicalTurkRequesterPortType</con:endpoint><con:request><![CDATA[<soapenv:Envelope xmlns:soapenv="http://schemas.xmlsoap.org/soap/envelope/" xmlns:ns="http://requester.mturk.amazonaws.com/doc/2012-03-25">
   <soapenv:Header/>
   <soapenv:Body>
      <ns:GetQualificationType>
         <ns:AWSAccessKeyId>?</ns:AWSAccessKeyId>
         <ns:Timestamp>?</ns:Timestamp>
         <ns:Signature>?</ns:Signature>
         <!--Optional:-->
         <ns:Validate>?</ns:Validate>
         <!--Optional:-->
         <ns:Credential>?</ns:Credential>
         <!--Zero or more repetitions:-->
         <ns:Request>
            <ns:QualificationTypeId>?</ns:QualificationTypeId>
            <!--Zero or more repetitions:-->
            <ns:ResponseGroup>?</ns:ResponseGroup>
         </ns:Request>
      </ns:GetQualificationType>
   </soapenv:Body>
</soapenv:Envelope>]]></con:request><con:wsaConfig mustUnderstand="NONE" version="200508" action="http://soap.amazon.com"/></con:call></con:operation><con:operation isOneWay="false" action="http://soap.amazon.com" name="GetRequesterStatistic" bindingOperationName="GetRequesterStatistic" type="Request-Response" outputName="GetRequesterStatisticResponse" inputName="GetRequesterStatistic" receivesAttachments="false" sendsAttachments="false" anonymous="optional"><con:settings/><con:call name="Request 1"><con:settings/><con:encoding>UTF-8</con:encoding><con:endpoint>http://localhost:8080/test_aws/services/AWSMechanicalTurkRequesterPortType</con:endpoint><con:request><![CDATA[<soapenv:Envelope xmlns:soapenv="http://schemas.xmlsoap.org/soap/envelope/" xmlns:ns="http://requester.mturk.amazonaws.com/doc/2012-03-25">
   <soapenv:Header/>
   <soapenv:Body>
      <ns:GetRequesterStatistic>
         <ns:AWSAccessKeyId>?</ns:AWSAccessKeyId>
         <ns:Timestamp>?</ns:Timestamp>
         <ns:Signature>?</ns:Signature>
         <!--Optional:-->
         <ns:Validate>?</ns:Validate>
         <!--Optional:-->
         <ns:Credential>?</ns:Credential>
         <!--Zero or more repetitions:-->
         <ns:Request>
            <ns:Statistic>?</ns:Statistic>
            <!--Optional:-->
            <ns:TimePeriod>?</ns:TimePeriod>
            <!--Optional:-->
            <ns:Count>?</ns:Count>
            <!--Zero or more repetitions:-->
            <ns:ResponseGroup>?</ns:ResponseGroup>
         </ns:Request>
      </ns:GetRequesterStatistic>
   </soapenv:Body>
</soapenv:Envelope>]]></con:request><con:wsaConfig mustUnderstand="NONE" version="200508" action="http://soap.amazon.com"/></con:call></con:operation><con:operation isOneWay="false" action="http://soap.amazon.com" name="GetRequesterWorkerStatistic" bindingOperationName="GetRequesterWorkerStatistic" type="Request-Response" outputName="GetRequesterWorkerStatisticResponse" inputName="GetRequesterWorkerStatistic" receivesAttachments="false" sendsAttachments="false" anonymous="optional"><con:settings/><con:call name="Request 1"><con:settings/><con:encoding>UTF-8</con:encoding><con:endpoint>http://localhost:8080/test_aws/services/AWSMechanicalTurkRequesterPortType</con:endpoint><con:request><![CDATA[<soapenv:Envelope xmlns:soapenv="http://schemas.xmlsoap.org/soap/envelope/" xmlns:ns="http://requester.mturk.amazonaws.com/doc/2012-03-25">
   <soapenv:Header/>
   <soapenv:Body>
      <ns:GetRequesterWorkerStatistic>
         <ns:AWSAccessKeyId>?</ns:AWSAccessKeyId>
         <ns:Timestamp>?</ns:Timestamp>
         <ns:Signature>?</ns:Signature>
         <!--Optional:-->
         <ns:Validate>?</ns:Validate>
         <!--Optional:-->
         <ns:Credential>?</ns:Credential>
         <!--Zero or more repetitions:-->
         <ns:Request>
            <ns:Statistic>?</ns:Statistic>
            <!--Optional:-->
            <ns:TimePeriod>?</ns:TimePeriod>
            <ns:WorkerId>?</ns:WorkerId>
            <!--Optional:-->
            <ns:Count>?</ns:Count>
            <!--Zero or more repetitions:-->
            <ns:ResponseGroup>?</ns:ResponseGroup>
         </ns:Request>
      </ns:GetRequesterWorkerStatistic>
   </soapenv:Body>
</soapenv:Envelope>]]></con:request><con:wsaConfig mustUnderstand="NONE" version="200508" action="http://soap.amazon.com"/></con:call></con:operation><con:operation isOneWay="false" action="http://soap.amazon.com" name="GetReviewableHITs" bindingOperationName="GetReviewableHITs" type="Request-Response" outputName="GetReviewableHITsResponse" inputName="GetReviewableHITs" receivesAttachments="false" sendsAttachments="false" anonymous="optional"><con:settings/><con:call name="Request 1"><con:settings/><con:encoding>UTF-8</con:encoding><con:endpoint>http://localhost:8080/test_aws/services/AWSMechanicalTurkRequesterPortType</con:endpoint><con:request><![CDATA[<soapenv:Envelope xmlns:soapenv="http://schemas.xmlsoap.org/soap/envelope/" xmlns:ns="http://requester.mturk.amazonaws.com/doc/2012-03-25">
   <soapenv:Header/>
   <soapenv:Body>
      <ns:GetReviewableHITs>
         <ns:AWSAccessKeyId>?</ns:AWSAccessKeyId>
         <ns:Timestamp>?</ns:Timestamp>
         <ns:Signature>?</ns:Signature>
         <!--Optional:-->
         <ns:Validate>?</ns:Validate>
         <!--Optional:-->
         <ns:Credential>?</ns:Credential>
         <!--Zero or more repetitions:-->
         <ns:Request>
            <!--Optional:-->
            <ns:HITTypeId>?</ns:HITTypeId>
            <!--Optional:-->
            <ns:Status>?</ns:Status>
            <!--Optional:-->
            <ns:SortDirection>?</ns:SortDirection>
            <!--Optional:-->
            <ns:SortProperty>?</ns:SortProperty>
            <!--Optional:-->
            <ns:PageNumber>?</ns:PageNumber>
            <!--Optional:-->
            <ns:PageSize>?</ns:PageSize>
            <!--Zero or more repetitions:-->
            <ns:ResponseGroup>?</ns:ResponseGroup>
         </ns:Request>
      </ns:GetReviewableHITs>
   </soapenv:Body>
</soapenv:Envelope>]]></con:request><con:wsaConfig mustUnderstand="NONE" version="200508" action="http://soap.amazon.com"/></con:call></con:operation><con:operation isOneWay="false" action="http://soap.amazon.com" name="GetReviewResultsForHIT" bindingOperationName="GetReviewResultsForHIT" type="Request-Response" outputName="GetReviewResultsForHITResponse" inputName="GetReviewResultsForHIT" receivesAttachments="false" sendsAttachments="false" anonymous="optional"><con:settings/><con:call name="Request 1"><con:settings/><con:encoding>UTF-8</con:encoding><con:endpoint>http://localhost:8080/test_aws/services/AWSMechanicalTurkRequesterPortType</con:endpoint><con:request><![CDATA[<soapenv:Envelope xmlns:soapenv="http://schemas.xmlsoap.org/soap/envelope/" xmlns:ns="http://requester.mturk.amazonaws.com/doc/2012-03-25">
   <soapenv:Header/>
   <soapenv:Body>
      <ns:GetReviewResultsForHIT>
         <ns:AWSAccessKeyId>?</ns:AWSAccessKeyId>
         <ns:Timestamp>?</ns:Timestamp>
         <ns:Signature>?</ns:Signature>
         <!--Optional:-->
         <ns:Validate>?</ns:Validate>
         <!--Optional:-->
         <ns:Credential>?</ns:Credential>
         <!--Zero or more repetitions:-->
         <ns:Request>
            <ns:HITId>?</ns:HITId>
            <!--Zero or more repetitions:-->
            <ns:PolicyLevel>?</ns:PolicyLevel>
            <!--Optional:-->
            <ns:RetrieveActions>?</ns:RetrieveActions>
            <!--Optional:-->
            <ns:RetrieveResults>?</ns:RetrieveResults>
            <!--Optional:-->
            <ns:PageNumber>?</ns:PageNumber>
            <!--Optional:-->
            <ns:PageSize>?</ns:PageSize>
            <!--Zero or more repetitions:-->
            <ns:ResponseGroup>?</ns:ResponseGroup>
         </ns:Request>
      </ns:GetReviewResultsForHIT>
   </soapenv:Body>
</soapenv:Envelope>]]></con:request><con:wsaConfig mustUnderstand="NONE" version="200508" action="http://soap.amazon.com"/></con:call></con:operation><con:operation isOneWay="false" action="http://soap.amazon.com" name="GrantBonus" bindingOperationName="GrantBonus" type="Request-Response" outputName="GrantBonusResponse" inputName="GrantBonus" receivesAttachments="false" sendsAttachments="false" anonymous="optional"><con:settings/><con:call name="Request 1"><con:settings/><con:encoding>UTF-8</con:encoding><con:endpoint>http://localhost:8080/test_aws/services/AWSMechanicalTurkRequesterPortType</con:endpoint><con:request><![CDATA[<soapenv:Envelope xmlns:soapenv="http://schemas.xmlsoap.org/soap/envelope/" xmlns:ns="http://requester.mturk.amazonaws.com/doc/2012-03-25">
   <soapenv:Header/>
   <soapenv:Body>
      <ns:GrantBonus>
         <ns:AWSAccessKeyId>?</ns:AWSAccessKeyId>
         <ns:Timestamp>?</ns:Timestamp>
         <ns:Signature>?</ns:Signature>
         <!--Optional:-->
         <ns:Validate>?</ns:Validate>
         <!--Optional:-->
         <ns:Credential>?</ns:Credential>
         <!--1 or more repetitions:-->
         <ns:Request>
            <ns:WorkerId>?</ns:WorkerId>
            <ns:BonusAmount>
               <ns:Amount>?</ns:Amount>
               <ns:CurrencyCode>?</ns:CurrencyCode>
               <!--Optional:-->
               <ns:FormattedPrice>?</ns:FormattedPrice>
            </ns:BonusAmount>
            <ns:AssignmentId>?</ns:AssignmentId>
            <ns:Reason>?</ns:Reason>
            <!--Optional:-->
            <ns:UniqueRequestToken>?</ns:UniqueRequestToken>
            <!--Zero or more repetitions:-->
            <ns:ResponseGroup>?</ns:ResponseGroup>
         </ns:Request>
      </ns:GrantBonus>
   </soapenv:Body>
</soapenv:Envelope>]]></con:request><con:wsaConfig mustUnderstand="NONE" version="200508" action="http://soap.amazon.com"/></con:call></con:operation><con:operation isOneWay="false" action="http://soap.amazon.com" name="GrantQualification" bindingOperationName="GrantQualification" type="Request-Response" outputName="GrantQualificationResponse" inputName="GrantQualification" receivesAttachments="false" sendsAttachments="false" anonymous="optional"><con:settings/><con:call name="Request 1"><con:settings/><con:encoding>UTF-8</con:encoding><con:endpoint>http://localhost:8080/test_aws/services/AWSMechanicalTurkRequesterPortType</con:endpoint><con:request><![CDATA[<soapenv:Envelope xmlns:soapenv="http://schemas.xmlsoap.org/soap/envelope/" xmlns:ns="http://requester.mturk.amazonaws.com/doc/2012-03-25">
   <soapenv:Header/>
   <soapenv:Body>
      <ns:GrantQualification>
         <ns:AWSAccessKeyId>?</ns:AWSAccessKeyId>
         <ns:Timestamp>?</ns:Timestamp>
         <ns:Signature>?</ns:Signature>
         <!--Optional:-->
         <ns:Validate>?</ns:Validate>
         <!--Optional:-->
         <ns:Credential>?</ns:Credential>
         <!--Zero or more repetitions:-->
         <ns:Request>
            <ns:QualificationRequestId>?</ns:QualificationRequestId>
            <!--Optional:-->
            <ns:IntegerValue>?</ns:IntegerValue>
            <!--Zero or more repetitions:-->
            <ns:ResponseGroup>?</ns:ResponseGroup>
         </ns:Request>
      </ns:GrantQualification>
   </soapenv:Body>
</soapenv:Envelope>]]></con:request><con:wsaConfig mustUnderstand="NONE" version="200508" action="http://soap.amazon.com"/></con:call></con:operation><con:operation isOneWay="false" action="http://soap.amazon.com" name="Help" bindingOperationName="Help" type="Request-Response" outputName="HelpResponse" inputName="Help" receivesAttachments="false" sendsAttachments="false" anonymous="optional"><con:settings/><con:call name="Request 1"><con:settings/><con:encoding>UTF-8</con:encoding><con:endpoint>http://localhost:8080/test_aws/services/AWSMechanicalTurkRequesterPortType</con:endpoint><con:request><![CDATA[<soapenv:Envelope xmlns:soapenv="http://schemas.xmlsoap.org/soap/envelope/" xmlns:ns="http://requester.mturk.amazonaws.com/doc/2012-03-25">
   <soapenv:Header/>
   <soapenv:Body>
      <ns:Help>
         <!--Optional:-->
         <ns:AWSAccessKeyId>?</ns:AWSAccessKeyId>
         <!--Optional:-->
         <ns:Timestamp>?</ns:Timestamp>
         <!--Optional:-->
         <ns:Signature>?</ns:Signature>
         <!--Optional:-->
         <ns:Validate>?</ns:Validate>
         <!--Zero or more repetitions:-->
         <ns:Request>
            <!--1 or more repetitions:-->
            <ns:About>?</ns:About>
            <!--Optional:-->
            <ns:HelpType>?</ns:HelpType>
            <!--Zero or more repetitions:-->
            <ns:ResponseGroup>?</ns:ResponseGroup>
         </ns:Request>
      </ns:Help>
   </soapenv:Body>
</soapenv:Envelope>]]></con:request><con:wsaConfig mustUnderstand="NONE" version="200508" action="http://soap.amazon.com"/></con:call></con:operation><con:operation isOneWay="false" action="http://soap.amazon.com" name="NotifyWorkers" bindingOperationName="NotifyWorkers" type="Request-Response" outputName="NotifyWorkersResponse" inputName="NotifyWorkers" receivesAttachments="false" sendsAttachments="false" anonymous="optional"><con:settings/><con:call name="Request 1"><con:settings/><con:encoding>UTF-8</con:encoding><con:endpoint>http://localhost:8080/test_aws/services/AWSMechanicalTurkRequesterPortType</con:endpoint><con:request><![CDATA[<soapenv:Envelope xmlns:soapenv="http://schemas.xmlsoap.org/soap/envelope/" xmlns:ns="http://requester.mturk.amazonaws.com/doc/2012-03-25">
   <soapenv:Header/>
   <soapenv:Body>
      <ns:NotifyWorkers>
         <ns:AWSAccessKeyId>?</ns:AWSAccessKeyId>
         <ns:Timestamp>?</ns:Timestamp>
         <ns:Signature>?</ns:Signature>
         <!--Optional:-->
         <ns:Validate>?</ns:Validate>
         <!--Optional:-->
         <ns:Credential>?</ns:Credential>
         <!--1 or more repetitions:-->
         <ns:Request>
            <!--Optional:-->
            <ns:Subject>?</ns:Subject>
            <ns:MessageText>?</ns:MessageText>
            <!--1 or more repetitions:-->
            <ns:WorkerId>?</ns:WorkerId>
            <!--Zero or more repetitions:-->
            <ns:ResponseGroup>?</ns:ResponseGroup>
         </ns:Request>
      </ns:NotifyWorkers>
   </soapenv:Body>
</soapenv:Envelope>]]></con:request><con:wsaConfig mustUnderstand="NONE" version="200508" action="http://soap.amazon.com"/></con:call></con:operation><con:operation isOneWay="false" action="http://soap.amazon.com" name="RegisterHITType" bindingOperationName="RegisterHITType" type="Request-Response" outputName="RegisterHITTypeResponse" inputName="RegisterHITType" receivesAttachments="false" sendsAttachments="false" anonymous="optional"><con:settings/><con:call name="Request 1"><con:settings/><con:encoding>UTF-8</con:encoding><con:endpoint>http://localhost:8080/test_aws/services/AWSMechanicalTurkRequesterPortType</con:endpoint><con:request><![CDATA[<soapenv:Envelope xmlns:soapenv="http://schemas.xmlsoap.org/soap/envelope/" xmlns:ns="http://requester.mturk.amazonaws.com/doc/2012-03-25">
   <soapenv:Header/>
   <soapenv:Body>
      <ns:RegisterHITType>
         <ns:AWSAccessKeyId>?</ns:AWSAccessKeyId>
         <ns:Timestamp>?</ns:Timestamp>
         <ns:Signature>?</ns:Signature>
         <!--Optional:-->
         <ns:Validate>?</ns:Validate>
         <!--Optional:-->
         <ns:Credential>?</ns:Credential>
         <!--1 or more repetitions:-->
         <ns:Request>
            <!--Optional:-->
            <ns:AutoApprovalDelayInSeconds>?</ns:AutoApprovalDelayInSeconds>
            <ns:AssignmentDurationInSeconds>?</ns:AssignmentDurationInSeconds>
            <ns:Reward>
               <ns:Amount>?</ns:Amount>
               <ns:CurrencyCode>?</ns:CurrencyCode>
               <!--Optional:-->
               <ns:FormattedPrice>?</ns:FormattedPrice>
            </ns:Reward>
            <ns:Title>?</ns:Title>
            <!--Optional:-->
            <ns:Keywords>?</ns:Keywords>
            <ns:Description>?</ns:Description>
            <!--Zero or more repetitions:-->
            <ns:QualificationRequirement>
               <ns:QualificationTypeId>?</ns:QualificationTypeId>
               <ns:Comparator>?</ns:Comparator>
               <!--Optional:-->
               <ns:IntegerValue>?</ns:IntegerValue>
               <!--Optional:-->
               <ns:LocaleValue>
                  <!--Optional:-->
                  <ns:Country>?</ns:Country>
               </ns:LocaleValue>
               <!--Optional:-->
               <ns:RequiredToPreview>?</ns:RequiredToPreview>
            </ns:QualificationRequirement>
            <!--Zero or more repetitions:-->
            <ns:ResponseGroup>?</ns:ResponseGroup>
         </ns:Request>
      </ns:RegisterHITType>
   </soapenv:Body>
</soapenv:Envelope>]]></con:request><con:wsaConfig mustUnderstand="NONE" version="200508" action="http://soap.amazon.com"/></con:call></con:operation><con:operation isOneWay="false" action="http://soap.amazon.com" name="RejectAssignment" bindingOperationName="RejectAssignment" type="Request-Response" outputName="RejectAssignmentResponse" inputName="RejectAssignment" receivesAttachments="false" sendsAttachments="false" anonymous="optional"><con:settings/><con:call name="Request 1"><con:settings/><con:encoding>UTF-8</con:encoding><con:endpoint>http://localhost:8080/test_aws/services/AWSMechanicalTurkRequesterPortType</con:endpoint><con:request><![CDATA[<soapenv:Envelope xmlns:soapenv="http://schemas.xmlsoap.org/soap/envelope/" xmlns:ns="http://requester.mturk.amazonaws.com/doc/2012-03-25">
   <soapenv:Header/>
   <soapenv:Body>
      <ns:RejectAssignment>
         <ns:AWSAccessKeyId>?</ns:AWSAccessKeyId>
         <ns:Timestamp>?</ns:Timestamp>
         <ns:Signature>?</ns:Signature>
         <!--Optional:-->
         <ns:Validate>?</ns:Validate>
         <!--Optional:-->
         <ns:Credential>?</ns:Credential>
         <!--Zero or more repetitions:-->
         <ns:Request>
            <ns:AssignmentId>?</ns:AssignmentId>
            <!--Zero or more repetitions:-->
            <ns:ResponseGroup>?</ns:ResponseGroup>
            <!--Optional:-->
            <ns:RequesterFeedback>?</ns:RequesterFeedback>
         </ns:Request>
      </ns:RejectAssignment>
   </soapenv:Body>
</soapenv:Envelope>]]></con:request><con:wsaConfig mustUnderstand="NONE" version="200508" action="http://soap.amazon.com"/></con:call></con:operation><con:operation isOneWay="false" action="http://soap.amazon.com" name="RejectQualificationRequest" bindingOperationName="RejectQualificationRequest" type="Request-Response" outputName="RejectQualificationRequestResponse" inputName="RejectQualificationRequest" receivesAttachments="false" sendsAttachments="false" anonymous="optional"><con:settings/><con:call name="Request 1"><con:settings/><con:encoding>UTF-8</con:encoding><con:endpoint>http://localhost:8080/test_aws/services/AWSMechanicalTurkRequesterPortType</con:endpoint><con:request><![CDATA[<soapenv:Envelope xmlns:soapenv="http://schemas.xmlsoap.org/soap/envelope/" xmlns:ns="http://requester.mturk.amazonaws.com/doc/2012-03-25">
   <soapenv:Header/>
   <soapenv:Body>
      <ns:RejectQualificationRequest>
         <ns:AWSAccessKeyId>?</ns:AWSAccessKeyId>
         <ns:Timestamp>?</ns:Timestamp>
         <ns:Signature>?</ns:Signature>
         <!--Optional:-->
         <ns:Validate>?</ns:Validate>
         <!--Optional:-->
         <ns:Credential>?</ns:Credential>
         <!--Zero or more repetitions:-->
         <ns:Request>
            <ns:QualificationRequestId>?</ns:QualificationRequestId>
            <!--Optional:-->
            <ns:Reason>?</ns:Reason>
            <!--Zero or more repetitions:-->
            <ns:ResponseGroup>?</ns:ResponseGroup>
         </ns:Request>
      </ns:RejectQualificationRequest>
   </soapenv:Body>
</soapenv:Envelope>]]></con:request><con:wsaConfig mustUnderstand="NONE" version="200508" action="http://soap.amazon.com"/></con:call></con:operation><con:operation isOneWay="false" action="http://soap.amazon.com" name="RevokeQualification" bindingOperationName="RevokeQualification" type="Request-Response" outputName="RevokeQualificationResponse" inputName="RevokeQualification" receivesAttachments="false" sendsAttachments="false" anonymous="optional"><con:settings/><con:call name="Request 1"><con:settings/><con:encoding>UTF-8</con:encoding><con:endpoint>http://localhost:8080/test_aws/services/AWSMechanicalTurkRequesterPortType</con:endpoint><con:request><![CDATA[<soapenv:Envelope xmlns:soapenv="http://schemas.xmlsoap.org/soap/envelope/" xmlns:ns="http://requester.mturk.amazonaws.com/doc/2012-03-25">
   <soapenv:Header/>
   <soapenv:Body>
      <ns:RevokeQualification>
         <ns:AWSAccessKeyId>?</ns:AWSAccessKeyId>
         <ns:Timestamp>?</ns:Timestamp>
         <ns:Signature>?</ns:Signature>
         <!--Optional:-->
         <ns:Validate>?</ns:Validate>
         <!--Optional:-->
         <ns:Credential>?</ns:Credential>
         <!--Zero or more repetitions:-->
         <ns:Request>
            <ns:SubjectId>?</ns:SubjectId>
            <ns:QualificationTypeId>?</ns:QualificationTypeId>
            <!--Optional:-->
            <ns:Reason>?</ns:Reason>
            <!--Zero or more repetitions:-->
            <ns:ResponseGroup>?</ns:ResponseGroup>
         </ns:Request>
      </ns:RevokeQualification>
   </soapenv:Body>
</soapenv:Envelope>]]></con:request><con:wsaConfig mustUnderstand="NONE" version="200508" action="http://soap.amazon.com"/></con:call></con:operation><con:operation isOneWay="false" action="http://soap.amazon.com" name="SearchHITs" bindingOperationName="SearchHITs" type="Request-Response" outputName="SearchHITsResponse" inputName="SearchHITs" receivesAttachments="false" sendsAttachments="false" anonymous="optional"><con:settings/><con:call name="Request 1"><con:settings/><con:encoding>UTF-8</con:encoding><con:endpoint>http://localhost:8080/test_aws/services/AWSMechanicalTurkRequesterPortType</con:endpoint><con:request><![CDATA[<soapenv:Envelope xmlns:soapenv="http://schemas.xmlsoap.org/soap/envelope/" xmlns:ns="http://requester.mturk.amazonaws.com/doc/2012-03-25">
   <soapenv:Header/>
   <soapenv:Body>
      <ns:SearchHITs>
         <ns:AWSAccessKeyId>?</ns:AWSAccessKeyId>
         <ns:Timestamp>?</ns:Timestamp>
         <ns:Signature>?</ns:Signature>
         <!--Optional:-->
         <ns:Validate>?</ns:Validate>
         <!--Optional:-->
         <ns:Credential>?</ns:Credential>
         <!--Zero or more repetitions:-->
         <ns:Request>
            <!--Optional:-->
            <ns:SortDirection>?</ns:SortDirection>
            <!--Optional:-->
            <ns:SortProperty>?</ns:SortProperty>
            <!--Optional:-->
            <ns:PageNumber>?</ns:PageNumber>
            <!--Optional:-->
            <ns:PageSize>?</ns:PageSize>
            <!--Zero or more repetitions:-->
            <ns:ResponseGroup>?</ns:ResponseGroup>
         </ns:Request>
      </ns:SearchHITs>
   </soapenv:Body>
</soapenv:Envelope>]]></con:request><con:wsaConfig mustUnderstand="NONE" version="200508" action="http://soap.amazon.com"/></con:call></con:operation><con:operation isOneWay="false" action="http://soap.amazon.com" name="SearchQualificationTypes" bindingOperationName="SearchQualificationTypes" type="Request-Response" outputName="SearchQualificationTypesResponse" inputName="SearchQualificationTypes" receivesAttachments="false" sendsAttachments="false" anonymous="optional"><con:settings/><con:call name="Request 1"><con:settings/><con:encoding>UTF-8</con:encoding><con:endpoint>http://localhost:8080/test_aws/services/AWSMechanicalTurkRequesterPortType</con:endpoint><con:request><![CDATA[<soapenv:Envelope xmlns:soapenv="http://schemas.xmlsoap.org/soap/envelope/" xmlns:ns="http://requester.mturk.amazonaws.com/doc/2012-03-25">
   <soapenv:Header/>
   <soapenv:Body>
      <ns:SearchQualificationTypes>
         <ns:AWSAccessKeyId>?</ns:AWSAccessKeyId>
         <ns:Timestamp>?</ns:Timestamp>
         <ns:Signature>?</ns:Signature>
         <!--Optional:-->
         <ns:Validate>?</ns:Validate>
         <!--Optional:-->
         <ns:Credential>?</ns:Credential>
         <!--Zero or more repetitions:-->
         <ns:Request>
            <!--Optional:-->
            <ns:Query>?</ns:Query>
            <ns:MustBeRequestable>?</ns:MustBeRequestable>
            <!--Optional:-->
            <ns:MustBeOwnedByCaller>?</ns:MustBeOwnedByCaller>
            <!--Optional:-->
            <ns:SortDirection>?</ns:SortDirection>
            <!--Optional:-->
            <ns:SortProperty>?</ns:SortProperty>
            <!--Optional:-->
            <ns:PageNumber>?</ns:PageNumber>
            <!--Optional:-->
            <ns:PageSize>?</ns:PageSize>
            <!--Zero or more repetitions:-->
            <ns:ResponseGroup>?</ns:ResponseGroup>
         </ns:Request>
      </ns:SearchQualificationTypes>
   </soapenv:Body>
</soapenv:Envelope>]]></con:request><con:wsaConfig mustUnderstand="NONE" version="200508" action="http://soap.amazon.com"/></con:call></con:operation><con:operation isOneWay="false" action="http://soap.amazon.com" name="SendTestEventNotification" bindingOperationName="SendTestEventNotification" type="Request-Response" outputName="SendTestEventNotificationResponse" inputName="SendTestEventNotification" receivesAttachments="false" sendsAttachments="false" anonymous="optional"><con:settings/><con:call name="Request 1"><con:settings/><con:encoding>UTF-8</con:encoding><con:endpoint>http://localhost:8080/test_aws/services/AWSMechanicalTurkRequesterPortType</con:endpoint><con:request><![CDATA[<soapenv:Envelope xmlns:soapenv="http://schemas.xmlsoap.org/soap/envelope/" xmlns:ns="http://requester.mturk.amazonaws.com/doc/2012-03-25">
   <soapenv:Header/>
   <soapenv:Body>
      <ns:SendTestEventNotification>
         <ns:AWSAccessKeyId>?</ns:AWSAccessKeyId>
         <ns:Timestamp>?</ns:Timestamp>
         <ns:Signature>?</ns:Signature>
         <!--Optional:-->
         <ns:Validate>?</ns:Validate>
         <!--Optional:-->
         <ns:Credential>?</ns:Credential>
         <!--1 or more repetitions:-->
         <ns:Request>
            <ns:Notification>
               <ns:Destination>?</ns:Destination>
               <ns:Transport>?</ns:Transport>
               <ns:Version>?</ns:Version>
               <!--Zero or more repetitions:-->
               <ns:EventType>?</ns:EventType>
            </ns:Notification>
            <!--Optional:-->
            <ns:TestEventType>?</ns:TestEventType>
         </ns:Request>
      </ns:SendTestEventNotification>
   </soapenv:Body>
</soapenv:Envelope>]]></con:request><con:wsaConfig mustUnderstand="NONE" version="200508" action="http://soap.amazon.com"/></con:call></con:operation><con:operation isOneWay="false" action="http://soap.amazon.com" name="SetHITAsReviewing" bindingOperationName="SetHITAsReviewing" type="Request-Response" outputName="SetHITAsReviewingResponse" inputName="SetHITAsReviewing" receivesAttachments="false" sendsAttachments="false" anonymous="optional"><con:settings/><con:call name="Request 1"><con:settings/><con:encoding>UTF-8</con:encoding><con:endpoint>http://localhost:8080/test_aws/services/AWSMechanicalTurkRequesterPortType</con:endpoint><con:request><![CDATA[<soapenv:Envelope xmlns:soapenv="http://schemas.xmlsoap.org/soap/envelope/" xmlns:ns="http://requester.mturk.amazonaws.com/doc/2012-03-25">
   <soapenv:Header/>
   <soapenv:Body>
      <ns:SetHITAsReviewing>
         <ns:AWSAccessKeyId>?</ns:AWSAccessKeyId>
         <ns:Timestamp>?</ns:Timestamp>
         <ns:Signature>?</ns:Signature>
         <!--Optional:-->
         <ns:Validate>?</ns:Validate>
         <!--Optional:-->
         <ns:Credential>?</ns:Credential>
         <!--Zero or more repetitions:-->
         <ns:Request>
            <ns:HITId>?</ns:HITId>
            <!--Optional:-->
            <ns:Revert>?</ns:Revert>
            <!--Zero or more repetitions:-->
            <ns:ResponseGroup>?</ns:ResponseGroup>
         </ns:Request>
      </ns:SetHITAsReviewing>
   </soapenv:Body>
</soapenv:Envelope>]]></con:request><con:wsaConfig mustUnderstand="NONE" version="200508" action="http://soap.amazon.com"/></con:call></con:operation><con:operation isOneWay="false" action="http://soap.amazon.com" name="SetHITTypeNotification" bindingOperationName="SetHITTypeNotification" type="Request-Response" outputName="SetHITTypeNotificationResponse" inputName="SetHITTypeNotification" receivesAttachments="false" sendsAttachments="false" anonymous="optional"><con:settings/><con:call name="Request 1"><con:settings/><con:encoding>UTF-8</con:encoding><con:endpoint>http://localhost:8080/test_aws/services/AWSMechanicalTurkRequesterPortType</con:endpoint><con:request><![CDATA[<soapenv:Envelope xmlns:soapenv="http://schemas.xmlsoap.org/soap/envelope/" xmlns:ns="http://requester.mturk.amazonaws.com/doc/2012-03-25">
   <soapenv:Header/>
   <soapenv:Body>
      <ns:SetHITTypeNotification>
         <ns:AWSAccessKeyId>?</ns:AWSAccessKeyId>
         <ns:Timestamp>?</ns:Timestamp>
         <ns:Signature>?</ns:Signature>
         <!--Optional:-->
         <ns:Validate>?</ns:Validate>
         <!--Optional:-->
         <ns:Credential>?</ns:Credential>
         <!--1 or more repetitions:-->
         <ns:Request>
            <ns:HITTypeId>?</ns:HITTypeId>
            <!--Optional:-->
            <ns:Notification>
               <ns:Destination>?</ns:Destination>
               <ns:Transport>?</ns:Transport>
               <ns:Version>?</ns:Version>
               <!--Zero or more repetitions:-->
               <ns:EventType>?</ns:EventType>
            </ns:Notification>
            <!--Optional:-->
            <ns:Active>?</ns:Active>
         </ns:Request>
      </ns:SetHITTypeNotification>
   </soapenv:Body>
</soapenv:Envelope>]]></con:request><con:wsaConfig mustUnderstand="NONE" version="200508" action="http://soap.amazon.com"/></con:call></con:operation><con:operation isOneWay="false" action="http://soap.amazon.com" name="UnblockWorker" bindingOperationName="UnblockWorker" type="Request-Response" outputName="UnblockWorkerResponse" inputName="UnblockWorker" receivesAttachments="false" sendsAttachments="false" anonymous="optional"><con:settings/><con:call name="Request 1"><con:settings/><con:encoding>UTF-8</con:encoding><con:endpoint>http://localhost:8080/test_aws/services/AWSMechanicalTurkRequesterPortType</con:endpoint><con:request><![CDATA[<soapenv:Envelope xmlns:soapenv="http://schemas.xmlsoap.org/soap/envelope/" xmlns:ns="http://requester.mturk.amazonaws.com/doc/2012-03-25">
   <soapenv:Header/>
   <soapenv:Body>
      <ns:UnblockWorker>
         <ns:AWSAccessKeyId>?</ns:AWSAccessKeyId>
         <ns:Timestamp>?</ns:Timestamp>
         <ns:Signature>?</ns:Signature>
         <!--Optional:-->
         <ns:Validate>?</ns:Validate>
         <!--Optional:-->
         <ns:Credential>?</ns:Credential>
         <!--1 or more repetitions:-->
         <ns:Request>
            <ns:WorkerId>?</ns:WorkerId>
            <!--Optional:-->
            <ns:Reason>?</ns:Reason>
            <!--Zero or more repetitions:-->
            <ns:ResponseGroup>?</ns:ResponseGroup>
         </ns:Request>
      </ns:UnblockWorker>
   </soapenv:Body>
</soapenv:Envelope>]]></con:request><con:wsaConfig mustUnderstand="NONE" version="200508" action="http://soap.amazon.com"/></con:call></con:operation><con:operation isOneWay="false" action="http://soap.amazon.com" name="UpdateQualificationScore" bindingOperationName="UpdateQualificationScore" type="Request-Response" outputName="UpdateQualificationScoreResponse" inputName="UpdateQualificationScore" receivesAttachments="false" sendsAttachments="false" anonymous="optional"><con:settings/><con:call name="Request 1"><con:settings/><con:encoding>UTF-8</con:encoding><con:endpoint>http://localhost:8080/test_aws/services/AWSMechanicalTurkRequesterPortType</con:endpoint><con:request><![CDATA[<soapenv:Envelope xmlns:soapenv="http://schemas.xmlsoap.org/soap/envelope/" xmlns:ns="http://requester.mturk.amazonaws.com/doc/2012-03-25">
   <soapenv:Header/>
   <soapenv:Body>
      <ns:UpdateQualificationScore>
         <ns:AWSAccessKeyId>?</ns:AWSAccessKeyId>
         <ns:Timestamp>?</ns:Timestamp>
         <ns:Signature>?</ns:Signature>
         <!--Optional:-->
         <ns:Validate>?</ns:Validate>
         <!--Optional:-->
         <ns:Credential>?</ns:Credential>
         <!--Zero or more repetitions:-->
         <ns:Request>
            <ns:QualificationTypeId>?</ns:QualificationTypeId>
            <ns:SubjectId>?</ns:SubjectId>
            <!--Optional:-->
            <ns:IntegerValue>?</ns:IntegerValue>
            <!--Zero or more repetitions:-->
            <ns:ResponseGroup>?</ns:ResponseGroup>
         </ns:Request>
      </ns:UpdateQualificationScore>
   </soapenv:Body>
</soapenv:Envelope>]]></con:request><con:wsaConfig mustUnderstand="NONE" version="200508" action="http://soap.amazon.com"/></con:call></con:operation><con:operation isOneWay="false" action="http://soap.amazon.com" name="UpdateQualificationType" bindingOperationName="UpdateQualificationType" type="Request-Response" outputName="UpdateQualificationTypeResponse" inputName="UpdateQualificationType" receivesAttachments="false" sendsAttachments="false" anonymous="optional"><con:settings/><con:call name="Request 1"><con:settings/><con:encoding>UTF-8</con:encoding><con:endpoint>http://localhost:8080/test_aws/services/AWSMechanicalTurkRequesterPortType</con:endpoint><con:request><![CDATA[<soapenv:Envelope xmlns:soapenv="http://schemas.xmlsoap.org/soap/envelope/" xmlns:ns="http://requester.mturk.amazonaws.com/doc/2012-03-25">
   <soapenv:Header/>
   <soapenv:Body>
      <ns:UpdateQualificationType>
         <ns:AWSAccessKeyId>?</ns:AWSAccessKeyId>
         <ns:Timestamp>?</ns:Timestamp>
         <ns:Signature>?</ns:Signature>
         <!--Optional:-->
         <ns:Validate>?</ns:Validate>
         <!--Optional:-->
         <ns:Credential>?</ns:Credential>
         <!--Zero or more repetitions:-->
         <ns:Request>
            <ns:QualificationTypeId>?</ns:QualificationTypeId>
            <!--Optional:-->
            <ns:Description>?</ns:Description>
            <!--Optional:-->
            <ns:QualificationTypeStatus>?</ns:QualificationTypeStatus>
            <!--Optional:-->
            <ns:Test>?</ns:Test>
            <!--Optional:-->
            <ns:AnswerKey>?</ns:AnswerKey>
            <!--Optional:-->
            <ns:TestDurationInSeconds>?</ns:TestDurationInSeconds>
            <!--Optional:-->
            <ns:RetryDelayInSeconds>?</ns:RetryDelayInSeconds>
            <!--Optional:-->
            <ns:AutoGranted>?</ns:AutoGranted>
            <!--Optional:-->
            <ns:AutoGrantedValue>?</ns:AutoGrantedValue>
            <!--Zero or more repetitions:-->
            <ns:ResponseGroup>?</ns:ResponseGroup>
         </ns:Request>
      </ns:UpdateQualificationType>
   </soapenv:Body>
</soapenv:Envelope>]]></con:request><con:wsaConfig mustUnderstand="NONE" version="200508" action="http://soap.amazon.com"/></con:call></con:operation></con:interface><con:properties/><con:wssContainer/><con:oAuth2ProfileContainer/><con:sensitiveInformation/></con:soapui-project>